[0.863s] Invoking command in '/home/legacy/youtube_robot/src/modelo_robot': PYTHONPATH=/home/legacy/youtube_robot/install/modelo_robot/lib/python3.8/site-packages:${PYTHONPATH} /usr/bin/python3 setup.py egg_info --egg-base ../../build/modelo_robot build --build-base /home/legacy/youtube_robot/build/modelo_robot/build install --prefix /home/legacy/youtube_robot/install/modelo_robot --record /home/legacy/youtube_robot/build/modelo_robot/install.log --single-version-externally-managed
[1.171s] running egg_info
[1.171s] creating ../../build/modelo_robot/modelo_robot.egg-info
[1.171s] writing ../../build/modelo_robot/modelo_robot.egg-info/PKG-INFO
[1.171s] writing dependency_links to ../../build/modelo_robot/modelo_robot.egg-info/dependency_links.txt
[1.172s] writing entry points to ../../build/modelo_robot/modelo_robot.egg-info/entry_points.txt
[1.172s] writing requirements to ../../build/modelo_robot/modelo_robot.egg-info/requires.txt
[1.172s] writing top-level names to ../../build/modelo_robot/modelo_robot.egg-info/top_level.txt
[1.173s] writing manifest file '../../build/modelo_robot/modelo_robot.egg-info/SOURCES.txt'
[1.211s] reading manifest file '../../build/modelo_robot/modelo_robot.egg-info/SOURCES.txt'
[1.212s] writing manifest file '../../build/modelo_robot/modelo_robot.egg-info/SOURCES.txt'
[1.212s] running build
[1.212s] running build_py
[1.212s] creating /home/legacy/youtube_robot/build/modelo_robot/build
[1.213s] creating /home/legacy/youtube_robot/build/modelo_robot/build/lib
[1.213s] creating /home/legacy/youtube_robot/build/modelo_robot/build/lib/modelo_robot
[1.213s] copying modelo_robot/__init__.py -> /home/legacy/youtube_robot/build/modelo_robot/build/lib/modelo_robot
[1.213s] running install
[1.213s] running install_lib
[1.215s] creating /home/legacy/youtube_robot/install/modelo_robot/lib/python3.8/site-packages/modelo_robot
[1.215s] copying /home/legacy/youtube_robot/build/modelo_robot/build/lib/modelo_robot/__init__.py -> /home/legacy/youtube_robot/install/modelo_robot/lib/python3.8/site-packages/modelo_robot
[1.215s] byte-compiling /home/legacy/youtube_robot/install/modelo_robot/lib/python3.8/site-packages/modelo_robot/__init__.py to __init__.cpython-38.pyc
[1.217s] running install_data
[1.218s] creating /home/legacy/youtube_robot/install/modelo_robot/share/ament_index
[1.218s] creating /home/legacy/youtube_robot/install/modelo_robot/share/ament_index/resource_index
[1.218s] creating /home/legacy/youtube_robot/install/modelo_robot/share/ament_index/resource_index/packages
[1.218s] copying resource/modelo_robot -> /home/legacy/youtube_robot/install/modelo_robot/share/ament_index/resource_index/packages
[1.218s] copying package.xml -> /home/legacy/youtube_robot/install/modelo_robot/share/modelo_robot
[1.219s] creating /home/legacy/youtube_robot/install/modelo_robot/share/modelo_robot/urdf
[1.219s] copying urdf/Seguidor_linea_robot.urdf -> /home/legacy/youtube_robot/install/modelo_robot/share/modelo_robot/urdf
[1.219s] creating /home/legacy/youtube_robot/install/modelo_robot/share/modelo_robot/launch
[1.219s] copying launch/display.launch.py -> /home/legacy/youtube_robot/install/modelo_robot/share/modelo_robot/launch
[1.219s] creating /home/legacy/youtube_robot/install/modelo_robot/share/modelo_robot/meshes
[1.219s] copying meshes/Rueda_derecha_link.STL -> /home/legacy/youtube_robot/install/modelo_robot/share/modelo_robot/meshes
[1.220s] copying meshes/Rueda_castor_link.STL -> /home/legacy/youtube_robot/install/modelo_robot/share/modelo_robot/meshes
[1.220s] copying meshes/Rueda_izquierda_link.STL -> /home/legacy/youtube_robot/install/modelo_robot/share/modelo_robot/meshes
[1.221s] copying meshes/base_link.STL -> /home/legacy/youtube_robot/install/modelo_robot/share/modelo_robot/meshes
[1.223s] copying meshes/Base_castor_link.STL -> /home/legacy/youtube_robot/install/modelo_robot/share/modelo_robot/meshes
[1.223s] creating /home/legacy/youtube_robot/install/modelo_robot/share/modelo_robot/worlds
[1.224s] copying worlds/world.world -> /home/legacy/youtube_robot/install/modelo_robot/share/modelo_robot/worlds
[1.224s] running install_egg_info
[1.225s] Copying ../../build/modelo_robot/modelo_robot.egg-info to /home/legacy/youtube_robot/install/modelo_robot/lib/python3.8/site-packages/modelo_robot-0.0.0-py3.8.egg-info
[1.226s] running install_scripts
[1.245s] writing list of installed files to '/home/legacy/youtube_robot/build/modelo_robot/install.log'
[1.268s] Invoked command in '/home/legacy/youtube_robot/src/modelo_robot' returned '0': PYTHONPATH=/home/legacy/youtube_robot/install/modelo_robot/lib/python3.8/site-packages:${PYTHONPATH} /usr/bin/python3 setup.py egg_info --egg-base ../../build/modelo_robot build --build-base /home/legacy/youtube_robot/build/modelo_robot/build install --prefix /home/legacy/youtube_robot/install/modelo_robot --record /home/legacy/youtube_robot/build/modelo_robot/install.log --single-version-externally-managed
