[0.779s] Invoking command in '/home/legacy/youtube_robot/src/modelo_robot': PYTHONPATH=/home/legacy/youtube_robot/install/modelo_robot/lib/python3.8/site-packages:${PYTHONPATH} /usr/bin/python3 setup.py egg_info --egg-base ../../build/modelo_robot build --build-base /home/legacy/youtube_robot/build/modelo_robot/build install --prefix /home/legacy/youtube_robot/install/modelo_robot --record /home/legacy/youtube_robot/build/modelo_robot/install.log --single-version-externally-managed
[1.086s] running egg_info
[1.087s] writing ../../build/modelo_robot/modelo_robot.egg-info/PKG-INFO
[1.087s] writing dependency_links to ../../build/modelo_robot/modelo_robot.egg-info/dependency_links.txt
[1.087s] writing entry points to ../../build/modelo_robot/modelo_robot.egg-info/entry_points.txt
[1.087s] writing requirements to ../../build/modelo_robot/modelo_robot.egg-info/requires.txt
[1.088s] writing top-level names to ../../build/modelo_robot/modelo_robot.egg-info/top_level.txt
[1.129s] reading manifest file '../../build/modelo_robot/modelo_robot.egg-info/SOURCES.txt'
[1.130s] writing manifest file '../../build/modelo_robot/modelo_robot.egg-info/SOURCES.txt'
[1.131s] running build
[1.131s] running build_py
[1.131s] running install
[1.131s] running install_lib
[1.133s] running install_data
[1.133s] copying urdf/Seguidor_linea_robot.urdf -> /home/legacy/youtube_robot/install/modelo_robot/share/modelo_robot/urdf
[1.133s] running install_egg_info
[1.135s] removing '/home/legacy/youtube_robot/install/modelo_robot/lib/python3.8/site-packages/modelo_robot-0.0.0-py3.8.egg-info' (and everything under it)
[1.135s] Copying ../../build/modelo_robot/modelo_robot.egg-info to /home/legacy/youtube_robot/install/modelo_robot/lib/python3.8/site-packages/modelo_robot-0.0.0-py3.8.egg-info
[1.136s] running install_scripts
[1.152s] writing list of installed files to '/home/legacy/youtube_robot/build/modelo_robot/install.log'
[1.169s] Invoked command in '/home/legacy/youtube_robot/src/modelo_robot' returned '0': PYTHONPATH=/home/legacy/youtube_robot/install/modelo_robot/lib/python3.8/site-packages:${PYTHONPATH} /usr/bin/python3 setup.py egg_info --egg-base ../../build/modelo_robot build --build-base /home/legacy/youtube_robot/build/modelo_robot/build install --prefix /home/legacy/youtube_robot/install/modelo_robot --record /home/legacy/youtube_robot/build/modelo_robot/install.log --single-version-externally-managed
