[2.589s] Invoking command in '/home/legacy/youtube_robot/src/publicador_python': AMENT_PREFIX_PATH=/home/legacy/youtube_robot/install/modelo_robot:${AMENT_PREFIX_PATH} PYTHONPATH=/home/legacy/youtube_robot/install/publicador_python/lib/python3.8/site-packages:/home/legacy/youtube_robot/install/modelo_robot/lib/python3.8/site-packages:${PYTHONPATH} /usr/bin/python3 setup.py egg_info --egg-base ../../build/publicador_python build --build-base /home/legacy/youtube_robot/build/publicador_python/build install --prefix /home/legacy/youtube_robot/install/publicador_python --record /home/legacy/youtube_robot/build/publicador_python/install.log --single-version-externally-managed
[2.989s] /home/legacy/.local/lib/python3.8/site-packages/setuptools/dist.py:772: UserWarning: Usage of dash-separated 'script-dir' will not be supported in future versions. Please use the underscore name 'script_dir' instead
[2.989s]   warnings.warn(
[2.989s] /home/legacy/.local/lib/python3.8/site-packages/setuptools/dist.py:772: UserWarning: Usage of dash-separated 'install-scripts' will not be supported in future versions. Please use the underscore name 'install_scripts' instead
[2.989s]   warnings.warn(
[3.882s] running egg_info
[3.971s] writing ../../build/publicador_python/publicador_python.egg-info/PKG-INFO
[4.037s] writing dependency_links to ../../build/publicador_python/publicador_python.egg-info/dependency_links.txt
[4.234s] writing entry points to ../../build/publicador_python/publicador_python.egg-info/entry_points.txt
[4.365s] writing requirements to ../../build/publicador_python/publicador_python.egg-info/requires.txt
[4.434s] writing top-level names to ../../build/publicador_python/publicador_python.egg-info/top_level.txt
[4.549s] reading manifest file '../../build/publicador_python/publicador_python.egg-info/SOURCES.txt'
[4.549s] writing manifest file '../../build/publicador_python/publicador_python.egg-info/SOURCES.txt'
[4.550s] running build
[4.550s] running build_py
[4.550s] running install
[4.550s] /home/legacy/.local/lib/python3.8/site-packages/setuptools/command/install.py:34: SetuptoolsDeprecationWarning: setup.py install is deprecated. Use build and pip and other standards-based tools.
[4.550s]   warnings.warn(
[4.556s] running install_lib
[4.649s] running install_data
[4.672s] running install_egg_info
[4.759s] removing '/home/legacy/youtube_robot/install/publicador_python/lib/python3.8/site-packages/publicador_python-0.0.0-py3.8.egg-info' (and everything under it)
[4.759s] Copying ../../build/publicador_python/publicador_python.egg-info to /home/legacy/youtube_robot/install/publicador_python/lib/python3.8/site-packages/publicador_python-0.0.0-py3.8.egg-info
[4.760s] running install_scripts
[4.922s] Installing publicador_cmd script to /home/legacy/youtube_robot/install/publicador_python/lib/publicador_python
[4.922s] Installing subscriber_odom script to /home/legacy/youtube_robot/install/publicador_python/lib/publicador_python
[4.922s] writing list of installed files to '/home/legacy/youtube_robot/build/publicador_python/install.log'
[4.970s] Invoked command in '/home/legacy/youtube_robot/src/publicador_python' returned '0': AMENT_PREFIX_PATH=/home/legacy/youtube_robot/install/modelo_robot:${AMENT_PREFIX_PATH} PYTHONPATH=/home/legacy/youtube_robot/install/publicador_python/lib/python3.8/site-packages:/home/legacy/youtube_robot/install/modelo_robot/lib/python3.8/site-packages:${PYTHONPATH} /usr/bin/python3 setup.py egg_info --egg-base ../../build/publicador_python build --build-base /home/legacy/youtube_robot/build/publicador_python/build install --prefix /home/legacy/youtube_robot/install/publicador_python --record /home/legacy/youtube_robot/build/publicador_python/install.log --single-version-externally-managed
