[0.647s] Invoking command in '/home/legacy/youtube_robot/src/modelo_robot': PYTHONPATH=/home/legacy/youtube_robot/install/modelo_robot/lib/python3.8/site-packages:${PYTHONPATH} /usr/bin/python3 setup.py egg_info --egg-base ../../build/modelo_robot build --build-base /home/legacy/youtube_robot/build/modelo_robot/build install --prefix /home/legacy/youtube_robot/install/modelo_robot --record /home/legacy/youtube_robot/build/modelo_robot/install.log --single-version-externally-managed
[0.763s] running egg_info
[0.763s] writing ../../build/modelo_robot/modelo_robot.egg-info/PKG-INFO
[0.763s] writing dependency_links to ../../build/modelo_robot/modelo_robot.egg-info/dependency_links.txt
[0.763s] writing entry points to ../../build/modelo_robot/modelo_robot.egg-info/entry_points.txt
[0.764s] writing requirements to ../../build/modelo_robot/modelo_robot.egg-info/requires.txt
[0.764s] writing top-level names to ../../build/modelo_robot/modelo_robot.egg-info/top_level.txt
[0.792s] reading manifest file '../../build/modelo_robot/modelo_robot.egg-info/SOURCES.txt'
[0.793s] writing manifest file '../../build/modelo_robot/modelo_robot.egg-info/SOURCES.txt'
[0.793s] running build
[0.793s] running build_py
[0.793s] running install
[0.794s] running install_lib
[0.795s] running install_data
[0.795s] copying urdf/my_sdf.sdf -> /home/legacy/youtube_robot/install/modelo_robot/share/modelo_robot/urdf
[0.795s] copying launch/addison.launch.py -> /home/legacy/youtube_robot/install/modelo_robot/share/modelo_robot/launch
[0.795s] running install_egg_info
[0.796s] removing '/home/legacy/youtube_robot/install/modelo_robot/lib/python3.8/site-packages/modelo_robot-0.0.0-py3.8.egg-info' (and everything under it)
[0.797s] Copying ../../build/modelo_robot/modelo_robot.egg-info to /home/legacy/youtube_robot/install/modelo_robot/lib/python3.8/site-packages/modelo_robot-0.0.0-py3.8.egg-info
[0.797s] running install_scripts
[0.811s] writing list of installed files to '/home/legacy/youtube_robot/build/modelo_robot/install.log'
[0.826s] Invoked command in '/home/legacy/youtube_robot/src/modelo_robot' returned '0': PYTHONPATH=/home/legacy/youtube_robot/install/modelo_robot/lib/python3.8/site-packages:${PYTHONPATH} /usr/bin/python3 setup.py egg_info --egg-base ../../build/modelo_robot build --build-base /home/legacy/youtube_robot/build/modelo_robot/build install --prefix /home/legacy/youtube_robot/install/modelo_robot --record /home/legacy/youtube_robot/build/modelo_robot/install.log --single-version-externally-managed
