/home/legacy/youtube_robot/install/modelo_robot/lib/python3.8/site-packages/modelo_robot/__init__.py
/home/legacy/youtube_robot/install/modelo_robot/lib/python3.8/site-packages/modelo_robot/__pycache__/__init__.cpython-38.pyc
/home/legacy/youtube_robot/install/modelo_robot/share/ament_index/resource_index/packages/modelo_robot
/home/legacy/youtube_robot/install/modelo_robot/share/modelo_robot/package.xml
/home/legacy/youtube_robot/install/modelo_robot/share/modelo_robot/urdf/Seguidor_linea_robot.urdf
/home/legacy/youtube_robot/install/modelo_robot/share/modelo_robot/urdf/Seguidor_linea_robot_funcionando.urdf
/home/legacy/youtube_robot/install/modelo_robot/share/modelo_robot/urdf/my_sdf.sdf
/home/legacy/youtube_robot/install/modelo_robot/share/modelo_robot/launch/spawn.launch.py
/home/legacy/youtube_robot/install/modelo_robot/share/modelo_robot/launch/gazebo.launch.py
/home/legacy/youtube_robot/install/modelo_robot/share/modelo_robot/launch/display.launch.py
/home/legacy/youtube_robot/install/modelo_robot/share/modelo_robot/meshes/Rueda_derecha_link.STL
/home/legacy/youtube_robot/install/modelo_robot/share/modelo_robot/meshes/Rueda_castor_link.STL
/home/legacy/youtube_robot/install/modelo_robot/share/modelo_robot/meshes/Rueda_izquierda_link.STL
/home/legacy/youtube_robot/install/modelo_robot/share/modelo_robot/meshes/base_link.STL
/home/legacy/youtube_robot/install/modelo_robot/share/modelo_robot/meshes/Base_castor_link.STL
/home/legacy/youtube_robot/install/modelo_robot/share/modelo_robot/worlds/world.world
/home/legacy/youtube_robot/install/modelo_robot/lib/python3.8/site-packages/modelo_robot-0.0.0-py3.8.egg-info/PKG-INFO
/home/legacy/youtube_robot/install/modelo_robot/lib/python3.8/site-packages/modelo_robot-0.0.0-py3.8.egg-info/top_level.txt
/home/legacy/youtube_robot/install/modelo_robot/lib/python3.8/site-packages/modelo_robot-0.0.0-py3.8.egg-info/zip-safe
/home/legacy/youtube_robot/install/modelo_robot/lib/python3.8/site-packages/modelo_robot-0.0.0-py3.8.egg-info/entry_points.txt
/home/legacy/youtube_robot/install/modelo_robot/lib/python3.8/site-packages/modelo_robot-0.0.0-py3.8.egg-info/SOURCES.txt
/home/legacy/youtube_robot/install/modelo_robot/lib/python3.8/site-packages/modelo_robot-0.0.0-py3.8.egg-info/dependency_links.txt
/home/legacy/youtube_robot/install/modelo_robot/lib/python3.8/site-packages/modelo_robot-0.0.0-py3.8.egg-info/requires.txt
