[0.763s] Invoking command in '/home/legacy/youtube_robot/build/pub_sub_cpp': CMAKE_PREFIX_PATH=/opt/ros/foxy /usr/bin/cmake --build /home/legacy/youtube_robot/build/pub_sub_cpp -- -j8 -l8
[0.829s] [100%] Built target publicador_movimiento
[0.840s] Invoked command in '/home/legacy/youtube_robot/build/pub_sub_cpp' returned '0': CMAKE_PREFIX_PATH=/opt/ros/foxy /usr/bin/cmake --build /home/legacy/youtube_robot/build/pub_sub_cpp -- -j8 -l8
[0.874s] Invoking command in '/home/legacy/youtube_robot/build/pub_sub_cpp': CMAKE_PREFIX_PATH=/opt/ros/foxy /usr/bin/cmake --install /home/legacy/youtube_robot/build/pub_sub_cpp
[0.885s] -- Install configuration: ""
[0.885s] -- Up-to-date: /home/legacy/youtube_robot/install/pub_sub_cpp/lib/pub_sub_cpp/publicador_movimiento
[0.885s] -- Up-to-date: /home/legacy/youtube_robot/install/pub_sub_cpp/share/ament_index/resource_index/package_run_dependencies/pub_sub_cpp
[0.886s] -- Up-to-date: /home/legacy/youtube_robot/install/pub_sub_cpp/share/ament_index/resource_index/parent_prefix_path/pub_sub_cpp
[0.886s] -- Up-to-date: /home/legacy/youtube_robot/install/pub_sub_cpp/share/pub_sub_cpp/environment/ament_prefix_path.sh
[0.886s] -- Up-to-date: /home/legacy/youtube_robot/install/pub_sub_cpp/share/pub_sub_cpp/environment/ament_prefix_path.dsv
[0.886s] -- Up-to-date: /home/legacy/youtube_robot/install/pub_sub_cpp/share/pub_sub_cpp/environment/path.sh
[0.886s] -- Up-to-date: /home/legacy/youtube_robot/install/pub_sub_cpp/share/pub_sub_cpp/environment/path.dsv
[0.886s] -- Up-to-date: /home/legacy/youtube_robot/install/pub_sub_cpp/share/pub_sub_cpp/local_setup.bash
[0.887s] -- Up-to-date: /home/legacy/youtube_robot/install/pub_sub_cpp/share/pub_sub_cpp/local_setup.sh
[0.887s] -- Up-to-date: /home/legacy/youtube_robot/install/pub_sub_cpp/share/pub_sub_cpp/local_setup.zsh
[0.887s] -- Up-to-date: /home/legacy/youtube_robot/install/pub_sub_cpp/share/pub_sub_cpp/local_setup.dsv
[0.887s] -- Installing: /home/legacy/youtube_robot/install/pub_sub_cpp/share/pub_sub_cpp/package.dsv
[0.888s] -- Up-to-date: /home/legacy/youtube_robot/install/pub_sub_cpp/share/ament_index/resource_index/packages/pub_sub_cpp
[0.890s] -- Up-to-date: /home/legacy/youtube_robot/install/pub_sub_cpp/share/pub_sub_cpp/cmake/pub_sub_cppConfig.cmake
[0.891s] -- Up-to-date: /home/legacy/youtube_robot/install/pub_sub_cpp/share/pub_sub_cpp/cmake/pub_sub_cppConfig-version.cmake
[0.891s] -- Up-to-date: /home/legacy/youtube_robot/install/pub_sub_cpp/share/pub_sub_cpp/package.xml
[0.893s] Invoked command in '/home/legacy/youtube_robot/build/pub_sub_cpp' returned '0': CMAKE_PREFIX_PATH=/opt/ros/foxy /usr/bin/cmake --install /home/legacy/youtube_robot/build/pub_sub_cpp
