[2.799s] Invoking command in '/home/legacy/youtube_robot/src/modelo_robot': PYTHONPATH=/home/legacy/youtube_robot/install/modelo_robot/lib/python3.8/site-packages:${PYTHONPATH} /usr/bin/python3 setup.py egg_info --egg-base ../../build/modelo_robot build --build-base /home/legacy/youtube_robot/build/modelo_robot/build install --prefix /home/legacy/youtube_robot/install/modelo_robot --record /home/legacy/youtube_robot/build/modelo_robot/install.log --single-version-externally-managed
[3.216s] /home/legacy/.local/lib/python3.8/site-packages/setuptools/dist.py:772: UserWarning: Usage of dash-separated 'script-dir' will not be supported in future versions. Please use the underscore name 'script_dir' instead
[3.216s]   warnings.warn(
[3.216s] /home/legacy/.local/lib/python3.8/site-packages/setuptools/dist.py:772: UserWarning: Usage of dash-separated 'install-scripts' will not be supported in future versions. Please use the underscore name 'install_scripts' instead
[3.216s]   warnings.warn(
[4.107s] running egg_info
[4.202s] writing ../../build/modelo_robot/modelo_robot.egg-info/PKG-INFO
[4.269s] writing dependency_links to ../../build/modelo_robot/modelo_robot.egg-info/dependency_links.txt
[4.591s] writing requirements to ../../build/modelo_robot/modelo_robot.egg-info/requires.txt
[4.654s] writing top-level names to ../../build/modelo_robot/modelo_robot.egg-info/top_level.txt
[4.759s] reading manifest file '../../build/modelo_robot/modelo_robot.egg-info/SOURCES.txt'
[4.760s] writing manifest file '../../build/modelo_robot/modelo_robot.egg-info/SOURCES.txt'
[4.760s] running build
[4.760s] running build_py
[4.761s] running install
[4.761s] /home/legacy/.local/lib/python3.8/site-packages/setuptools/command/install.py:34: SetuptoolsDeprecationWarning: setup.py install is deprecated. Use build and pip and other standards-based tools.
[4.761s]   warnings.warn(
[4.767s] running install_lib
[4.861s] running install_data
[4.878s] running install_egg_info
[4.973s] removing '/home/legacy/youtube_robot/install/modelo_robot/lib/python3.8/site-packages/modelo_robot-0.0.0-py3.8.egg-info' (and everything under it)
[4.973s] Copying ../../build/modelo_robot/modelo_robot.egg-info to /home/legacy/youtube_robot/install/modelo_robot/lib/python3.8/site-packages/modelo_robot-0.0.0-py3.8.egg-info
[4.974s] running install_scripts
[5.161s] writing list of installed files to '/home/legacy/youtube_robot/build/modelo_robot/install.log'
[5.220s] Invoked command in '/home/legacy/youtube_robot/src/modelo_robot' returned '0': PYTHONPATH=/home/legacy/youtube_robot/install/modelo_robot/lib/python3.8/site-packages:${PYTHONPATH} /usr/bin/python3 setup.py egg_info --egg-base ../../build/modelo_robot build --build-base /home/legacy/youtube_robot/build/modelo_robot/build install --prefix /home/legacy/youtube_robot/install/modelo_robot --record /home/legacy/youtube_robot/build/modelo_robot/install.log --single-version-externally-managed
