[2.515s] Invoking command in '/home/legacy/youtube_robot/src/modelo_robot': PYTHONPATH=/home/legacy/youtube_robot/install/modelo_robot/lib/python3.8/site-packages:${PYTHONPATH} /usr/bin/python3 setup.py egg_info --egg-base ../../build/modelo_robot build --build-base /home/legacy/youtube_robot/build/modelo_robot/build install --prefix /home/legacy/youtube_robot/install/modelo_robot --record /home/legacy/youtube_robot/build/modelo_robot/install.log --single-version-externally-managed
[2.875s] /home/legacy/.local/lib/python3.8/site-packages/setuptools/dist.py:772: UserWarning: Usage of dash-separated 'script-dir' will not be supported in future versions. Please use the underscore name 'script_dir' instead
[2.876s]   warnings.warn(
[2.876s] /home/legacy/.local/lib/python3.8/site-packages/setuptools/dist.py:772: UserWarning: Usage of dash-separated 'install-scripts' will not be supported in future versions. Please use the underscore name 'install_scripts' instead
[2.876s]   warnings.warn(
[3.736s] running egg_info
[3.817s] writing ../../build/modelo_robot/modelo_robot.egg-info/PKG-INFO
[3.878s] writing dependency_links to ../../build/modelo_robot/modelo_robot.egg-info/dependency_links.txt
[4.202s] writing requirements to ../../build/modelo_robot/modelo_robot.egg-info/requires.txt
[4.264s] writing top-level names to ../../build/modelo_robot/modelo_robot.egg-info/top_level.txt
[4.379s] reading manifest file '../../build/modelo_robot/modelo_robot.egg-info/SOURCES.txt'
[4.380s] writing manifest file '../../build/modelo_robot/modelo_robot.egg-info/SOURCES.txt'
[4.380s] running build
[4.381s] running build_py
[4.381s] running install
[4.381s] /home/legacy/.local/lib/python3.8/site-packages/setuptools/command/install.py:34: SetuptoolsDeprecationWarning: setup.py install is deprecated. Use build and pip and other standards-based tools.
[4.381s]   warnings.warn(
[4.387s] running install_lib
[4.495s] running install_data
[4.512s] running install_egg_info
[4.606s] removing '/home/legacy/youtube_robot/install/modelo_robot/lib/python3.8/site-packages/modelo_robot-0.0.0-py3.8.egg-info' (and everything under it)
[4.606s] Copying ../../build/modelo_robot/modelo_robot.egg-info to /home/legacy/youtube_robot/install/modelo_robot/lib/python3.8/site-packages/modelo_robot-0.0.0-py3.8.egg-info
[4.607s] running install_scripts
[4.775s] writing list of installed files to '/home/legacy/youtube_robot/build/modelo_robot/install.log'
[4.826s] Invoked command in '/home/legacy/youtube_robot/src/modelo_robot' returned '0': PYTHONPATH=/home/legacy/youtube_robot/install/modelo_robot/lib/python3.8/site-packages:${PYTHONPATH} /usr/bin/python3 setup.py egg_info --egg-base ../../build/modelo_robot build --build-base /home/legacy/youtube_robot/build/modelo_robot/build install --prefix /home/legacy/youtube_robot/install/modelo_robot --record /home/legacy/youtube_robot/build/modelo_robot/install.log --single-version-externally-managed
