[2.787s] Invoking command in '/home/legacy/youtube_robot/src/modelo_robot': PYTHONPATH=/home/legacy/youtube_robot/install/modelo_robot/lib/python3.8/site-packages:${PYTHONPATH} /usr/bin/python3 setup.py egg_info --egg-base ../../build/modelo_robot build --build-base /home/legacy/youtube_robot/build/modelo_robot/build install --prefix /home/legacy/youtube_robot/install/modelo_robot --record /home/legacy/youtube_robot/build/modelo_robot/install.log --single-version-externally-managed
[3.170s] /home/legacy/.local/lib/python3.8/site-packages/setuptools/dist.py:772: UserWarning: Usage of dash-separated 'script-dir' will not be supported in future versions. Please use the underscore name 'script_dir' instead
[3.170s]   warnings.warn(
[3.170s] /home/legacy/.local/lib/python3.8/site-packages/setuptools/dist.py:772: UserWarning: Usage of dash-separated 'install-scripts' will not be supported in future versions. Please use the underscore name 'install_scripts' instead
[3.171s]   warnings.warn(
[4.036s] running egg_info
[4.118s] writing ../../build/modelo_robot/modelo_robot.egg-info/PKG-INFO
[4.181s] writing dependency_links to ../../build/modelo_robot/modelo_robot.egg-info/dependency_links.txt
[4.507s] writing requirements to ../../build/modelo_robot/modelo_robot.egg-info/requires.txt
[4.574s] writing top-level names to ../../build/modelo_robot/modelo_robot.egg-info/top_level.txt
[4.676s] reading manifest file '../../build/modelo_robot/modelo_robot.egg-info/SOURCES.txt'
[4.677s] writing manifest file '../../build/modelo_robot/modelo_robot.egg-info/SOURCES.txt'
[4.677s] running build
[4.677s] running build_py
[4.678s] running install
[4.678s] /home/legacy/.local/lib/python3.8/site-packages/setuptools/command/install.py:34: SetuptoolsDeprecationWarning: setup.py install is deprecated. Use build and pip and other standards-based tools.
[4.678s]   warnings.warn(
[4.684s] running install_lib
[4.781s] running install_data
[4.800s] running install_egg_info
[4.884s] removing '/home/legacy/youtube_robot/install/modelo_robot/lib/python3.8/site-packages/modelo_robot-0.0.0-py3.8.egg-info' (and everything under it)
[4.885s] Copying ../../build/modelo_robot/modelo_robot.egg-info to /home/legacy/youtube_robot/install/modelo_robot/lib/python3.8/site-packages/modelo_robot-0.0.0-py3.8.egg-info
[4.885s] running install_scripts
[5.061s] writing list of installed files to '/home/legacy/youtube_robot/build/modelo_robot/install.log'
[5.119s] Invoked command in '/home/legacy/youtube_robot/src/modelo_robot' returned '0': PYTHONPATH=/home/legacy/youtube_robot/install/modelo_robot/lib/python3.8/site-packages:${PYTHONPATH} /usr/bin/python3 setup.py egg_info --egg-base ../../build/modelo_robot build --build-base /home/legacy/youtube_robot/build/modelo_robot/build install --prefix /home/legacy/youtube_robot/install/modelo_robot --record /home/legacy/youtube_robot/build/modelo_robot/install.log --single-version-externally-managed
