[0.804s] Invoking command in '/home/legacy/youtube_robot/src/modelo_robot': PYTHONPATH=/home/legacy/youtube_robot/install/modelo_robot/lib/python3.8/site-packages:${PYTHONPATH} /usr/bin/python3 setup.py egg_info --egg-base ../../build/modelo_robot build --build-base /home/legacy/youtube_robot/build/modelo_robot/build install --prefix /home/legacy/youtube_robot/install/modelo_robot --record /home/legacy/youtube_robot/build/modelo_robot/install.log --single-version-externally-managed
[1.081s] running egg_info
[1.081s] writing ../../build/modelo_robot/modelo_robot.egg-info/PKG-INFO
[1.081s] writing dependency_links to ../../build/modelo_robot/modelo_robot.egg-info/dependency_links.txt
[1.081s] writing entry points to ../../build/modelo_robot/modelo_robot.egg-info/entry_points.txt
[1.081s] writing requirements to ../../build/modelo_robot/modelo_robot.egg-info/requires.txt
[1.081s] writing top-level names to ../../build/modelo_robot/modelo_robot.egg-info/top_level.txt
[1.117s] reading manifest file '../../build/modelo_robot/modelo_robot.egg-info/SOURCES.txt'
[1.118s] writing manifest file '../../build/modelo_robot/modelo_robot.egg-info/SOURCES.txt'
[1.118s] running build
[1.118s] running build_py
[1.118s] running install
[1.119s] running install_lib
[1.121s] running install_data
[1.122s] copying urdf/Seguidor_linea_robot.urdf -> /home/legacy/youtube_robot/install/modelo_robot/share/modelo_robot/urdf
[1.122s] copying meshes/Rueda_derecha_link.stl -> /home/legacy/youtube_robot/install/modelo_robot/share/modelo_robot/meshes
[1.123s] copying meshes/base_link.stl -> /home/legacy/youtube_robot/install/modelo_robot/share/modelo_robot/meshes
[1.125s] copying meshes/Rueda_izquierda_link.stl -> /home/legacy/youtube_robot/install/modelo_robot/share/modelo_robot/meshes
[1.127s] copying meshes/Base_castor_link.stl -> /home/legacy/youtube_robot/install/modelo_robot/share/modelo_robot/meshes
[1.127s] copying meshes/Rueda_castor_link.stl -> /home/legacy/youtube_robot/install/modelo_robot/share/modelo_robot/meshes
[1.128s] running install_egg_info
[1.130s] removing '/home/legacy/youtube_robot/install/modelo_robot/lib/python3.8/site-packages/modelo_robot-0.0.0-py3.8.egg-info' (and everything under it)
[1.130s] Copying ../../build/modelo_robot/modelo_robot.egg-info to /home/legacy/youtube_robot/install/modelo_robot/lib/python3.8/site-packages/modelo_robot-0.0.0-py3.8.egg-info
[1.131s] running install_scripts
[1.149s] writing list of installed files to '/home/legacy/youtube_robot/build/modelo_robot/install.log'
[1.168s] Invoked command in '/home/legacy/youtube_robot/src/modelo_robot' returned '0': PYTHONPATH=/home/legacy/youtube_robot/install/modelo_robot/lib/python3.8/site-packages:${PYTHONPATH} /usr/bin/python3 setup.py egg_info --egg-base ../../build/modelo_robot build --build-base /home/legacy/youtube_robot/build/modelo_robot/build install --prefix /home/legacy/youtube_robot/install/modelo_robot --record /home/legacy/youtube_robot/build/modelo_robot/install.log --single-version-externally-managed
