-- Install configuration: ""
-- Up-to-date: /home/legacy/youtube_robot/install/mapper_pkg/share/mapper_pkg/launch
-- Up-to-date: /home/legacy/youtube_robot/install/mapper_pkg/share/mapper_pkg/launch/mapper.launch.py
-- Up-to-date: /home/legacy/youtube_robot/install/mapper_pkg/share/mapper_pkg/config
-- Up-to-date: /home/legacy/youtube_robot/install/mapper_pkg/share/mapper_pkg/config/slam_config.yaml
-- Up-to-date: /home/legacy/youtube_robot/install/mapper_pkg/share/ament_index/resource_index/package_run_dependencies/mapper_pkg
-- Up-to-date: /home/legacy/youtube_robot/install/mapper_pkg/share/ament_index/resource_index/parent_prefix_path/mapper_pkg
-- Up-to-date: /home/legacy/youtube_robot/install/mapper_pkg/share/mapper_pkg/environment/ament_prefix_path.sh
-- Up-to-date: /home/legacy/youtube_robot/install/mapper_pkg/share/mapper_pkg/environment/ament_prefix_path.dsv
-- Up-to-date: /home/legacy/youtube_robot/install/mapper_pkg/share/mapper_pkg/environment/path.sh
-- Up-to-date: /home/legacy/youtube_robot/install/mapper_pkg/share/mapper_pkg/environment/path.dsv
-- Up-to-date: /home/legacy/youtube_robot/install/mapper_pkg/share/mapper_pkg/local_setup.bash
-- Up-to-date: /home/legacy/youtube_robot/install/mapper_pkg/share/mapper_pkg/local_setup.sh
-- Up-to-date: /home/legacy/youtube_robot/install/mapper_pkg/share/mapper_pkg/local_setup.zsh
-- Up-to-date: /home/legacy/youtube_robot/install/mapper_pkg/share/mapper_pkg/local_setup.dsv
-- Up-to-date: /home/legacy/youtube_robot/install/mapper_pkg/share/mapper_pkg/package.dsv
-- Up-to-date: /home/legacy/youtube_robot/install/mapper_pkg/share/ament_index/resource_index/packages/mapper_pkg
-- Up-to-date: /home/legacy/youtube_robot/install/mapper_pkg/share/mapper_pkg/cmake/mapper_pkgConfig.cmake
-- Up-to-date: /home/legacy/youtube_robot/install/mapper_pkg/share/mapper_pkg/cmake/mapper_pkgConfig-version.cmake
-- Up-to-date: /home/legacy/youtube_robot/install/mapper_pkg/share/mapper_pkg/package.xml
