/home/legacy/.local/lib/python3.8/site-packages/setuptools/dist.py:772: UserWarning: Usage of dash-separated 'script-dir' will not be supported in future versions. Please use the underscore name 'script_dir' instead
  warnings.warn(
/home/legacy/.local/lib/python3.8/site-packages/setuptools/dist.py:772: UserWarning: Usage of dash-separated 'install-scripts' will not be supported in future versions. Please use the underscore name 'install_scripts' instead
  warnings.warn(
running egg_info
writing ../../build/modelo_robot/modelo_robot.egg-info/PKG-INFO
writing dependency_links to ../../build/modelo_robot/modelo_robot.egg-info/dependency_links.txt
writing requirements to ../../build/modelo_robot/modelo_robot.egg-info/requires.txt
writing top-level names to ../../build/modelo_robot/modelo_robot.egg-info/top_level.txt
reading manifest file '../../build/modelo_robot/modelo_robot.egg-info/SOURCES.txt'
writing manifest file '../../build/modelo_robot/modelo_robot.egg-info/SOURCES.txt'
running build
running build_py
running install
/home/legacy/.local/lib/python3.8/site-packages/setuptools/command/install.py:34: SetuptoolsDeprecationWarning: setup.py install is deprecated. Use build and pip and other standards-based tools.
  warnings.warn(
running install_lib
running install_data
copying launch/gazebo.launch.py -> /home/legacy/youtube_robot/install/modelo_robot/share/modelo_robot/launch
running install_egg_info
removing '/home/legacy/youtube_robot/install/modelo_robot/lib/python3.8/site-packages/modelo_robot-0.0.0-py3.8.egg-info' (and everything under it)
Copying ../../build/modelo_robot/modelo_robot.egg-info to /home/legacy/youtube_robot/install/modelo_robot/lib/python3.8/site-packages/modelo_robot-0.0.0-py3.8.egg-info
running install_scripts
writing list of installed files to '/home/legacy/youtube_robot/build/modelo_robot/install.log'
