[3.058s] Invoking command in '/home/legacy/youtube_robot/src/modelo_robot': PYTHONPATH=/home/legacy/youtube_robot/install/modelo_robot/lib/python3.8/site-packages:${PYTHONPATH} /usr/bin/python3 setup.py egg_info --egg-base ../../build/modelo_robot build --build-base /home/legacy/youtube_robot/build/modelo_robot/build install --prefix /home/legacy/youtube_robot/install/modelo_robot --record /home/legacy/youtube_robot/build/modelo_robot/install.log --single-version-externally-managed
[3.463s] /home/legacy/.local/lib/python3.8/site-packages/setuptools/dist.py:772: UserWarning: Usage of dash-separated 'script-dir' will not be supported in future versions. Please use the underscore name 'script_dir' instead
[3.463s]   warnings.warn(
[3.463s] /home/legacy/.local/lib/python3.8/site-packages/setuptools/dist.py:772: UserWarning: Usage of dash-separated 'install-scripts' will not be supported in future versions. Please use the underscore name 'install_scripts' instead
[3.463s]   warnings.warn(
[4.451s] running egg_info
[4.537s] writing ../../build/modelo_robot/modelo_robot.egg-info/PKG-INFO
[4.605s] writing dependency_links to ../../build/modelo_robot/modelo_robot.egg-info/dependency_links.txt
[4.978s] writing requirements to ../../build/modelo_robot/modelo_robot.egg-info/requires.txt
[5.044s] writing top-level names to ../../build/modelo_robot/modelo_robot.egg-info/top_level.txt
[5.150s] reading manifest file '../../build/modelo_robot/modelo_robot.egg-info/SOURCES.txt'
[5.151s] writing manifest file '../../build/modelo_robot/modelo_robot.egg-info/SOURCES.txt'
[5.151s] running build
[5.151s] running build_py
[5.151s] running install
[5.151s] /home/legacy/.local/lib/python3.8/site-packages/setuptools/command/install.py:34: SetuptoolsDeprecationWarning: setup.py install is deprecated. Use build and pip and other standards-based tools.
[5.151s]   warnings.warn(
[5.158s] running install_lib
[5.256s] running install_data
[5.275s] running install_egg_info
[5.358s] removing '/home/legacy/youtube_robot/install/modelo_robot/lib/python3.8/site-packages/modelo_robot-0.0.0-py3.8.egg-info' (and everything under it)
[5.358s] Copying ../../build/modelo_robot/modelo_robot.egg-info to /home/legacy/youtube_robot/install/modelo_robot/lib/python3.8/site-packages/modelo_robot-0.0.0-py3.8.egg-info
[5.359s] running install_scripts
[5.512s] writing list of installed files to '/home/legacy/youtube_robot/build/modelo_robot/install.log'
[5.570s] Invoked command in '/home/legacy/youtube_robot/src/modelo_robot' returned '0': PYTHONPATH=/home/legacy/youtube_robot/install/modelo_robot/lib/python3.8/site-packages:${PYTHONPATH} /usr/bin/python3 setup.py egg_info --egg-base ../../build/modelo_robot build --build-base /home/legacy/youtube_robot/build/modelo_robot/build install --prefix /home/legacy/youtube_robot/install/modelo_robot --record /home/legacy/youtube_robot/build/modelo_robot/install.log --single-version-externally-managed
