running egg_info
creating ../../build/publicador_python/publicador_python.egg-info
writing ../../build/publicador_python/publicador_python.egg-info/PKG-INFO
writing dependency_links to ../../build/publicador_python/publicador_python.egg-info/dependency_links.txt
writing entry points to ../../build/publicador_python/publicador_python.egg-info/entry_points.txt
writing requirements to ../../build/publicador_python/publicador_python.egg-info/requires.txt
writing top-level names to ../../build/publicador_python/publicador_python.egg-info/top_level.txt
writing manifest file '../../build/publicador_python/publicador_python.egg-info/SOURCES.txt'
reading manifest file '../../build/publicador_python/publicador_python.egg-info/SOURCES.txt'
writing manifest file '../../build/publicador_python/publicador_python.egg-info/SOURCES.txt'
running build
running build_py
creating /home/legacy/youtube_robot/build/publicador_python/build
creating /home/legacy/youtube_robot/build/publicador_python/build/lib
creating /home/legacy/youtube_robot/build/publicador_python/build/lib/publicador_python
copying publicador_python/__init__.py -> /home/legacy/youtube_robot/build/publicador_python/build/lib/publicador_python
copying publicador_python/subscriber_odom.py -> /home/legacy/youtube_robot/build/publicador_python/build/lib/publicador_python
copying publicador_python/publicador_cmd.py -> /home/legacy/youtube_robot/build/publicador_python/build/lib/publicador_python
running install
running install_lib
creating /home/legacy/youtube_robot/install/publicador_python/lib/python3.8/site-packages/publicador_python
copying /home/legacy/youtube_robot/build/publicador_python/build/lib/publicador_python/__init__.py -> /home/legacy/youtube_robot/install/publicador_python/lib/python3.8/site-packages/publicador_python
copying /home/legacy/youtube_robot/build/publicador_python/build/lib/publicador_python/subscriber_odom.py -> /home/legacy/youtube_robot/install/publicador_python/lib/python3.8/site-packages/publicador_python
copying /home/legacy/youtube_robot/build/publicador_python/build/lib/publicador_python/publicador_cmd.py -> /home/legacy/youtube_robot/install/publicador_python/lib/python3.8/site-packages/publicador_python
byte-compiling /home/legacy/youtube_robot/install/publicador_python/lib/python3.8/site-packages/publicador_python/__init__.py to __init__.cpython-38.pyc
byte-compiling /home/legacy/youtube_robot/install/publicador_python/lib/python3.8/site-packages/publicador_python/subscriber_odom.py to subscriber_odom.cpython-38.pyc
byte-compiling /home/legacy/youtube_robot/install/publicador_python/lib/python3.8/site-packages/publicador_python/publicador_cmd.py to publicador_cmd.cpython-38.pyc
running install_data
creating /home/legacy/youtube_robot/install/publicador_python/share/ament_index
creating /home/legacy/youtube_robot/install/publicador_python/share/ament_index/resource_index
creating /home/legacy/youtube_robot/install/publicador_python/share/ament_index/resource_index/packages
copying resource/publicador_python -> /home/legacy/youtube_robot/install/publicador_python/share/ament_index/resource_index/packages
copying package.xml -> /home/legacy/youtube_robot/install/publicador_python/share/publicador_python
running install_egg_info
Copying ../../build/publicador_python/publicador_python.egg-info to /home/legacy/youtube_robot/install/publicador_python/lib/python3.8/site-packages/publicador_python-0.0.0-py3.8.egg-info
running install_scripts
Installing publicador_cmd script to /home/legacy/youtube_robot/install/publicador_python/lib/publicador_python
Installing subscriber_odom script to /home/legacy/youtube_robot/install/publicador_python/lib/publicador_python
writing list of installed files to '/home/legacy/youtube_robot/build/publicador_python/install.log'
