[0.032s] Invoking command in '/home/legacy/youtube_robot/build/mapper_pkg': CMAKE_PREFIX_PATH=/opt/ros/foxy /usr/bin/cmake /home/legacy/youtube_robot/src/mapper_pkg -DCMAKE_INSTALL_PREFIX=/home/legacy/youtube_robot/install/mapper_pkg
[0.357s] -- The C compiler identification is GNU 9.4.0
[0.566s] -- The CXX compiler identification is GNU 9.4.0
[0.575s] -- Check for working C compiler: /usr/bin/cc
[0.654s] -- Check for working C compiler: /usr/bin/cc -- works
[0.656s] -- Detecting C compiler ABI info
[0.751s] -- Detecting C compiler ABI info - done
[0.769s] -- Detecting C compile features
[0.770s] -- Detecting C compile features - done
[0.774s] -- Check for working CXX compiler: /usr/bin/c++
[0.879s] -- Check for working CXX compiler: /usr/bin/c++ -- works
[0.880s] -- Detecting CXX compiler ABI info
[1.021s] -- Detecting CXX compiler ABI info - done
[1.057s] -- Detecting CXX compile features
[1.059s] -- Detecting CXX compile features - done
[1.070s] -- Found ament_cmake: 0.9.9 (/opt/ros/foxy/share/ament_cmake/cmake)
[1.119s] -- Found PythonInterp: /usr/bin/python3 (found suitable version "3.8.10", minimum required is "3") 
[1.120s] -- Using PYTHON_EXECUTABLE: /usr/bin/python3
[1.626s] -- Found ament_lint_auto: 0.9.6 (/opt/ros/foxy/share/ament_lint_auto/cmake)
[1.772s] -- Added test 'copyright' to check source files copyright and LICENSE
[1.775s] -- Added test 'flake8' to check Python code syntax and style conventions
[1.776s] -- Added test 'lint_cmake' to check CMake code style
[1.777s] -- Added test 'pep257' to check Python code against some of the style conventions in PEP 257
[1.779s] -- Added test 'xmllint' to check XML markup files
[1.781s] -- Configuring done
[1.784s] -- Generating done
[1.785s] -- Build files have been written to: /home/legacy/youtube_robot/build/mapper_pkg
[1.789s] Invoked command in '/home/legacy/youtube_robot/build/mapper_pkg' returned '0': CMAKE_PREFIX_PATH=/opt/ros/foxy /usr/bin/cmake /home/legacy/youtube_robot/src/mapper_pkg -DCMAKE_INSTALL_PREFIX=/home/legacy/youtube_robot/install/mapper_pkg
[1.791s] Invoking command in '/home/legacy/youtube_robot/build/mapper_pkg': CMAKE_PREFIX_PATH=/opt/ros/foxy /usr/bin/cmake --build /home/legacy/youtube_robot/build/mapper_pkg -- -j8 -l8
[1.841s] Invoked command in '/home/legacy/youtube_robot/build/mapper_pkg' returned '0': CMAKE_PREFIX_PATH=/opt/ros/foxy /usr/bin/cmake --build /home/legacy/youtube_robot/build/mapper_pkg -- -j8 -l8
[1.881s] Invoking command in '/home/legacy/youtube_robot/build/mapper_pkg': CMAKE_PREFIX_PATH=/opt/ros/foxy /usr/bin/cmake --install /home/legacy/youtube_robot/build/mapper_pkg
[1.891s] -- Install configuration: ""
[1.892s] -- Installing: /home/legacy/youtube_robot/install/mapper_pkg/share/mapper_pkg/launch
[1.892s] -- Installing: /home/legacy/youtube_robot/install/mapper_pkg/share/mapper_pkg/launch/mapper.launch.py
[1.892s] -- Installing: /home/legacy/youtube_robot/install/mapper_pkg/share/mapper_pkg/config
[1.892s] -- Installing: /home/legacy/youtube_robot/install/mapper_pkg/share/mapper_pkg/config/slam_config.yaml
[1.892s] -- Installing: /home/legacy/youtube_robot/install/mapper_pkg/share/ament_index/resource_index/package_run_dependencies/mapper_pkg
[1.892s] -- Installing: /home/legacy/youtube_robot/install/mapper_pkg/share/ament_index/resource_index/parent_prefix_path/mapper_pkg
[1.893s] -- Installing: /home/legacy/youtube_robot/install/mapper_pkg/share/mapper_pkg/environment/ament_prefix_path.sh
[1.893s] -- Installing: /home/legacy/youtube_robot/install/mapper_pkg/share/mapper_pkg/environment/ament_prefix_path.dsv
[1.893s] -- Installing: /home/legacy/youtube_robot/install/mapper_pkg/share/mapper_pkg/environment/path.sh
[1.893s] -- Installing: /home/legacy/youtube_robot/install/mapper_pkg/share/mapper_pkg/environment/path.dsv
[1.893s] -- Installing: /home/legacy/youtube_robot/install/mapper_pkg/share/mapper_pkg/local_setup.bash
[1.893s] -- Installing: /home/legacy/youtube_robot/install/mapper_pkg/share/mapper_pkg/local_setup.sh
[1.893s] -- Installing: /home/legacy/youtube_robot/install/mapper_pkg/share/mapper_pkg/local_setup.zsh
[1.894s] -- Installing: /home/legacy/youtube_robot/install/mapper_pkg/share/mapper_pkg/local_setup.dsv
[1.894s] -- Installing: /home/legacy/youtube_robot/install/mapper_pkg/share/mapper_pkg/package.dsv
[1.894s] -- Installing: /home/legacy/youtube_robot/install/mapper_pkg/share/ament_index/resource_index/packages/mapper_pkg
[1.894s] -- Installing: /home/legacy/youtube_robot/install/mapper_pkg/share/mapper_pkg/cmake/mapper_pkgConfig.cmake
[1.894s] -- Installing: /home/legacy/youtube_robot/install/mapper_pkg/share/mapper_pkg/cmake/mapper_pkgConfig-version.cmake
[1.894s] -- Installing: /home/legacy/youtube_robot/install/mapper_pkg/share/mapper_pkg/package.xml
[1.898s] Invoked command in '/home/legacy/youtube_robot/build/mapper_pkg' returned '0': CMAKE_PREFIX_PATH=/opt/ros/foxy /usr/bin/cmake --install /home/legacy/youtube_robot/build/mapper_pkg
