[1.072s] DEBUG:colcon:Command line arguments: ['/usr/bin/colcon', 'build']
[1.072s] DEBUG:colcon:Parsed command line arguments: Namespace(allow_overriding=[], ament_cmake_args=None, base_paths=['.'], build_base='build', catkin_cmake_args=None, catkin_skip_building_tests=False, cmake_args=None, cmake_clean_cache=False, cmake_clean_first=False, cmake_force_configure=False, cmake_target=None, cmake_target_skip_unavailable=False, continue_on_error=False, event_handlers=None, executor='parallel', ignore_user_meta=False, install_base='install', log_base=None, log_level=None, main=<bound method BuildVerb.main of <colcon_core.verb.build.BuildVerb object at 0x7f93d1b9fcd0>>, merge_install=False, metas=['./colcon.meta'], mixin=None, mixin_files=None, mixin_verb=('build',), packages_above=None, packages_above_and_dependencies=None, packages_above_depth=None, packages_end=None, packages_ignore=None, packages_ignore_regex=None, packages_select=None, packages_select_build_failed=False, packages_select_by_dep=None, packages_select_regex=None, packages_select_test_failures=False, packages_skip=None, packages_skip_build_finished=False, packages_skip_by_dep=None, packages_skip_regex=None, packages_skip_test_passed=False, packages_skip_up_to=None, packages_start=None, packages_up_to=None, packages_up_to_regex=None, parallel_workers=8, paths=None, symlink_install=False, test_result_base=None, verb_extension=<colcon_core.verb.build.BuildVerb object at 0x7f93d1b9fcd0>, verb_name='build', verb_parser=<colcon_mixin.mixin.mixin_argument.MixinArgumentDecorator object at 0x7f93d1a42cd0>)
[1.200s] Level 1:colcon.colcon_core.package_discovery:discover_packages(colcon_meta) check parameters
[1.200s] Level 1:colcon.colcon_core.package_discovery:discover_packages(recursive) check parameters
[1.200s] Level 1:colcon.colcon_core.package_discovery:discover_packages(ignore) check parameters
[1.200s] Level 1:colcon.colcon_core.package_discovery:discover_packages(path) check parameters
[1.200s] Level 1:colcon.colcon_core.package_discovery:discover_packages(colcon_meta) discover
[1.201s] Level 1:colcon.colcon_core.package_discovery:discover_packages(recursive) discover
[1.201s] INFO:colcon.colcon_core.package_discovery:Crawling recursively for packages in '/home/legacy/youtube_robot'
[1.201s] Level 1:colcon.colcon_core.package_identification:_identify(.) by extensions ['ignore', 'ignore_ament_install']
[1.201s] Level 1:colcon.colcon_core.package_identification:_identify(.) by extension 'ignore'
[1.201s] Level 1:colcon.colcon_core.package_identification:_identify(.) by extension 'ignore_ament_install'
[1.201s] Level 1:colcon.colcon_core.package_identification:_identify(.) by extensions ['colcon_pkg']
[1.201s] Level 1:colcon.colcon_core.package_identification:_identify(.) by extension 'colcon_pkg'
[1.201s] Level 1:colcon.colcon_core.package_identification:_identify(.) by extensions ['colcon_meta']
[1.201s] Level 1:colcon.colcon_core.package_identification:_identify(.) by extension 'colcon_meta'
[1.202s] Level 1:colcon.colcon_core.package_identification:_identify(.) by extensions ['ros']
[1.202s] Level 1:colcon.colcon_core.package_identification:_identify(.) by extension 'ros'
[1.222s] Level 1:colcon.colcon_core.package_identification:_identify(.) by extensions ['cmake', 'python']
[1.222s] Level 1:colcon.colcon_core.package_identification:_identify(.) by extension 'cmake'
[1.222s] Level 1:colcon.colcon_core.package_identification:_identify(.) by extension 'python'
[1.223s] Level 1:colcon.colcon_core.package_identification:_identify(.) by extensions ['python_setup_py']
[1.223s] Level 1:colcon.colcon_core.package_identification:_identify(.) by extension 'python_setup_py'
[1.223s] Level 1:colcon.colcon_core.package_identification:_identify(build) by extensions ['ignore', 'ignore_ament_install']
[1.223s] Level 1:colcon.colcon_core.package_identification:_identify(build) by extension 'ignore'
[1.223s] Level 1:colcon.colcon_core.package_identification:_identify(build) ignored
[1.223s] Level 1:colcon.colcon_core.package_identification:_identify(install) by extensions ['ignore', 'ignore_ament_install']
[1.223s] Level 1:colcon.colcon_core.package_identification:_identify(install) by extension 'ignore'
[1.223s] Level 1:colcon.colcon_core.package_identification:_identify(install) ignored
[1.223s] Level 1:colcon.colcon_core.package_identification:_identify(log) by extensions ['ignore', 'ignore_ament_install']
[1.223s] Level 1:colcon.colcon_core.package_identification:_identify(log) by extension 'ignore'
[1.223s] Level 1:colcon.colcon_core.package_identification:_identify(log) ignored
[1.223s] Level 1:colcon.colcon_core.package_identification:_identify(src) by extensions ['ignore', 'ignore_ament_install']
[1.223s] Level 1:colcon.colcon_core.package_identification:_identify(src) by extension 'ignore'
[1.224s] Level 1:colcon.colcon_core.package_identification:_identify(src) by extension 'ignore_ament_install'
[1.224s] Level 1:colcon.colcon_core.package_identification:_identify(src) by extensions ['colcon_pkg']
[1.224s] Level 1:colcon.colcon_core.package_identification:_identify(src) by extension 'colcon_pkg'
[1.224s] Level 1:colcon.colcon_core.package_identification:_identify(src) by extensions ['colcon_meta']
[1.224s] Level 1:colcon.colcon_core.package_identification:_identify(src) by extension 'colcon_meta'
[1.224s] Level 1:colcon.colcon_core.package_identification:_identify(src) by extensions ['ros']
[1.224s] Level 1:colcon.colcon_core.package_identification:_identify(src) by extension 'ros'
[1.224s] Level 1:colcon.colcon_core.package_identification:_identify(src) by extensions ['cmake', 'python']
[1.224s] Level 1:colcon.colcon_core.package_identification:_identify(src) by extension 'cmake'
[1.224s] Level 1:colcon.colcon_core.package_identification:_identify(src) by extension 'python'
[1.224s] Level 1:colcon.colcon_core.package_identification:_identify(src) by extensions ['python_setup_py']
[1.224s] Level 1:colcon.colcon_core.package_identification:_identify(src) by extension 'python_setup_py'
[1.224s] Level 1:colcon.colcon_core.package_identification:_identify(src/mapper_pkg) by extensions ['ignore', 'ignore_ament_install']
[1.224s] Level 1:colcon.colcon_core.package_identification:_identify(src/mapper_pkg) by extension 'ignore'
[1.224s] Level 1:colcon.colcon_core.package_identification:_identify(src/mapper_pkg) by extension 'ignore_ament_install'
[1.224s] Level 1:colcon.colcon_core.package_identification:_identify(src/mapper_pkg) by extensions ['colcon_pkg']
[1.224s] Level 1:colcon.colcon_core.package_identification:_identify(src/mapper_pkg) by extension 'colcon_pkg'
[1.224s] Level 1:colcon.colcon_core.package_identification:_identify(src/mapper_pkg) by extensions ['colcon_meta']
[1.224s] Level 1:colcon.colcon_core.package_identification:_identify(src/mapper_pkg) by extension 'colcon_meta'
[1.224s] Level 1:colcon.colcon_core.package_identification:_identify(src/mapper_pkg) by extensions ['ros']
[1.224s] Level 1:colcon.colcon_core.package_identification:_identify(src/mapper_pkg) by extension 'ros'
[1.225s] Level 1:colcon.colcon_core.package_identification:_identify(src/mapper_pkg) by extensions ['cmake', 'python']
[1.225s] Level 1:colcon.colcon_core.package_identification:_identify(src/mapper_pkg) by extension 'cmake'
[1.225s] Level 1:colcon.colcon_core.package_identification:_identify(src/mapper_pkg) by extension 'python'
[1.225s] Level 1:colcon.colcon_core.package_identification:_identify(src/mapper_pkg) by extensions ['python_setup_py']
[1.225s] Level 1:colcon.colcon_core.package_identification:_identify(src/mapper_pkg) by extension 'python_setup_py'
[1.225s] Level 1:colcon.colcon_core.package_identification:_identify(src/mapper_pkg/include) by extensions ['ignore', 'ignore_ament_install']
[1.225s] Level 1:colcon.colcon_core.package_identification:_identify(src/mapper_pkg/include) by extension 'ignore'
[1.225s] Level 1:colcon.colcon_core.package_identification:_identify(src/mapper_pkg/include) by extension 'ignore_ament_install'
[1.225s] Level 1:colcon.colcon_core.package_identification:_identify(src/mapper_pkg/include) by extensions ['colcon_pkg']
[1.225s] Level 1:colcon.colcon_core.package_identification:_identify(src/mapper_pkg/include) by extension 'colcon_pkg'
[1.225s] Level 1:colcon.colcon_core.package_identification:_identify(src/mapper_pkg/include) by extensions ['colcon_meta']
[1.225s] Level 1:colcon.colcon_core.package_identification:_identify(src/mapper_pkg/include) by extension 'colcon_meta'
[1.225s] Level 1:colcon.colcon_core.package_identification:_identify(src/mapper_pkg/include) by extensions ['ros']
[1.225s] Level 1:colcon.colcon_core.package_identification:_identify(src/mapper_pkg/include) by extension 'ros'
[1.225s] Level 1:colcon.colcon_core.package_identification:_identify(src/mapper_pkg/include) by extensions ['cmake', 'python']
[1.225s] Level 1:colcon.colcon_core.package_identification:_identify(src/mapper_pkg/include) by extension 'cmake'
[1.225s] Level 1:colcon.colcon_core.package_identification:_identify(src/mapper_pkg/include) by extension 'python'
[1.225s] Level 1:colcon.colcon_core.package_identification:_identify(src/mapper_pkg/include) by extensions ['python_setup_py']
[1.225s] Level 1:colcon.colcon_core.package_identification:_identify(src/mapper_pkg/include) by extension 'python_setup_py'
[1.225s] Level 1:colcon.colcon_core.package_identification:_identify(src/mapper_pkg/include/mapper_pkg) by extensions ['ignore', 'ignore_ament_install']
[1.225s] Level 1:colcon.colcon_core.package_identification:_identify(src/mapper_pkg/include/mapper_pkg) by extension 'ignore'
[1.226s] Level 1:colcon.colcon_core.package_identification:_identify(src/mapper_pkg/include/mapper_pkg) by extension 'ignore_ament_install'
[1.226s] Level 1:colcon.colcon_core.package_identification:_identify(src/mapper_pkg/include/mapper_pkg) by extensions ['colcon_pkg']
[1.226s] Level 1:colcon.colcon_core.package_identification:_identify(src/mapper_pkg/include/mapper_pkg) by extension 'colcon_pkg'
[1.226s] Level 1:colcon.colcon_core.package_identification:_identify(src/mapper_pkg/include/mapper_pkg) by extensions ['colcon_meta']
[1.226s] Level 1:colcon.colcon_core.package_identification:_identify(src/mapper_pkg/include/mapper_pkg) by extension 'colcon_meta'
[1.226s] Level 1:colcon.colcon_core.package_identification:_identify(src/mapper_pkg/include/mapper_pkg) by extensions ['ros']
[1.226s] Level 1:colcon.colcon_core.package_identification:_identify(src/mapper_pkg/include/mapper_pkg) by extension 'ros'
[1.226s] Level 1:colcon.colcon_core.package_identification:_identify(src/mapper_pkg/include/mapper_pkg) by extensions ['cmake', 'python']
[1.226s] Level 1:colcon.colcon_core.package_identification:_identify(src/mapper_pkg/include/mapper_pkg) by extension 'cmake'
[1.226s] Level 1:colcon.colcon_core.package_identification:_identify(src/mapper_pkg/include/mapper_pkg) by extension 'python'
[1.226s] Level 1:colcon.colcon_core.package_identification:_identify(src/mapper_pkg/include/mapper_pkg) by extensions ['python_setup_py']
[1.226s] Level 1:colcon.colcon_core.package_identification:_identify(src/mapper_pkg/include/mapper_pkg) by extension 'python_setup_py'
[1.226s] Level 1:colcon.colcon_core.package_identification:_identify(src/mapper_pkg/src) by extensions ['ignore', 'ignore_ament_install']
[1.226s] Level 1:colcon.colcon_core.package_identification:_identify(src/mapper_pkg/src) by extension 'ignore'
[1.226s] Level 1:colcon.colcon_core.package_identification:_identify(src/mapper_pkg/src) by extension 'ignore_ament_install'
[1.226s] Level 1:colcon.colcon_core.package_identification:_identify(src/mapper_pkg/src) by extensions ['colcon_pkg']
[1.226s] Level 1:colcon.colcon_core.package_identification:_identify(src/mapper_pkg/src) by extension 'colcon_pkg'
[1.226s] Level 1:colcon.colcon_core.package_identification:_identify(src/mapper_pkg/src) by extensions ['colcon_meta']
[1.226s] Level 1:colcon.colcon_core.package_identification:_identify(src/mapper_pkg/src) by extension 'colcon_meta'
[1.227s] Level 1:colcon.colcon_core.package_identification:_identify(src/mapper_pkg/src) by extensions ['ros']
[1.227s] Level 1:colcon.colcon_core.package_identification:_identify(src/mapper_pkg/src) by extension 'ros'
[1.227s] Level 1:colcon.colcon_core.package_identification:_identify(src/mapper_pkg/src) by extensions ['cmake', 'python']
[1.227s] Level 1:colcon.colcon_core.package_identification:_identify(src/mapper_pkg/src) by extension 'cmake'
[1.227s] Level 1:colcon.colcon_core.package_identification:_identify(src/mapper_pkg/src) by extension 'python'
[1.227s] Level 1:colcon.colcon_core.package_identification:_identify(src/mapper_pkg/src) by extensions ['python_setup_py']
[1.227s] Level 1:colcon.colcon_core.package_identification:_identify(src/mapper_pkg/src) by extension 'python_setup_py'
[1.227s] Level 1:colcon.colcon_core.package_identification:_identify(src/modelo_robot) by extensions ['ignore', 'ignore_ament_install']
[1.227s] Level 1:colcon.colcon_core.package_identification:_identify(src/modelo_robot) by extension 'ignore'
[1.227s] Level 1:colcon.colcon_core.package_identification:_identify(src/modelo_robot) by extension 'ignore_ament_install'
[1.227s] Level 1:colcon.colcon_core.package_identification:_identify(src/modelo_robot) by extensions ['colcon_pkg']
[1.227s] Level 1:colcon.colcon_core.package_identification:_identify(src/modelo_robot) by extension 'colcon_pkg'
[1.227s] Level 1:colcon.colcon_core.package_identification:_identify(src/modelo_robot) by extensions ['colcon_meta']
[1.228s] Level 1:colcon.colcon_core.package_identification:_identify(src/modelo_robot) by extension 'colcon_meta'
[1.228s] Level 1:colcon.colcon_core.package_identification:_identify(src/modelo_robot) by extensions ['ros']
[1.228s] Level 1:colcon.colcon_core.package_identification:_identify(src/modelo_robot) by extension 'ros'
[1.231s] DEBUG:colcon.colcon_core.package_identification:Package 'src/modelo_robot' with type 'ros.ament_python' and name 'modelo_robot'
[1.231s] Level 1:colcon.colcon_core.package_identification:_identify(src/pub_sub_cpp) by extensions ['ignore', 'ignore_ament_install']
[1.231s] Level 1:colcon.colcon_core.package_identification:_identify(src/pub_sub_cpp) by extension 'ignore'
[1.231s] Level 1:colcon.colcon_core.package_identification:_identify(src/pub_sub_cpp) by extension 'ignore_ament_install'
[1.231s] Level 1:colcon.colcon_core.package_identification:_identify(src/pub_sub_cpp) by extensions ['colcon_pkg']
[1.231s] Level 1:colcon.colcon_core.package_identification:_identify(src/pub_sub_cpp) by extension 'colcon_pkg'
[1.232s] Level 1:colcon.colcon_core.package_identification:_identify(src/pub_sub_cpp) by extensions ['colcon_meta']
[1.232s] Level 1:colcon.colcon_core.package_identification:_identify(src/pub_sub_cpp) by extension 'colcon_meta'
[1.232s] Level 1:colcon.colcon_core.package_identification:_identify(src/pub_sub_cpp) by extensions ['ros']
[1.232s] Level 1:colcon.colcon_core.package_identification:_identify(src/pub_sub_cpp) by extension 'ros'
[1.232s] DEBUG:colcon.colcon_core.package_identification:Package 'src/pub_sub_cpp' with type 'ros.ament_cmake' and name 'pub_sub_cpp'
[1.232s] Level 1:colcon.colcon_core.package_identification:_identify(src/publicador_python) by extensions ['ignore', 'ignore_ament_install']
[1.232s] Level 1:colcon.colcon_core.package_identification:_identify(src/publicador_python) by extension 'ignore'
[1.232s] Level 1:colcon.colcon_core.package_identification:_identify(src/publicador_python) by extension 'ignore_ament_install'
[1.232s] Level 1:colcon.colcon_core.package_identification:_identify(src/publicador_python) by extensions ['colcon_pkg']
[1.232s] Level 1:colcon.colcon_core.package_identification:_identify(src/publicador_python) by extension 'colcon_pkg'
[1.232s] Level 1:colcon.colcon_core.package_identification:_identify(src/publicador_python) by extensions ['colcon_meta']
[1.232s] Level 1:colcon.colcon_core.package_identification:_identify(src/publicador_python) by extension 'colcon_meta'
[1.232s] Level 1:colcon.colcon_core.package_identification:_identify(src/publicador_python) by extensions ['ros']
[1.233s] Level 1:colcon.colcon_core.package_identification:_identify(src/publicador_python) by extension 'ros'
[1.233s] DEBUG:colcon.colcon_core.package_identification:Package 'src/publicador_python' with type 'ros.ament_python' and name 'publicador_python'
[1.233s] Level 1:colcon.colcon_core.package_discovery:discover_packages(recursive) using defaults
[1.233s] Level 1:colcon.colcon_core.package_discovery:discover_packages(ignore) discover
[1.233s] Level 1:colcon.colcon_core.package_discovery:discover_packages(ignore) using defaults
[1.233s] Level 1:colcon.colcon_core.package_discovery:discover_packages(path) discover
[1.233s] Level 1:colcon.colcon_core.package_discovery:discover_packages(path) using defaults
[1.266s] Level 1:colcon.colcon_core.package_discovery:discover_packages(prefix_path) check parameters
[1.266s] Level 1:colcon.colcon_core.package_discovery:discover_packages(prefix_path) discover
[1.271s] DEBUG:colcon.colcon_installed_package_information.package_discovery:Found 333 installed packages in /opt/ros/foxy
[1.272s] Level 1:colcon.colcon_core.package_discovery:discover_packages(prefix_path) using defaults
[1.355s] Level 5:colcon.colcon_core.verb:set package 'modelo_robot' build argument 'cmake_args' from command line to 'None'
[1.355s] Level 5:colcon.colcon_core.verb:set package 'modelo_robot' build argument 'cmake_target' from command line to 'None'
[1.355s] Level 5:colcon.colcon_core.verb:set package 'modelo_robot' build argument 'cmake_target_skip_unavailable' from command line to 'False'
[1.355s] Level 5:colcon.colcon_core.verb:set package 'modelo_robot' build argument 'cmake_clean_cache' from command line to 'False'
[1.355s] Level 5:colcon.colcon_core.verb:set package 'modelo_robot' build argument 'cmake_clean_first' from command line to 'False'
[1.355s] Level 5:colcon.colcon_core.verb:set package 'modelo_robot' build argument 'cmake_force_configure' from command line to 'False'
[1.355s] Level 5:colcon.colcon_core.verb:set package 'modelo_robot' build argument 'ament_cmake_args' from command line to 'None'
[1.355s] Level 5:colcon.colcon_core.verb:set package 'modelo_robot' build argument 'catkin_cmake_args' from command line to 'None'
[1.355s] Level 5:colcon.colcon_core.verb:set package 'modelo_robot' build argument 'catkin_skip_building_tests' from command line to 'False'
[1.355s] DEBUG:colcon.colcon_core.verb:Building package 'modelo_robot' with the following arguments: {'ament_cmake_args': None, 'build_base': '/home/legacy/youtube_robot/build/modelo_robot', 'catkin_cmake_args': None, 'catkin_skip_building_tests': False, 'cmake_args': None, 'cmake_clean_cache': False, 'cmake_clean_first': False, 'cmake_force_configure': False, 'cmake_target': None, 'cmake_target_skip_unavailable': False, 'install_base': '/home/legacy/youtube_robot/install/modelo_robot', 'merge_install': False, 'path': '/home/legacy/youtube_robot/src/modelo_robot', 'symlink_install': False, 'test_result_base': None}
[1.357s] Level 5:colcon.colcon_core.verb:set package 'pub_sub_cpp' build argument 'cmake_args' from command line to 'None'
[1.357s] Level 5:colcon.colcon_core.verb:set package 'pub_sub_cpp' build argument 'cmake_target' from command line to 'None'
[1.357s] Level 5:colcon.colcon_core.verb:set package 'pub_sub_cpp' build argument 'cmake_target_skip_unavailable' from command line to 'False'
[1.357s] Level 5:colcon.colcon_core.verb:set package 'pub_sub_cpp' build argument 'cmake_clean_cache' from command line to 'False'
[1.357s] Level 5:colcon.colcon_core.verb:set package 'pub_sub_cpp' build argument 'cmake_clean_first' from command line to 'False'
[1.357s] Level 5:colcon.colcon_core.verb:set package 'pub_sub_cpp' build argument 'cmake_force_configure' from command line to 'False'
[1.357s] Level 5:colcon.colcon_core.verb:set package 'pub_sub_cpp' build argument 'ament_cmake_args' from command line to 'None'
[1.357s] Level 5:colcon.colcon_core.verb:set package 'pub_sub_cpp' build argument 'catkin_cmake_args' from command line to 'None'
[1.357s] Level 5:colcon.colcon_core.verb:set package 'pub_sub_cpp' build argument 'catkin_skip_building_tests' from command line to 'False'
[1.357s] DEBUG:colcon.colcon_core.verb:Building package 'pub_sub_cpp' with the following arguments: {'ament_cmake_args': None, 'build_base': '/home/legacy/youtube_robot/build/pub_sub_cpp', 'catkin_cmake_args': None, 'catkin_skip_building_tests': False, 'cmake_args': None, 'cmake_clean_cache': False, 'cmake_clean_first': False, 'cmake_force_configure': False, 'cmake_target': None, 'cmake_target_skip_unavailable': False, 'install_base': '/home/legacy/youtube_robot/install/pub_sub_cpp', 'merge_install': False, 'path': '/home/legacy/youtube_robot/src/pub_sub_cpp', 'symlink_install': False, 'test_result_base': None}
[1.358s] Level 5:colcon.colcon_core.verb:set package 'publicador_python' build argument 'cmake_args' from command line to 'None'
[1.358s] Level 5:colcon.colcon_core.verb:set package 'publicador_python' build argument 'cmake_target' from command line to 'None'
[1.358s] Level 5:colcon.colcon_core.verb:set package 'publicador_python' build argument 'cmake_target_skip_unavailable' from command line to 'False'
[1.358s] Level 5:colcon.colcon_core.verb:set package 'publicador_python' build argument 'cmake_clean_cache' from command line to 'False'
[1.358s] Level 5:colcon.colcon_core.verb:set package 'publicador_python' build argument 'cmake_clean_first' from command line to 'False'
[1.358s] Level 5:colcon.colcon_core.verb:set package 'publicador_python' build argument 'cmake_force_configure' from command line to 'False'
[1.359s] Level 5:colcon.colcon_core.verb:set package 'publicador_python' build argument 'ament_cmake_args' from command line to 'None'
[1.359s] Level 5:colcon.colcon_core.verb:set package 'publicador_python' build argument 'catkin_cmake_args' from command line to 'None'
[1.359s] Level 5:colcon.colcon_core.verb:set package 'publicador_python' build argument 'catkin_skip_building_tests' from command line to 'False'
[1.359s] DEBUG:colcon.colcon_core.verb:Building package 'publicador_python' with the following arguments: {'ament_cmake_args': None, 'build_base': '/home/legacy/youtube_robot/build/publicador_python', 'catkin_cmake_args': None, 'catkin_skip_building_tests': False, 'cmake_args': None, 'cmake_clean_cache': False, 'cmake_clean_first': False, 'cmake_force_configure': False, 'cmake_target': None, 'cmake_target_skip_unavailable': False, 'install_base': '/home/legacy/youtube_robot/install/publicador_python', 'merge_install': False, 'path': '/home/legacy/youtube_robot/src/publicador_python', 'symlink_install': False, 'test_result_base': None}
[1.360s] INFO:colcon.colcon_core.executor:Executing jobs using 'parallel' executor
[1.368s] DEBUG:colcon.colcon_parallel_executor.executor.parallel:run_until_complete
[1.368s] INFO:colcon.colcon_ros.task.ament_python.build:Building ROS package in '/home/legacy/youtube_robot/src/modelo_robot' with build type 'ament_python'
[1.368s] Level 1:colcon.colcon_core.shell:create_environment_hook('modelo_robot', 'ament_prefix_path')
[1.379s] INFO:colcon.colcon_core.plugin_system:Skipping extension 'colcon_core.shell.bat': Not used on non-Windows systems
[1.379s] INFO:colcon.colcon_core.shell:Creating environment hook '/home/legacy/youtube_robot/install/modelo_robot/share/modelo_robot/hook/ament_prefix_path.ps1'
[1.380s] INFO:colcon.colcon_core.shell:Creating environment descriptor '/home/legacy/youtube_robot/install/modelo_robot/share/modelo_robot/hook/ament_prefix_path.dsv'
[1.381s] INFO:colcon.colcon_core.shell:Creating environment hook '/home/legacy/youtube_robot/install/modelo_robot/share/modelo_robot/hook/ament_prefix_path.sh'
[1.385s] INFO:colcon.colcon_core.shell:Skip shell extension 'powershell' for command environment: Not usable outside of PowerShell
[1.385s] DEBUG:colcon.colcon_core.shell:Skip shell extension 'dsv' for command environment
[1.390s] INFO:colcon.colcon_ros.task.ament_cmake.build:Building ROS package in '/home/legacy/youtube_robot/src/pub_sub_cpp' with build type 'ament_cmake'
[1.390s] INFO:colcon.colcon_cmake.task.cmake.build:Building CMake package in '/home/legacy/youtube_robot/src/pub_sub_cpp'
[1.393s] INFO:colcon.colcon_core.shell:Skip shell extension 'powershell' for command environment: Not usable outside of PowerShell
[1.393s] DEBUG:colcon.colcon_core.shell:Skip shell extension 'dsv' for command environment
[2.213s] INFO:colcon.colcon_core.task.python.build:Building Python package in '/home/legacy/youtube_robot/src/modelo_robot'
[2.216s] INFO:colcon.colcon_core.shell:Skip shell extension 'powershell' for command environment: Not usable outside of PowerShell
[2.216s] DEBUG:colcon.colcon_core.shell:Skip shell extension 'dsv' for command environment
[2.225s] DEBUG:colcon.colcon_core.event_handler.log_command:Invoking command in '/home/legacy/youtube_robot/build/pub_sub_cpp': CMAKE_PREFIX_PATH=/opt/ros/foxy /usr/bin/cmake --build /home/legacy/youtube_robot/build/pub_sub_cpp -- -j8 -l8
[2.401s] DEBUG:colcon.colcon_core.event_handler.log_command:Invoked command in '/home/legacy/youtube_robot/build/pub_sub_cpp' returned '0': CMAKE_PREFIX_PATH=/opt/ros/foxy /usr/bin/cmake --build /home/legacy/youtube_robot/build/pub_sub_cpp -- -j8 -l8
[2.439s] DEBUG:colcon.colcon_core.event_handler.log_command:Invoking command in '/home/legacy/youtube_robot/build/pub_sub_cpp': CMAKE_PREFIX_PATH=/opt/ros/foxy /usr/bin/cmake --install /home/legacy/youtube_robot/build/pub_sub_cpp
[2.451s] Level 1:colcon.colcon_core.environment:create_environment_scripts_only(pub_sub_cpp)
[2.453s] DEBUG:colcon.colcon_core.event_handler.log_command:Invoked command in '/home/legacy/youtube_robot/build/pub_sub_cpp' returned '0': CMAKE_PREFIX_PATH=/opt/ros/foxy /usr/bin/cmake --install /home/legacy/youtube_robot/build/pub_sub_cpp
[2.465s] Level 1:colcon.colcon_core.environment:checking '/home/legacy/youtube_robot/install/pub_sub_cpp' for CMake module files
[2.465s] Level 1:colcon.colcon_core.environment:checking '/home/legacy/youtube_robot/install/pub_sub_cpp' for CMake config files
[2.465s] Level 1:colcon.colcon_core.shell:create_environment_hook('pub_sub_cpp', 'cmake_prefix_path')
[2.469s] INFO:colcon.colcon_core.shell:Creating environment hook '/home/legacy/youtube_robot/install/pub_sub_cpp/share/pub_sub_cpp/hook/cmake_prefix_path.ps1'
[2.469s] INFO:colcon.colcon_core.shell:Creating environment descriptor '/home/legacy/youtube_robot/install/pub_sub_cpp/share/pub_sub_cpp/hook/cmake_prefix_path.dsv'
[2.469s] INFO:colcon.colcon_core.shell:Creating environment hook '/home/legacy/youtube_robot/install/pub_sub_cpp/share/pub_sub_cpp/hook/cmake_prefix_path.sh'
[2.470s] Level 1:colcon.colcon_core.environment:checking '/home/legacy/youtube_robot/install/pub_sub_cpp/lib'
[2.470s] Level 1:colcon.colcon_core.environment:checking '/home/legacy/youtube_robot/install/pub_sub_cpp/bin'
[2.470s] Level 1:colcon.colcon_core.environment:checking '/home/legacy/youtube_robot/install/pub_sub_cpp/lib/pkgconfig/pub_sub_cpp.pc'
[2.471s] Level 1:colcon.colcon_core.environment:checking '/home/legacy/youtube_robot/install/pub_sub_cpp/lib/python3.8/site-packages'
[2.471s] Level 1:colcon.colcon_core.environment:checking '/home/legacy/youtube_robot/install/pub_sub_cpp/bin'
[2.474s] INFO:colcon.colcon_core.shell:Creating package script '/home/legacy/youtube_robot/install/pub_sub_cpp/share/pub_sub_cpp/package.ps1'
[2.475s] INFO:colcon.colcon_core.shell:Creating package descriptor '/home/legacy/youtube_robot/install/pub_sub_cpp/share/pub_sub_cpp/package.dsv'
[2.476s] INFO:colcon.colcon_core.shell:Creating package script '/home/legacy/youtube_robot/install/pub_sub_cpp/share/pub_sub_cpp/package.sh'
[2.476s] INFO:colcon.colcon_core.shell:Creating package script '/home/legacy/youtube_robot/install/pub_sub_cpp/share/pub_sub_cpp/package.bash'
[2.477s] INFO:colcon.colcon_core.shell:Creating package script '/home/legacy/youtube_robot/install/pub_sub_cpp/share/pub_sub_cpp/package.zsh'
[2.478s] Level 1:colcon.colcon_core.environment:create_file_with_runtime_dependencies(/home/legacy/youtube_robot/install/pub_sub_cpp/share/colcon-core/packages/pub_sub_cpp)
[2.507s] Level 1:colcon.colcon_core.environment:create_environment_scripts_only(pub_sub_cpp)
[2.512s] Level 1:colcon.colcon_core.environment:checking '/home/legacy/youtube_robot/install/pub_sub_cpp' for CMake module files
[2.512s] Level 1:colcon.colcon_core.environment:checking '/home/legacy/youtube_robot/install/pub_sub_cpp' for CMake config files
[2.513s] Level 1:colcon.colcon_core.shell:create_environment_hook('pub_sub_cpp', 'cmake_prefix_path')
[2.516s] INFO:colcon.colcon_core.shell:Creating environment hook '/home/legacy/youtube_robot/install/pub_sub_cpp/share/pub_sub_cpp/hook/cmake_prefix_path.ps1'
[2.517s] INFO:colcon.colcon_core.shell:Creating environment descriptor '/home/legacy/youtube_robot/install/pub_sub_cpp/share/pub_sub_cpp/hook/cmake_prefix_path.dsv'
[2.517s] INFO:colcon.colcon_core.shell:Creating environment hook '/home/legacy/youtube_robot/install/pub_sub_cpp/share/pub_sub_cpp/hook/cmake_prefix_path.sh'
[2.518s] Level 1:colcon.colcon_core.environment:checking '/home/legacy/youtube_robot/install/pub_sub_cpp/lib'
[2.518s] Level 1:colcon.colcon_core.environment:checking '/home/legacy/youtube_robot/install/pub_sub_cpp/bin'
[2.518s] Level 1:colcon.colcon_core.environment:checking '/home/legacy/youtube_robot/install/pub_sub_cpp/lib/pkgconfig/pub_sub_cpp.pc'
[2.518s] Level 1:colcon.colcon_core.environment:checking '/home/legacy/youtube_robot/install/pub_sub_cpp/lib/python3.8/site-packages'
[2.518s] Level 1:colcon.colcon_core.environment:checking '/home/legacy/youtube_robot/install/pub_sub_cpp/bin'
[2.522s] INFO:colcon.colcon_core.shell:Creating package script '/home/legacy/youtube_robot/install/pub_sub_cpp/share/pub_sub_cpp/package.ps1'
[2.522s] INFO:colcon.colcon_core.shell:Creating package descriptor '/home/legacy/youtube_robot/install/pub_sub_cpp/share/pub_sub_cpp/package.dsv'
[2.523s] INFO:colcon.colcon_core.shell:Creating package script '/home/legacy/youtube_robot/install/pub_sub_cpp/share/pub_sub_cpp/package.sh'
[2.523s] INFO:colcon.colcon_core.shell:Creating package script '/home/legacy/youtube_robot/install/pub_sub_cpp/share/pub_sub_cpp/package.bash'
[2.523s] INFO:colcon.colcon_core.shell:Creating package script '/home/legacy/youtube_robot/install/pub_sub_cpp/share/pub_sub_cpp/package.zsh'
[2.524s] Level 1:colcon.colcon_core.environment:create_file_with_runtime_dependencies(/home/legacy/youtube_robot/install/pub_sub_cpp/share/colcon-core/packages/pub_sub_cpp)
[3.530s] DEBUG:colcon.colcon_core.event_handler.log_command:Invoking command in '/home/legacy/youtube_robot/src/modelo_robot': PYTHONPATH=/home/legacy/youtube_robot/install/modelo_robot/lib/python3.8/site-packages:${PYTHONPATH} /usr/bin/python3 setup.py egg_info --egg-base ../../build/modelo_robot build --build-base /home/legacy/youtube_robot/build/modelo_robot/build install --prefix /home/legacy/youtube_robot/install/modelo_robot --record /home/legacy/youtube_robot/build/modelo_robot/install.log --single-version-externally-managed
[5.392s] Level 1:colcon.colcon_core.environment:checking '/home/legacy/youtube_robot/install/modelo_robot' for CMake module files
[5.392s] DEBUG:colcon.colcon_core.event_handler.log_command:Invoked command in '/home/legacy/youtube_robot/src/modelo_robot' returned '0': PYTHONPATH=/home/legacy/youtube_robot/install/modelo_robot/lib/python3.8/site-packages:${PYTHONPATH} /usr/bin/python3 setup.py egg_info --egg-base ../../build/modelo_robot build --build-base /home/legacy/youtube_robot/build/modelo_robot/build install --prefix /home/legacy/youtube_robot/install/modelo_robot --record /home/legacy/youtube_robot/build/modelo_robot/install.log --single-version-externally-managed
[5.393s] Level 1:colcon.colcon_core.environment:checking '/home/legacy/youtube_robot/install/modelo_robot' for CMake config files
[5.393s] Level 1:colcon.colcon_core.environment:checking '/home/legacy/youtube_robot/install/modelo_robot/lib'
[5.393s] Level 1:colcon.colcon_core.environment:checking '/home/legacy/youtube_robot/install/modelo_robot/bin'
[5.393s] Level 1:colcon.colcon_core.environment:checking '/home/legacy/youtube_robot/install/modelo_robot/lib/pkgconfig/modelo_robot.pc'
[5.393s] Level 1:colcon.colcon_core.environment:checking '/home/legacy/youtube_robot/install/modelo_robot/lib/python3.8/site-packages'
[5.394s] Level 1:colcon.colcon_core.shell:create_environment_hook('modelo_robot', 'pythonpath')
[5.396s] INFO:colcon.colcon_core.shell:Creating environment hook '/home/legacy/youtube_robot/install/modelo_robot/share/modelo_robot/hook/pythonpath.ps1'
[5.397s] INFO:colcon.colcon_core.shell:Creating environment descriptor '/home/legacy/youtube_robot/install/modelo_robot/share/modelo_robot/hook/pythonpath.dsv'
[5.397s] INFO:colcon.colcon_core.shell:Creating environment hook '/home/legacy/youtube_robot/install/modelo_robot/share/modelo_robot/hook/pythonpath.sh'
[5.398s] Level 1:colcon.colcon_core.environment:checking '/home/legacy/youtube_robot/install/modelo_robot/bin'
[5.398s] Level 1:colcon.colcon_core.environment:create_environment_scripts_only(modelo_robot)
[5.400s] INFO:colcon.colcon_core.shell:Creating package script '/home/legacy/youtube_robot/install/modelo_robot/share/modelo_robot/package.ps1'
[5.401s] INFO:colcon.colcon_core.shell:Creating package descriptor '/home/legacy/youtube_robot/install/modelo_robot/share/modelo_robot/package.dsv'
[5.401s] INFO:colcon.colcon_core.shell:Creating package script '/home/legacy/youtube_robot/install/modelo_robot/share/modelo_robot/package.sh'
[5.402s] INFO:colcon.colcon_core.shell:Creating package script '/home/legacy/youtube_robot/install/modelo_robot/share/modelo_robot/package.bash'
[5.402s] INFO:colcon.colcon_core.shell:Creating package script '/home/legacy/youtube_robot/install/modelo_robot/share/modelo_robot/package.zsh'
[5.402s] Level 1:colcon.colcon_core.environment:create_file_with_runtime_dependencies(/home/legacy/youtube_robot/install/modelo_robot/share/colcon-core/packages/modelo_robot)
[5.402s] INFO:colcon.colcon_ros.task.ament_python.build:Building ROS package in '/home/legacy/youtube_robot/src/publicador_python' with build type 'ament_python'
[5.403s] Level 1:colcon.colcon_core.shell:create_environment_hook('publicador_python', 'ament_prefix_path')
[5.405s] INFO:colcon.colcon_core.shell:Creating environment hook '/home/legacy/youtube_robot/install/publicador_python/share/publicador_python/hook/ament_prefix_path.ps1'
[5.406s] INFO:colcon.colcon_core.shell:Creating environment descriptor '/home/legacy/youtube_robot/install/publicador_python/share/publicador_python/hook/ament_prefix_path.dsv'
[5.406s] INFO:colcon.colcon_core.shell:Creating environment hook '/home/legacy/youtube_robot/install/publicador_python/share/publicador_python/hook/ament_prefix_path.sh'
[5.411s] INFO:colcon.colcon_core.shell:Skip shell extension 'powershell' for command environment: Not usable outside of PowerShell
[5.411s] DEBUG:colcon.colcon_core.shell:Skip shell extension 'dsv' for command environment
[6.235s] INFO:colcon.colcon_core.task.python.build:Building Python package in '/home/legacy/youtube_robot/src/publicador_python'
[6.238s] INFO:colcon.colcon_core.shell:Skip shell extension 'powershell' for command environment: Not usable outside of PowerShell
[6.238s] DEBUG:colcon.colcon_core.shell:Skip shell extension 'dsv' for command environment
[7.345s] DEBUG:colcon.colcon_core.event_handler.log_command:Invoking command in '/home/legacy/youtube_robot/src/publicador_python': AMENT_PREFIX_PATH=/home/legacy/youtube_robot/install/modelo_robot:${AMENT_PREFIX_PATH} PYTHONPATH=/home/legacy/youtube_robot/install/publicador_python/lib/python3.8/site-packages:/home/legacy/youtube_robot/install/modelo_robot/lib/python3.8/site-packages:${PYTHONPATH} /usr/bin/python3 setup.py egg_info --egg-base ../../build/publicador_python build --build-base /home/legacy/youtube_robot/build/publicador_python/build install --prefix /home/legacy/youtube_robot/install/publicador_python --record /home/legacy/youtube_robot/build/publicador_python/install.log --single-version-externally-managed
[9.191s] Level 1:colcon.colcon_core.environment:checking '/home/legacy/youtube_robot/install/publicador_python' for CMake module files
[9.191s] DEBUG:colcon.colcon_core.event_handler.log_command:Invoked command in '/home/legacy/youtube_robot/src/publicador_python' returned '0': AMENT_PREFIX_PATH=/home/legacy/youtube_robot/install/modelo_robot:${AMENT_PREFIX_PATH} PYTHONPATH=/home/legacy/youtube_robot/install/publicador_python/lib/python3.8/site-packages:/home/legacy/youtube_robot/install/modelo_robot/lib/python3.8/site-packages:${PYTHONPATH} /usr/bin/python3 setup.py egg_info --egg-base ../../build/publicador_python build --build-base /home/legacy/youtube_robot/build/publicador_python/build install --prefix /home/legacy/youtube_robot/install/publicador_python --record /home/legacy/youtube_robot/build/publicador_python/install.log --single-version-externally-managed
[9.192s] Level 1:colcon.colcon_core.environment:checking '/home/legacy/youtube_robot/install/publicador_python' for CMake config files
[9.192s] Level 1:colcon.colcon_core.environment:checking '/home/legacy/youtube_robot/install/publicador_python/lib'
[9.192s] Level 1:colcon.colcon_core.environment:checking '/home/legacy/youtube_robot/install/publicador_python/bin'
[9.192s] Level 1:colcon.colcon_core.environment:checking '/home/legacy/youtube_robot/install/publicador_python/lib/pkgconfig/publicador_python.pc'
[9.193s] Level 1:colcon.colcon_core.environment:checking '/home/legacy/youtube_robot/install/publicador_python/lib/python3.8/site-packages'
[9.193s] Level 1:colcon.colcon_core.shell:create_environment_hook('publicador_python', 'pythonpath')
[9.196s] INFO:colcon.colcon_core.shell:Creating environment hook '/home/legacy/youtube_robot/install/publicador_python/share/publicador_python/hook/pythonpath.ps1'
[9.197s] INFO:colcon.colcon_core.shell:Creating environment descriptor '/home/legacy/youtube_robot/install/publicador_python/share/publicador_python/hook/pythonpath.dsv'
[9.197s] INFO:colcon.colcon_core.shell:Creating environment hook '/home/legacy/youtube_robot/install/publicador_python/share/publicador_python/hook/pythonpath.sh'
[9.198s] Level 1:colcon.colcon_core.environment:checking '/home/legacy/youtube_robot/install/publicador_python/bin'
[9.198s] Level 1:colcon.colcon_core.environment:create_environment_scripts_only(publicador_python)
[9.200s] INFO:colcon.colcon_core.shell:Creating package script '/home/legacy/youtube_robot/install/publicador_python/share/publicador_python/package.ps1'
[9.201s] INFO:colcon.colcon_core.shell:Creating package descriptor '/home/legacy/youtube_robot/install/publicador_python/share/publicador_python/package.dsv'
[9.201s] INFO:colcon.colcon_core.shell:Creating package script '/home/legacy/youtube_robot/install/publicador_python/share/publicador_python/package.sh'
[9.202s] INFO:colcon.colcon_core.shell:Creating package script '/home/legacy/youtube_robot/install/publicador_python/share/publicador_python/package.bash'
[9.202s] INFO:colcon.colcon_core.shell:Creating package script '/home/legacy/youtube_robot/install/publicador_python/share/publicador_python/package.zsh'
[9.202s] Level 1:colcon.colcon_core.environment:create_file_with_runtime_dependencies(/home/legacy/youtube_robot/install/publicador_python/share/colcon-core/packages/publicador_python)
[9.202s] DEBUG:colcon.colcon_parallel_executor.executor.parallel:closing loop
[9.203s] DEBUG:colcon.colcon_parallel_executor.executor.parallel:loop closed
[9.203s] DEBUG:colcon.colcon_parallel_executor.executor.parallel:run_until_complete finished with '0'
[9.203s] DEBUG:colcon.colcon_core.event_reactor:joining thread
[9.213s] INFO:colcon.colcon_core.plugin_system:Skipping extension 'colcon_notification.desktop_notification.terminal_notifier': Not used on non-Darwin systems
[9.213s] INFO:colcon.colcon_core.plugin_system:Skipping extension 'colcon_notification.desktop_notification.win32': Not used on non-Windows systems
[9.213s] INFO:colcon.colcon_notification.desktop_notification:Sending desktop notification using 'notify2'
[9.230s] DEBUG:colcon.colcon_core.event_reactor:joined thread
[9.233s] INFO:colcon.colcon_core.shell:Creating prefix script '/home/legacy/youtube_robot/install/local_setup.ps1'
[9.234s] INFO:colcon.colcon_core.shell:Creating prefix util module '/home/legacy/youtube_robot/install/_local_setup_util_ps1.py'
[9.235s] INFO:colcon.colcon_core.shell:Creating prefix chain script '/home/legacy/youtube_robot/install/setup.ps1'
[9.237s] INFO:colcon.colcon_core.shell:Creating prefix script '/home/legacy/youtube_robot/install/local_setup.sh'
[9.238s] INFO:colcon.colcon_core.shell:Creating prefix util module '/home/legacy/youtube_robot/install/_local_setup_util_sh.py'
[9.239s] INFO:colcon.colcon_core.shell:Creating prefix chain script '/home/legacy/youtube_robot/install/setup.sh'
[9.240s] INFO:colcon.colcon_core.shell:Creating prefix script '/home/legacy/youtube_robot/install/local_setup.bash'
[9.241s] INFO:colcon.colcon_core.shell:Creating prefix chain script '/home/legacy/youtube_robot/install/setup.bash'
[9.243s] INFO:colcon.colcon_core.shell:Creating prefix script '/home/legacy/youtube_robot/install/local_setup.zsh'
[9.244s] INFO:colcon.colcon_core.shell:Creating prefix chain script '/home/legacy/youtube_robot/install/setup.zsh'
