[0.803s] Invoking command in '/home/legacy/youtube_robot/src/publicador_python': AMENT_PREFIX_PATH=/home/legacy/youtube_robot/install/modelo_robot:/home/legacy/youtube_robot/install/publicador_python:/opt/ros/foxy PYTHONPATH=/home/legacy/youtube_robot/install/publicador_python/lib/python3.8/site-packages:/home/legacy/youtube_robot/install/modelo_robot/lib/python3.8/site-packages:/home/legacy/youtube_robot/install/publicador_python/lib/python3.8/site-packages:/opt/ros/foxy/lib/python3.8/site-packages /usr/bin/python3 setup.py egg_info --egg-base ../../build/publicador_python build --build-base /home/legacy/youtube_robot/build/publicador_python/build install --prefix /home/legacy/youtube_robot/install/publicador_python --record /home/legacy/youtube_robot/build/publicador_python/install.log --single-version-externally-managed
[1.043s] running egg_info
[1.044s] writing ../../build/publicador_python/publicador_python.egg-info/PKG-INFO
[1.044s] writing dependency_links to ../../build/publicador_python/publicador_python.egg-info/dependency_links.txt
[1.044s] writing entry points to ../../build/publicador_python/publicador_python.egg-info/entry_points.txt
[1.045s] writing requirements to ../../build/publicador_python/publicador_python.egg-info/requires.txt
[1.045s] writing top-level names to ../../build/publicador_python/publicador_python.egg-info/top_level.txt
[1.082s] reading manifest file '../../build/publicador_python/publicador_python.egg-info/SOURCES.txt'
[1.083s] writing manifest file '../../build/publicador_python/publicador_python.egg-info/SOURCES.txt'
[1.083s] running build
[1.083s] running build_py
[1.083s] copying publicador_python/subscriber_odom.py -> /home/legacy/youtube_robot/build/publicador_python/build/lib/publicador_python
[1.083s] copying publicador_python/publicador_cmd.py -> /home/legacy/youtube_robot/build/publicador_python/build/lib/publicador_python
[1.084s] running install
[1.085s] running install_lib
[1.086s] copying /home/legacy/youtube_robot/build/publicador_python/build/lib/publicador_python/subscriber_odom.py -> /home/legacy/youtube_robot/install/publicador_python/lib/python3.8/site-packages/publicador_python
[1.087s] copying /home/legacy/youtube_robot/build/publicador_python/build/lib/publicador_python/publicador_cmd.py -> /home/legacy/youtube_robot/install/publicador_python/lib/python3.8/site-packages/publicador_python
[1.088s] byte-compiling /home/legacy/youtube_robot/install/publicador_python/lib/python3.8/site-packages/publicador_python/subscriber_odom.py to subscriber_odom.cpython-38.pyc
[1.090s] byte-compiling /home/legacy/youtube_robot/install/publicador_python/lib/python3.8/site-packages/publicador_python/publicador_cmd.py to publicador_cmd.cpython-38.pyc
[1.090s] running install_data
[1.091s] running install_egg_info
[1.093s] removing '/home/legacy/youtube_robot/install/publicador_python/lib/python3.8/site-packages/publicador_python-0.0.0-py3.8.egg-info' (and everything under it)
[1.093s] Copying ../../build/publicador_python/publicador_python.egg-info to /home/legacy/youtube_robot/install/publicador_python/lib/python3.8/site-packages/publicador_python-0.0.0-py3.8.egg-info
[1.094s] running install_scripts
[1.109s] Installing publicador_cmd script to /home/legacy/youtube_robot/install/publicador_python/lib/publicador_python
[1.109s] Installing subscriber_odom script to /home/legacy/youtube_robot/install/publicador_python/lib/publicador_python
[1.109s] writing list of installed files to '/home/legacy/youtube_robot/build/publicador_python/install.log'
[1.130s] Invoked command in '/home/legacy/youtube_robot/src/publicador_python' returned '0': AMENT_PREFIX_PATH=/home/legacy/youtube_robot/install/modelo_robot:/home/legacy/youtube_robot/install/publicador_python:/opt/ros/foxy PYTHONPATH=/home/legacy/youtube_robot/install/publicador_python/lib/python3.8/site-packages:/home/legacy/youtube_robot/install/modelo_robot/lib/python3.8/site-packages:/home/legacy/youtube_robot/install/publicador_python/lib/python3.8/site-packages:/opt/ros/foxy/lib/python3.8/site-packages /usr/bin/python3 setup.py egg_info --egg-base ../../build/publicador_python build --build-base /home/legacy/youtube_robot/build/publicador_python/build install --prefix /home/legacy/youtube_robot/install/publicador_python --record /home/legacy/youtube_robot/build/publicador_python/install.log --single-version-externally-managed
