[2.593s] Invoking command in '/home/legacy/youtube_robot/src/publicador_python': AMENT_PREFIX_PATH=/home/legacy/youtube_robot/install/modelo_robot:${AMENT_PREFIX_PATH} PYTHONPATH=/home/legacy/youtube_robot/install/publicador_python/lib/python3.8/site-packages:/home/legacy/youtube_robot/install/modelo_robot/lib/python3.8/site-packages:${PYTHONPATH} /usr/bin/python3 setup.py egg_info --egg-base ../../build/publicador_python build --build-base /home/legacy/youtube_robot/build/publicador_python/build install --prefix /home/legacy/youtube_robot/install/publicador_python --record /home/legacy/youtube_robot/build/publicador_python/install.log --single-version-externally-managed
[2.927s] /home/legacy/.local/lib/python3.8/site-packages/setuptools/dist.py:772: UserWarning: Usage of dash-separated 'script-dir' will not be supported in future versions. Please use the underscore name 'script_dir' instead
[2.927s]   warnings.warn(
[2.927s] /home/legacy/.local/lib/python3.8/site-packages/setuptools/dist.py:772: UserWarning: Usage of dash-separated 'install-scripts' will not be supported in future versions. Please use the underscore name 'install_scripts' instead
[2.927s]   warnings.warn(
[3.603s] running egg_info
[3.667s] writing ../../build/publicador_python/publicador_python.egg-info/PKG-INFO
[3.718s] writing dependency_links to ../../build/publicador_python/publicador_python.egg-info/dependency_links.txt
[3.882s] writing entry points to ../../build/publicador_python/publicador_python.egg-info/entry_points.txt
[3.982s] writing requirements to ../../build/publicador_python/publicador_python.egg-info/requires.txt
[4.033s] writing top-level names to ../../build/publicador_python/publicador_python.egg-info/top_level.txt
[4.112s] reading manifest file '../../build/publicador_python/publicador_python.egg-info/SOURCES.txt'
[4.113s] writing manifest file '../../build/publicador_python/publicador_python.egg-info/SOURCES.txt'
[4.113s] running build
[4.113s] running build_py
[4.113s] running install
[4.114s] /home/legacy/.local/lib/python3.8/site-packages/setuptools/command/install.py:34: SetuptoolsDeprecationWarning: setup.py install is deprecated. Use build and pip and other standards-based tools.
[4.114s]   warnings.warn(
[4.119s] running install_lib
[4.192s] running install_data
[4.205s] running install_egg_info
[4.269s] removing '/home/legacy/youtube_robot/install/publicador_python/lib/python3.8/site-packages/publicador_python-0.0.0-py3.8.egg-info' (and everything under it)
[4.269s] Copying ../../build/publicador_python/publicador_python.egg-info to /home/legacy/youtube_robot/install/publicador_python/lib/python3.8/site-packages/publicador_python-0.0.0-py3.8.egg-info
[4.270s] running install_scripts
[4.389s] Installing publicador_cmd script to /home/legacy/youtube_robot/install/publicador_python/lib/publicador_python
[4.389s] Installing subscriber_odom script to /home/legacy/youtube_robot/install/publicador_python/lib/publicador_python
[4.389s] writing list of installed files to '/home/legacy/youtube_robot/build/publicador_python/install.log'
