[0.680s] Invoking command in '/home/legacy/youtube_robot/src/publicador_python': AMENT_PREFIX_PATH=/home/legacy/youtube_robot/install/modelo_robot:/home/legacy/youtube_robot/install/publicador_python:/opt/ros/foxy PYTHONPATH=/home/legacy/youtube_robot/install/publicador_python/lib/python3.8/site-packages:/home/legacy/youtube_robot/install/modelo_robot/lib/python3.8/site-packages:/home/legacy/youtube_robot/install/publicador_python/lib/python3.8/site-packages:/opt/ros/foxy/lib/python3.8/site-packages /usr/bin/python3 setup.py egg_info --egg-base ../../build/publicador_python build --build-base /home/legacy/youtube_robot/build/publicador_python/build install --prefix /home/legacy/youtube_robot/install/publicador_python --record /home/legacy/youtube_robot/build/publicador_python/install.log --single-version-externally-managed
[0.917s] running egg_info
[0.917s] writing ../../build/publicador_python/publicador_python.egg-info/PKG-INFO
[0.918s] writing dependency_links to ../../build/publicador_python/publicador_python.egg-info/dependency_links.txt
[0.918s] writing entry points to ../../build/publicador_python/publicador_python.egg-info/entry_points.txt
[0.918s] writing requirements to ../../build/publicador_python/publicador_python.egg-info/requires.txt
[0.918s] writing top-level names to ../../build/publicador_python/publicador_python.egg-info/top_level.txt
[0.951s] reading manifest file '../../build/publicador_python/publicador_python.egg-info/SOURCES.txt'
[0.952s] writing manifest file '../../build/publicador_python/publicador_python.egg-info/SOURCES.txt'
[0.952s] running build
[0.952s] running build_py
[0.952s] running install
[0.953s] running install_lib
[0.954s] running install_data
[0.955s] running install_egg_info
[0.956s] removing '/home/legacy/youtube_robot/install/publicador_python/lib/python3.8/site-packages/publicador_python-0.0.0-py3.8.egg-info' (and everything under it)
[0.956s] Copying ../../build/publicador_python/publicador_python.egg-info to /home/legacy/youtube_robot/install/publicador_python/lib/python3.8/site-packages/publicador_python-0.0.0-py3.8.egg-info
[0.957s] running install_scripts
[0.971s] Installing publicador_cmd script to /home/legacy/youtube_robot/install/publicador_python/lib/publicador_python
[0.972s] writing list of installed files to '/home/legacy/youtube_robot/build/publicador_python/install.log'
[0.989s] Invoked command in '/home/legacy/youtube_robot/src/publicador_python' returned '0': AMENT_PREFIX_PATH=/home/legacy/youtube_robot/install/modelo_robot:/home/legacy/youtube_robot/install/publicador_python:/opt/ros/foxy PYTHONPATH=/home/legacy/youtube_robot/install/publicador_python/lib/python3.8/site-packages:/home/legacy/youtube_robot/install/modelo_robot/lib/python3.8/site-packages:/home/legacy/youtube_robot/install/publicador_python/lib/python3.8/site-packages:/opt/ros/foxy/lib/python3.8/site-packages /usr/bin/python3 setup.py egg_info --egg-base ../../build/publicador_python build --build-base /home/legacy/youtube_robot/build/publicador_python/build install --prefix /home/legacy/youtube_robot/install/publicador_python --record /home/legacy/youtube_robot/build/publicador_python/install.log --single-version-externally-managed
