[0.583s] Invoking command in '/home/legacy/youtube_robot/src/modelo_robot': PYTHONPATH=/home/legacy/youtube_robot/install/modelo_robot/lib/python3.8/site-packages:${PYTHONPATH} /usr/bin/python3 setup.py egg_info --egg-base ../../build/modelo_robot build --build-base /home/legacy/youtube_robot/build/modelo_robot/build install --prefix /home/legacy/youtube_robot/install/modelo_robot --record /home/legacy/youtube_robot/build/modelo_robot/install.log --single-version-externally-managed
[0.784s] running egg_info
[0.784s] creating ../../build/modelo_robot/modelo_robot.egg-info
[0.784s] writing ../../build/modelo_robot/modelo_robot.egg-info/PKG-INFO
[0.784s] writing dependency_links to ../../build/modelo_robot/modelo_robot.egg-info/dependency_links.txt
[0.784s] writing entry points to ../../build/modelo_robot/modelo_robot.egg-info/entry_points.txt
[0.784s] writing requirements to ../../build/modelo_robot/modelo_robot.egg-info/requires.txt
[0.785s] writing top-level names to ../../build/modelo_robot/modelo_robot.egg-info/top_level.txt
[0.785s] writing manifest file '../../build/modelo_robot/modelo_robot.egg-info/SOURCES.txt'
[0.814s] reading manifest file '../../build/modelo_robot/modelo_robot.egg-info/SOURCES.txt'
[0.815s] writing manifest file '../../build/modelo_robot/modelo_robot.egg-info/SOURCES.txt'
[0.815s] running build
[0.815s] running build_py
[0.815s] creating /home/legacy/youtube_robot/build/modelo_robot/build
[0.815s] creating /home/legacy/youtube_robot/build/modelo_robot/build/lib
[0.815s] creating /home/legacy/youtube_robot/build/modelo_robot/build/lib/modelo_robot
[0.815s] copying modelo_robot/__init__.py -> /home/legacy/youtube_robot/build/modelo_robot/build/lib/modelo_robot
[0.815s] running install
[0.815s] running install_lib
[0.816s] creating /home/legacy/youtube_robot/install/modelo_robot/lib/python3.8/site-packages/modelo_robot
[0.816s] copying /home/legacy/youtube_robot/build/modelo_robot/build/lib/modelo_robot/__init__.py -> /home/legacy/youtube_robot/install/modelo_robot/lib/python3.8/site-packages/modelo_robot
[0.817s] byte-compiling /home/legacy/youtube_robot/install/modelo_robot/lib/python3.8/site-packages/modelo_robot/__init__.py to __init__.cpython-38.pyc
[0.818s] running install_data
[0.818s] creating /home/legacy/youtube_robot/install/modelo_robot/share/ament_index
[0.818s] creating /home/legacy/youtube_robot/install/modelo_robot/share/ament_index/resource_index
[0.818s] creating /home/legacy/youtube_robot/install/modelo_robot/share/ament_index/resource_index/packages
[0.818s] copying resource/modelo_robot -> /home/legacy/youtube_robot/install/modelo_robot/share/ament_index/resource_index/packages
[0.819s] copying package.xml -> /home/legacy/youtube_robot/install/modelo_robot/share/modelo_robot
[0.819s] creating /home/legacy/youtube_robot/install/modelo_robot/share/modelo_robot/urdf
[0.819s] copying urdf/Seguidor_linea_robot.urdf -> /home/legacy/youtube_robot/install/modelo_robot/share/modelo_robot/urdf
[0.819s] creating /home/legacy/youtube_robot/install/modelo_robot/share/modelo_robot/launch
[0.819s] copying launch/gazebo.launch.py -> /home/legacy/youtube_robot/install/modelo_robot/share/modelo_robot/launch
[0.819s] copying launch/display.launch.py -> /home/legacy/youtube_robot/install/modelo_robot/share/modelo_robot/launch
[0.819s] creating /home/legacy/youtube_robot/install/modelo_robot/share/modelo_robot/meshes
[0.819s] copying meshes/Rueda_derecha_link.STL -> /home/legacy/youtube_robot/install/modelo_robot/share/modelo_robot/meshes
[0.820s] copying meshes/Rueda_castor_link.STL -> /home/legacy/youtube_robot/install/modelo_robot/share/modelo_robot/meshes
[0.820s] copying meshes/Rueda_izquierda_link.STL -> /home/legacy/youtube_robot/install/modelo_robot/share/modelo_robot/meshes
[0.821s] copying meshes/base_link.STL -> /home/legacy/youtube_robot/install/modelo_robot/share/modelo_robot/meshes
[0.822s] copying meshes/Base_castor_link.STL -> /home/legacy/youtube_robot/install/modelo_robot/share/modelo_robot/meshes
[0.822s] creating /home/legacy/youtube_robot/install/modelo_robot/share/modelo_robot/worlds
[0.822s] copying worlds/world.world -> /home/legacy/youtube_robot/install/modelo_robot/share/modelo_robot/worlds
[0.822s] running install_egg_info
[0.824s] Copying ../../build/modelo_robot/modelo_robot.egg-info to /home/legacy/youtube_robot/install/modelo_robot/lib/python3.8/site-packages/modelo_robot-0.0.0-py3.8.egg-info
[0.824s] running install_scripts
[0.839s] writing list of installed files to '/home/legacy/youtube_robot/build/modelo_robot/install.log'
[0.855s] Invoked command in '/home/legacy/youtube_robot/src/modelo_robot' returned '0': PYTHONPATH=/home/legacy/youtube_robot/install/modelo_robot/lib/python3.8/site-packages:${PYTHONPATH} /usr/bin/python3 setup.py egg_info --egg-base ../../build/modelo_robot build --build-base /home/legacy/youtube_robot/build/modelo_robot/build install --prefix /home/legacy/youtube_robot/install/modelo_robot --record /home/legacy/youtube_robot/build/modelo_robot/install.log --single-version-externally-managed
