[0.434s] DEBUG:colcon:Command line arguments: ['/usr/bin/colcon', 'build']
[0.434s] DEBUG:colcon:Parsed command line arguments: Namespace(allow_overriding=[], ament_cmake_args=None, base_paths=['.'], build_base='build', catkin_cmake_args=None, catkin_skip_building_tests=False, cmake_args=None, cmake_clean_cache=False, cmake_clean_first=False, cmake_force_configure=False, cmake_target=None, cmake_target_skip_unavailable=False, continue_on_error=False, event_handlers=None, executor='parallel', ignore_user_meta=False, install_base='install', log_base=None, log_level=None, main=<bound method BuildVerb.main of <colcon_core.verb.build.BuildVerb object at 0x7f4905737b50>>, merge_install=False, metas=['./colcon.meta'], mixin=None, mixin_files=None, mixin_verb=('build',), packages_above=None, packages_above_and_dependencies=None, packages_above_depth=None, packages_end=None, packages_ignore=None, packages_ignore_regex=None, packages_select=None, packages_select_build_failed=False, packages_select_by_dep=None, packages_select_regex=None, packages_select_test_failures=False, packages_skip=None, packages_skip_build_finished=False, packages_skip_by_dep=None, packages_skip_regex=None, packages_skip_test_passed=False, packages_skip_up_to=None, packages_start=None, packages_up_to=None, packages_up_to_regex=None, parallel_workers=8, paths=None, symlink_install=False, test_result_base=None, verb_extension=<colcon_core.verb.build.BuildVerb object at 0x7f4905737b50>, verb_name='build', verb_parser=<colcon_mixin.mixin.mixin_argument.MixinArgumentDecorator object at 0x7f49055d6fd0>)
[0.496s] Level 1:colcon.colcon_core.package_discovery:discover_packages(colcon_meta) check parameters
[0.496s] Level 1:colcon.colcon_core.package_discovery:discover_packages(recursive) check parameters
[0.496s] Level 1:colcon.colcon_core.package_discovery:discover_packages(ignore) check parameters
[0.496s] Level 1:colcon.colcon_core.package_discovery:discover_packages(path) check parameters
[0.496s] Level 1:colcon.colcon_core.package_discovery:discover_packages(colcon_meta) discover
[0.496s] Level 1:colcon.colcon_core.package_discovery:discover_packages(recursive) discover
[0.496s] INFO:colcon.colcon_core.package_discovery:Crawling recursively for packages in '/home/legacy/youtube_robot'
[0.496s] Level 1:colcon.colcon_core.package_identification:_identify(.) by extensions ['ignore', 'ignore_ament_install']
[0.496s] Level 1:colcon.colcon_core.package_identification:_identify(.) by extension 'ignore'
[0.496s] Level 1:colcon.colcon_core.package_identification:_identify(.) by extension 'ignore_ament_install'
[0.496s] Level 1:colcon.colcon_core.package_identification:_identify(.) by extensions ['colcon_pkg']
[0.496s] Level 1:colcon.colcon_core.package_identification:_identify(.) by extension 'colcon_pkg'
[0.496s] Level 1:colcon.colcon_core.package_identification:_identify(.) by extensions ['colcon_meta']
[0.497s] Level 1:colcon.colcon_core.package_identification:_identify(.) by extension 'colcon_meta'
[0.497s] Level 1:colcon.colcon_core.package_identification:_identify(.) by extensions ['ros']
[0.497s] Level 1:colcon.colcon_core.package_identification:_identify(.) by extension 'ros'
[0.511s] Level 1:colcon.colcon_core.package_identification:_identify(.) by extensions ['cmake', 'python']
[0.511s] Level 1:colcon.colcon_core.package_identification:_identify(.) by extension 'cmake'
[0.511s] Level 1:colcon.colcon_core.package_identification:_identify(.) by extension 'python'
[0.511s] Level 1:colcon.colcon_core.package_identification:_identify(.) by extensions ['python_setup_py']
[0.511s] Level 1:colcon.colcon_core.package_identification:_identify(.) by extension 'python_setup_py'
[0.511s] Level 1:colcon.colcon_core.package_identification:_identify(build) by extensions ['ignore', 'ignore_ament_install']
[0.511s] Level 1:colcon.colcon_core.package_identification:_identify(build) by extension 'ignore'
[0.511s] Level 1:colcon.colcon_core.package_identification:_identify(build) ignored
[0.511s] Level 1:colcon.colcon_core.package_identification:_identify(install) by extensions ['ignore', 'ignore_ament_install']
[0.511s] Level 1:colcon.colcon_core.package_identification:_identify(install) by extension 'ignore'
[0.511s] Level 1:colcon.colcon_core.package_identification:_identify(install) ignored
[0.512s] Level 1:colcon.colcon_core.package_identification:_identify(log) by extensions ['ignore', 'ignore_ament_install']
[0.512s] Level 1:colcon.colcon_core.package_identification:_identify(log) by extension 'ignore'
[0.512s] Level 1:colcon.colcon_core.package_identification:_identify(log) ignored
[0.512s] Level 1:colcon.colcon_core.package_identification:_identify(src) by extensions ['ignore', 'ignore_ament_install']
[0.512s] Level 1:colcon.colcon_core.package_identification:_identify(src) by extension 'ignore'
[0.512s] Level 1:colcon.colcon_core.package_identification:_identify(src) by extension 'ignore_ament_install'
[0.512s] Level 1:colcon.colcon_core.package_identification:_identify(src) by extensions ['colcon_pkg']
[0.512s] Level 1:colcon.colcon_core.package_identification:_identify(src) by extension 'colcon_pkg'
[0.512s] Level 1:colcon.colcon_core.package_identification:_identify(src) by extensions ['colcon_meta']
[0.512s] Level 1:colcon.colcon_core.package_identification:_identify(src) by extension 'colcon_meta'
[0.512s] Level 1:colcon.colcon_core.package_identification:_identify(src) by extensions ['ros']
[0.512s] Level 1:colcon.colcon_core.package_identification:_identify(src) by extension 'ros'
[0.512s] Level 1:colcon.colcon_core.package_identification:_identify(src) by extensions ['cmake', 'python']
[0.512s] Level 1:colcon.colcon_core.package_identification:_identify(src) by extension 'cmake'
[0.513s] Level 1:colcon.colcon_core.package_identification:_identify(src) by extension 'python'
[0.513s] Level 1:colcon.colcon_core.package_identification:_identify(src) by extensions ['python_setup_py']
[0.513s] Level 1:colcon.colcon_core.package_identification:_identify(src) by extension 'python_setup_py'
[0.513s] Level 1:colcon.colcon_core.package_identification:_identify(src/mapper_pkg) by extensions ['ignore', 'ignore_ament_install']
[0.513s] Level 1:colcon.colcon_core.package_identification:_identify(src/mapper_pkg) by extension 'ignore'
[0.513s] Level 1:colcon.colcon_core.package_identification:_identify(src/mapper_pkg) by extension 'ignore_ament_install'
[0.513s] Level 1:colcon.colcon_core.package_identification:_identify(src/mapper_pkg) by extensions ['colcon_pkg']
[0.513s] Level 1:colcon.colcon_core.package_identification:_identify(src/mapper_pkg) by extension 'colcon_pkg'
[0.513s] Level 1:colcon.colcon_core.package_identification:_identify(src/mapper_pkg) by extensions ['colcon_meta']
[0.513s] Level 1:colcon.colcon_core.package_identification:_identify(src/mapper_pkg) by extension 'colcon_meta'
[0.513s] Level 1:colcon.colcon_core.package_identification:_identify(src/mapper_pkg) by extensions ['ros']
[0.513s] Level 1:colcon.colcon_core.package_identification:_identify(src/mapper_pkg) by extension 'ros'
[0.515s] DEBUG:colcon.colcon_core.package_identification:Package 'src/mapper_pkg' with type 'ros.ament_cmake' and name 'mapper_pkg'
[0.515s] Level 1:colcon.colcon_core.package_identification:_identify(src/modelo_robot) by extensions ['ignore', 'ignore_ament_install']
[0.516s] Level 1:colcon.colcon_core.package_identification:_identify(src/modelo_robot) by extension 'ignore'
[0.516s] Level 1:colcon.colcon_core.package_identification:_identify(src/modelo_robot) by extension 'ignore_ament_install'
[0.516s] Level 1:colcon.colcon_core.package_identification:_identify(src/modelo_robot) by extensions ['colcon_pkg']
[0.516s] Level 1:colcon.colcon_core.package_identification:_identify(src/modelo_robot) by extension 'colcon_pkg'
[0.516s] Level 1:colcon.colcon_core.package_identification:_identify(src/modelo_robot) by extensions ['colcon_meta']
[0.516s] Level 1:colcon.colcon_core.package_identification:_identify(src/modelo_robot) by extension 'colcon_meta'
[0.516s] Level 1:colcon.colcon_core.package_identification:_identify(src/modelo_robot) by extensions ['ros']
[0.516s] Level 1:colcon.colcon_core.package_identification:_identify(src/modelo_robot) by extension 'ros'
[0.516s] DEBUG:colcon.colcon_core.package_identification:Package 'src/modelo_robot' with type 'ros.ament_python' and name 'modelo_robot'
[0.516s] Level 1:colcon.colcon_core.package_identification:_identify(src/pub_sub_cpp) by extensions ['ignore', 'ignore_ament_install']
[0.517s] Level 1:colcon.colcon_core.package_identification:_identify(src/pub_sub_cpp) by extension 'ignore'
[0.517s] Level 1:colcon.colcon_core.package_identification:_identify(src/pub_sub_cpp) by extension 'ignore_ament_install'
[0.517s] Level 1:colcon.colcon_core.package_identification:_identify(src/pub_sub_cpp) by extensions ['colcon_pkg']
[0.517s] Level 1:colcon.colcon_core.package_identification:_identify(src/pub_sub_cpp) by extension 'colcon_pkg'
[0.517s] Level 1:colcon.colcon_core.package_identification:_identify(src/pub_sub_cpp) by extensions ['colcon_meta']
[0.517s] Level 1:colcon.colcon_core.package_identification:_identify(src/pub_sub_cpp) by extension 'colcon_meta'
[0.517s] Level 1:colcon.colcon_core.package_identification:_identify(src/pub_sub_cpp) by extensions ['ros']
[0.517s] Level 1:colcon.colcon_core.package_identification:_identify(src/pub_sub_cpp) by extension 'ros'
[0.517s] Level 1:colcon.colcon_core.package_identification:_identify(src/pub_sub_cpp) by extensions ['cmake', 'python']
[0.517s] Level 1:colcon.colcon_core.package_identification:_identify(src/pub_sub_cpp) by extension 'cmake'
[0.517s] Level 1:colcon.colcon_core.package_identification:_identify(src/pub_sub_cpp) by extension 'python'
[0.517s] Level 1:colcon.colcon_core.package_identification:_identify(src/pub_sub_cpp) by extensions ['python_setup_py']
[0.517s] Level 1:colcon.colcon_core.package_identification:_identify(src/pub_sub_cpp) by extension 'python_setup_py'
[0.517s] Level 1:colcon.colcon_core.package_identification:_identify(src/pub_sub_cpp/include) by extensions ['ignore', 'ignore_ament_install']
[0.517s] Level 1:colcon.colcon_core.package_identification:_identify(src/pub_sub_cpp/include) by extension 'ignore'
[0.517s] Level 1:colcon.colcon_core.package_identification:_identify(src/pub_sub_cpp/include) by extension 'ignore_ament_install'
[0.518s] Level 1:colcon.colcon_core.package_identification:_identify(src/pub_sub_cpp/include) by extensions ['colcon_pkg']
[0.518s] Level 1:colcon.colcon_core.package_identification:_identify(src/pub_sub_cpp/include) by extension 'colcon_pkg'
[0.518s] Level 1:colcon.colcon_core.package_identification:_identify(src/pub_sub_cpp/include) by extensions ['colcon_meta']
[0.518s] Level 1:colcon.colcon_core.package_identification:_identify(src/pub_sub_cpp/include) by extension 'colcon_meta'
[0.518s] Level 1:colcon.colcon_core.package_identification:_identify(src/pub_sub_cpp/include) by extensions ['ros']
[0.518s] Level 1:colcon.colcon_core.package_identification:_identify(src/pub_sub_cpp/include) by extension 'ros'
[0.518s] Level 1:colcon.colcon_core.package_identification:_identify(src/pub_sub_cpp/include) by extensions ['cmake', 'python']
[0.518s] Level 1:colcon.colcon_core.package_identification:_identify(src/pub_sub_cpp/include) by extension 'cmake'
[0.518s] Level 1:colcon.colcon_core.package_identification:_identify(src/pub_sub_cpp/include) by extension 'python'
[0.518s] Level 1:colcon.colcon_core.package_identification:_identify(src/pub_sub_cpp/include) by extensions ['python_setup_py']
[0.518s] Level 1:colcon.colcon_core.package_identification:_identify(src/pub_sub_cpp/include) by extension 'python_setup_py'
[0.518s] Level 1:colcon.colcon_core.package_identification:_identify(src/pub_sub_cpp/include/pub_sub_cpp) by extensions ['ignore', 'ignore_ament_install']
[0.518s] Level 1:colcon.colcon_core.package_identification:_identify(src/pub_sub_cpp/include/pub_sub_cpp) by extension 'ignore'
[0.518s] Level 1:colcon.colcon_core.package_identification:_identify(src/pub_sub_cpp/include/pub_sub_cpp) by extension 'ignore_ament_install'
[0.518s] Level 1:colcon.colcon_core.package_identification:_identify(src/pub_sub_cpp/include/pub_sub_cpp) by extensions ['colcon_pkg']
[0.518s] Level 1:colcon.colcon_core.package_identification:_identify(src/pub_sub_cpp/include/pub_sub_cpp) by extension 'colcon_pkg'
[0.518s] Level 1:colcon.colcon_core.package_identification:_identify(src/pub_sub_cpp/include/pub_sub_cpp) by extensions ['colcon_meta']
[0.519s] Level 1:colcon.colcon_core.package_identification:_identify(src/pub_sub_cpp/include/pub_sub_cpp) by extension 'colcon_meta'
[0.519s] Level 1:colcon.colcon_core.package_identification:_identify(src/pub_sub_cpp/include/pub_sub_cpp) by extensions ['ros']
[0.519s] Level 1:colcon.colcon_core.package_identification:_identify(src/pub_sub_cpp/include/pub_sub_cpp) by extension 'ros'
[0.519s] Level 1:colcon.colcon_core.package_identification:_identify(src/pub_sub_cpp/include/pub_sub_cpp) by extensions ['cmake', 'python']
[0.519s] Level 1:colcon.colcon_core.package_identification:_identify(src/pub_sub_cpp/include/pub_sub_cpp) by extension 'cmake'
[0.519s] Level 1:colcon.colcon_core.package_identification:_identify(src/pub_sub_cpp/include/pub_sub_cpp) by extension 'python'
[0.519s] Level 1:colcon.colcon_core.package_identification:_identify(src/pub_sub_cpp/include/pub_sub_cpp) by extensions ['python_setup_py']
[0.519s] Level 1:colcon.colcon_core.package_identification:_identify(src/pub_sub_cpp/include/pub_sub_cpp) by extension 'python_setup_py'
[0.519s] Level 1:colcon.colcon_core.package_discovery:discover_packages(recursive) using defaults
[0.519s] Level 1:colcon.colcon_core.package_discovery:discover_packages(ignore) discover
[0.519s] Level 1:colcon.colcon_core.package_discovery:discover_packages(ignore) using defaults
[0.519s] Level 1:colcon.colcon_core.package_discovery:discover_packages(path) discover
[0.519s] Level 1:colcon.colcon_core.package_discovery:discover_packages(path) using defaults
[0.545s] Level 1:colcon.colcon_core.package_discovery:discover_packages(prefix_path) check parameters
[0.545s] Level 1:colcon.colcon_core.package_discovery:discover_packages(prefix_path) discover
[0.549s] DEBUG:colcon.colcon_installed_package_information.package_discovery:Found 333 installed packages in /opt/ros/foxy
[0.550s] Level 1:colcon.colcon_core.package_discovery:discover_packages(prefix_path) using defaults
[0.625s] Level 5:colcon.colcon_core.verb:set package 'mapper_pkg' build argument 'cmake_args' from command line to 'None'
[0.625s] Level 5:colcon.colcon_core.verb:set package 'mapper_pkg' build argument 'cmake_target' from command line to 'None'
[0.625s] Level 5:colcon.colcon_core.verb:set package 'mapper_pkg' build argument 'cmake_target_skip_unavailable' from command line to 'False'
[0.625s] Level 5:colcon.colcon_core.verb:set package 'mapper_pkg' build argument 'cmake_clean_cache' from command line to 'False'
[0.625s] Level 5:colcon.colcon_core.verb:set package 'mapper_pkg' build argument 'cmake_clean_first' from command line to 'False'
[0.625s] Level 5:colcon.colcon_core.verb:set package 'mapper_pkg' build argument 'cmake_force_configure' from command line to 'False'
[0.625s] Level 5:colcon.colcon_core.verb:set package 'mapper_pkg' build argument 'ament_cmake_args' from command line to 'None'
[0.625s] Level 5:colcon.colcon_core.verb:set package 'mapper_pkg' build argument 'catkin_cmake_args' from command line to 'None'
[0.625s] Level 5:colcon.colcon_core.verb:set package 'mapper_pkg' build argument 'catkin_skip_building_tests' from command line to 'False'
[0.625s] DEBUG:colcon.colcon_core.verb:Building package 'mapper_pkg' with the following arguments: {'ament_cmake_args': None, 'build_base': '/home/legacy/youtube_robot/build/mapper_pkg', 'catkin_cmake_args': None, 'catkin_skip_building_tests': False, 'cmake_args': None, 'cmake_clean_cache': False, 'cmake_clean_first': False, 'cmake_force_configure': False, 'cmake_target': None, 'cmake_target_skip_unavailable': False, 'install_base': '/home/legacy/youtube_robot/install/mapper_pkg', 'merge_install': False, 'path': '/home/legacy/youtube_robot/src/mapper_pkg', 'symlink_install': False, 'test_result_base': None}
[0.626s] Level 5:colcon.colcon_core.verb:set package 'modelo_robot' build argument 'cmake_args' from command line to 'None'
[0.627s] Level 5:colcon.colcon_core.verb:set package 'modelo_robot' build argument 'cmake_target' from command line to 'None'
[0.627s] Level 5:colcon.colcon_core.verb:set package 'modelo_robot' build argument 'cmake_target_skip_unavailable' from command line to 'False'
[0.627s] Level 5:colcon.colcon_core.verb:set package 'modelo_robot' build argument 'cmake_clean_cache' from command line to 'False'
[0.627s] Level 5:colcon.colcon_core.verb:set package 'modelo_robot' build argument 'cmake_clean_first' from command line to 'False'
[0.627s] Level 5:colcon.colcon_core.verb:set package 'modelo_robot' build argument 'cmake_force_configure' from command line to 'False'
[0.627s] Level 5:colcon.colcon_core.verb:set package 'modelo_robot' build argument 'ament_cmake_args' from command line to 'None'
[0.627s] Level 5:colcon.colcon_core.verb:set package 'modelo_robot' build argument 'catkin_cmake_args' from command line to 'None'
[0.627s] Level 5:colcon.colcon_core.verb:set package 'modelo_robot' build argument 'catkin_skip_building_tests' from command line to 'False'
[0.627s] DEBUG:colcon.colcon_core.verb:Building package 'modelo_robot' with the following arguments: {'ament_cmake_args': None, 'build_base': '/home/legacy/youtube_robot/build/modelo_robot', 'catkin_cmake_args': None, 'catkin_skip_building_tests': False, 'cmake_args': None, 'cmake_clean_cache': False, 'cmake_clean_first': False, 'cmake_force_configure': False, 'cmake_target': None, 'cmake_target_skip_unavailable': False, 'install_base': '/home/legacy/youtube_robot/install/modelo_robot', 'merge_install': False, 'path': '/home/legacy/youtube_robot/src/modelo_robot', 'symlink_install': False, 'test_result_base': None}
[0.628s] INFO:colcon.colcon_core.executor:Executing jobs using 'parallel' executor
[0.637s] DEBUG:colcon.colcon_parallel_executor.executor.parallel:run_until_complete
[0.638s] INFO:colcon.colcon_ros.task.ament_cmake.build:Building ROS package in '/home/legacy/youtube_robot/src/mapper_pkg' with build type 'ament_cmake'
[0.638s] INFO:colcon.colcon_cmake.task.cmake.build:Building CMake package in '/home/legacy/youtube_robot/src/mapper_pkg'
[0.644s] INFO:colcon.colcon_core.plugin_system:Skipping extension 'colcon_core.shell.bat': Not used on non-Windows systems
[0.644s] INFO:colcon.colcon_core.shell:Skip shell extension 'powershell' for command environment: Not usable outside of PowerShell
[0.644s] DEBUG:colcon.colcon_core.shell:Skip shell extension 'dsv' for command environment
[0.650s] INFO:colcon.colcon_ros.task.ament_python.build:Building ROS package in '/home/legacy/youtube_robot/src/modelo_robot' with build type 'ament_python'
[0.651s] Level 1:colcon.colcon_core.shell:create_environment_hook('modelo_robot', 'ament_prefix_path')
[0.654s] INFO:colcon.colcon_core.shell:Creating environment hook '/home/legacy/youtube_robot/install/modelo_robot/share/modelo_robot/hook/ament_prefix_path.ps1'
[0.656s] INFO:colcon.colcon_core.shell:Creating environment descriptor '/home/legacy/youtube_robot/install/modelo_robot/share/modelo_robot/hook/ament_prefix_path.dsv'
[0.657s] INFO:colcon.colcon_core.shell:Creating environment hook '/home/legacy/youtube_robot/install/modelo_robot/share/modelo_robot/hook/ament_prefix_path.sh'
[0.662s] INFO:colcon.colcon_core.shell:Skip shell extension 'powershell' for command environment: Not usable outside of PowerShell
[0.662s] DEBUG:colcon.colcon_core.shell:Skip shell extension 'dsv' for command environment
[0.678s] DEBUG:colcon.colcon_core.event_handler.log_command:Invoking command in '/home/legacy/youtube_robot/build/mapper_pkg': CMAKE_PREFIX_PATH=/opt/ros/foxy /usr/bin/cmake --build /home/legacy/youtube_robot/build/mapper_pkg -- -j8 -l8
[1.659s] INFO:colcon.colcon_core.task.python.build:Building Python package in '/home/legacy/youtube_robot/src/modelo_robot'
[1.662s] INFO:colcon.colcon_core.shell:Skip shell extension 'powershell' for command environment: Not usable outside of PowerShell
[1.662s] DEBUG:colcon.colcon_core.shell:Skip shell extension 'dsv' for command environment
[1.670s] DEBUG:colcon.colcon_core.event_handler.log_command:Invoked command in '/home/legacy/youtube_robot/build/mapper_pkg' returned '0': CMAKE_PREFIX_PATH=/opt/ros/foxy /usr/bin/cmake --build /home/legacy/youtube_robot/build/mapper_pkg -- -j8 -l8
[1.708s] DEBUG:colcon.colcon_core.event_handler.log_command:Invoking command in '/home/legacy/youtube_robot/build/mapper_pkg': CMAKE_PREFIX_PATH=/opt/ros/foxy /usr/bin/cmake --install /home/legacy/youtube_robot/build/mapper_pkg
[1.720s] Level 1:colcon.colcon_core.environment:create_environment_scripts_only(mapper_pkg)
[1.722s] DEBUG:colcon.colcon_core.event_handler.log_command:Invoked command in '/home/legacy/youtube_robot/build/mapper_pkg' returned '0': CMAKE_PREFIX_PATH=/opt/ros/foxy /usr/bin/cmake --install /home/legacy/youtube_robot/build/mapper_pkg
[1.729s] Level 1:colcon.colcon_core.environment:checking '/home/legacy/youtube_robot/install/mapper_pkg' for CMake module files
[1.730s] Level 1:colcon.colcon_core.environment:checking '/home/legacy/youtube_robot/install/mapper_pkg' for CMake config files
[1.730s] Level 1:colcon.colcon_core.shell:create_environment_hook('mapper_pkg', 'cmake_prefix_path')
[1.734s] INFO:colcon.colcon_core.shell:Creating environment hook '/home/legacy/youtube_robot/install/mapper_pkg/share/mapper_pkg/hook/cmake_prefix_path.ps1'
[1.734s] INFO:colcon.colcon_core.shell:Creating environment descriptor '/home/legacy/youtube_robot/install/mapper_pkg/share/mapper_pkg/hook/cmake_prefix_path.dsv'
[1.735s] INFO:colcon.colcon_core.shell:Creating environment hook '/home/legacy/youtube_robot/install/mapper_pkg/share/mapper_pkg/hook/cmake_prefix_path.sh'
[1.735s] Level 1:colcon.colcon_core.environment:checking '/home/legacy/youtube_robot/install/mapper_pkg/bin'
[1.735s] Level 1:colcon.colcon_core.environment:checking '/home/legacy/youtube_robot/install/mapper_pkg/lib/pkgconfig/mapper_pkg.pc'
[1.736s] Level 1:colcon.colcon_core.environment:checking '/home/legacy/youtube_robot/install/mapper_pkg/lib/python3.8/site-packages'
[1.736s] Level 1:colcon.colcon_core.environment:checking '/home/legacy/youtube_robot/install/mapper_pkg/bin'
[1.739s] INFO:colcon.colcon_core.shell:Creating package script '/home/legacy/youtube_robot/install/mapper_pkg/share/mapper_pkg/package.ps1'
[1.740s] INFO:colcon.colcon_core.shell:Creating package descriptor '/home/legacy/youtube_robot/install/mapper_pkg/share/mapper_pkg/package.dsv'
[1.741s] INFO:colcon.colcon_core.shell:Creating package script '/home/legacy/youtube_robot/install/mapper_pkg/share/mapper_pkg/package.sh'
[1.742s] INFO:colcon.colcon_core.shell:Creating package script '/home/legacy/youtube_robot/install/mapper_pkg/share/mapper_pkg/package.bash'
[1.742s] INFO:colcon.colcon_core.shell:Creating package script '/home/legacy/youtube_robot/install/mapper_pkg/share/mapper_pkg/package.zsh'
[1.743s] Level 1:colcon.colcon_core.environment:create_file_with_runtime_dependencies(/home/legacy/youtube_robot/install/mapper_pkg/share/colcon-core/packages/mapper_pkg)
[1.772s] Level 1:colcon.colcon_core.environment:create_environment_scripts_only(mapper_pkg)
[1.777s] Level 1:colcon.colcon_core.environment:checking '/home/legacy/youtube_robot/install/mapper_pkg' for CMake module files
[1.778s] Level 1:colcon.colcon_core.environment:checking '/home/legacy/youtube_robot/install/mapper_pkg' for CMake config files
[1.778s] Level 1:colcon.colcon_core.shell:create_environment_hook('mapper_pkg', 'cmake_prefix_path')
[1.782s] INFO:colcon.colcon_core.shell:Creating environment hook '/home/legacy/youtube_robot/install/mapper_pkg/share/mapper_pkg/hook/cmake_prefix_path.ps1'
[1.782s] INFO:colcon.colcon_core.shell:Creating environment descriptor '/home/legacy/youtube_robot/install/mapper_pkg/share/mapper_pkg/hook/cmake_prefix_path.dsv'
[1.783s] INFO:colcon.colcon_core.shell:Creating environment hook '/home/legacy/youtube_robot/install/mapper_pkg/share/mapper_pkg/hook/cmake_prefix_path.sh'
[1.783s] Level 1:colcon.colcon_core.environment:checking '/home/legacy/youtube_robot/install/mapper_pkg/bin'
[1.783s] Level 1:colcon.colcon_core.environment:checking '/home/legacy/youtube_robot/install/mapper_pkg/lib/pkgconfig/mapper_pkg.pc'
[1.784s] Level 1:colcon.colcon_core.environment:checking '/home/legacy/youtube_robot/install/mapper_pkg/lib/python3.8/site-packages'
[1.784s] Level 1:colcon.colcon_core.environment:checking '/home/legacy/youtube_robot/install/mapper_pkg/bin'
[1.788s] INFO:colcon.colcon_core.shell:Creating package script '/home/legacy/youtube_robot/install/mapper_pkg/share/mapper_pkg/package.ps1'
[1.788s] INFO:colcon.colcon_core.shell:Creating package descriptor '/home/legacy/youtube_robot/install/mapper_pkg/share/mapper_pkg/package.dsv'
[1.789s] INFO:colcon.colcon_core.shell:Creating package script '/home/legacy/youtube_robot/install/mapper_pkg/share/mapper_pkg/package.sh'
[1.789s] INFO:colcon.colcon_core.shell:Creating package script '/home/legacy/youtube_robot/install/mapper_pkg/share/mapper_pkg/package.bash'
[1.790s] INFO:colcon.colcon_core.shell:Creating package script '/home/legacy/youtube_robot/install/mapper_pkg/share/mapper_pkg/package.zsh'
[1.790s] Level 1:colcon.colcon_core.environment:create_file_with_runtime_dependencies(/home/legacy/youtube_robot/install/mapper_pkg/share/colcon-core/packages/mapper_pkg)
[2.964s] DEBUG:colcon.colcon_core.event_handler.log_command:Invoking command in '/home/legacy/youtube_robot/src/modelo_robot': PYTHONPATH=/home/legacy/youtube_robot/install/modelo_robot/lib/python3.8/site-packages:${PYTHONPATH} /usr/bin/python3 setup.py egg_info --egg-base ../../build/modelo_robot build --build-base /home/legacy/youtube_robot/build/modelo_robot/build install --prefix /home/legacy/youtube_robot/install/modelo_robot --record /home/legacy/youtube_robot/build/modelo_robot/install.log --single-version-externally-managed
[4.866s] Level 1:colcon.colcon_core.environment:checking '/home/legacy/youtube_robot/install/modelo_robot' for CMake module files
[4.867s] DEBUG:colcon.colcon_core.event_handler.log_command:Invoked command in '/home/legacy/youtube_robot/src/modelo_robot' returned '0': PYTHONPATH=/home/legacy/youtube_robot/install/modelo_robot/lib/python3.8/site-packages:${PYTHONPATH} /usr/bin/python3 setup.py egg_info --egg-base ../../build/modelo_robot build --build-base /home/legacy/youtube_robot/build/modelo_robot/build install --prefix /home/legacy/youtube_robot/install/modelo_robot --record /home/legacy/youtube_robot/build/modelo_robot/install.log --single-version-externally-managed
[4.867s] Level 1:colcon.colcon_core.environment:checking '/home/legacy/youtube_robot/install/modelo_robot' for CMake config files
[4.868s] Level 1:colcon.colcon_core.environment:checking '/home/legacy/youtube_robot/install/modelo_robot/lib'
[4.868s] Level 1:colcon.colcon_core.environment:checking '/home/legacy/youtube_robot/install/modelo_robot/bin'
[4.868s] Level 1:colcon.colcon_core.environment:checking '/home/legacy/youtube_robot/install/modelo_robot/lib/pkgconfig/modelo_robot.pc'
[4.868s] Level 1:colcon.colcon_core.environment:checking '/home/legacy/youtube_robot/install/modelo_robot/lib/python3.8/site-packages'
[4.868s] Level 1:colcon.colcon_core.shell:create_environment_hook('modelo_robot', 'pythonpath')
[4.871s] INFO:colcon.colcon_core.shell:Creating environment hook '/home/legacy/youtube_robot/install/modelo_robot/share/modelo_robot/hook/pythonpath.ps1'
[4.873s] INFO:colcon.colcon_core.shell:Creating environment descriptor '/home/legacy/youtube_robot/install/modelo_robot/share/modelo_robot/hook/pythonpath.dsv'
[4.873s] INFO:colcon.colcon_core.shell:Creating environment hook '/home/legacy/youtube_robot/install/modelo_robot/share/modelo_robot/hook/pythonpath.sh'
[4.873s] Level 1:colcon.colcon_core.environment:checking '/home/legacy/youtube_robot/install/modelo_robot/bin'
[4.873s] Level 1:colcon.colcon_core.environment:create_environment_scripts_only(modelo_robot)
[4.876s] INFO:colcon.colcon_core.shell:Creating package script '/home/legacy/youtube_robot/install/modelo_robot/share/modelo_robot/package.ps1'
[4.877s] INFO:colcon.colcon_core.shell:Creating package descriptor '/home/legacy/youtube_robot/install/modelo_robot/share/modelo_robot/package.dsv'
[4.877s] INFO:colcon.colcon_core.shell:Creating package script '/home/legacy/youtube_robot/install/modelo_robot/share/modelo_robot/package.sh'
[4.878s] INFO:colcon.colcon_core.shell:Creating package script '/home/legacy/youtube_robot/install/modelo_robot/share/modelo_robot/package.bash'
[4.878s] INFO:colcon.colcon_core.shell:Creating package script '/home/legacy/youtube_robot/install/modelo_robot/share/modelo_robot/package.zsh'
[4.879s] Level 1:colcon.colcon_core.environment:create_file_with_runtime_dependencies(/home/legacy/youtube_robot/install/modelo_robot/share/colcon-core/packages/modelo_robot)
[4.879s] DEBUG:colcon.colcon_parallel_executor.executor.parallel:closing loop
[4.880s] DEBUG:colcon.colcon_parallel_executor.executor.parallel:loop closed
[4.880s] DEBUG:colcon.colcon_parallel_executor.executor.parallel:run_until_complete finished with '0'
[4.880s] DEBUG:colcon.colcon_core.event_reactor:joining thread
[4.891s] INFO:colcon.colcon_core.plugin_system:Skipping extension 'colcon_notification.desktop_notification.terminal_notifier': Not used on non-Darwin systems
[4.891s] INFO:colcon.colcon_core.plugin_system:Skipping extension 'colcon_notification.desktop_notification.win32': Not used on non-Windows systems
[4.891s] INFO:colcon.colcon_notification.desktop_notification:Sending desktop notification using 'notify2'
[4.909s] DEBUG:colcon.colcon_core.event_reactor:joined thread
[4.921s] INFO:colcon.colcon_core.shell:Creating prefix script '/home/legacy/youtube_robot/install/local_setup.ps1'
[4.923s] INFO:colcon.colcon_core.shell:Creating prefix util module '/home/legacy/youtube_robot/install/_local_setup_util_ps1.py'
[4.927s] INFO:colcon.colcon_core.shell:Creating prefix chain script '/home/legacy/youtube_robot/install/setup.ps1'
[4.932s] INFO:colcon.colcon_core.shell:Creating prefix script '/home/legacy/youtube_robot/install/local_setup.sh'
[4.933s] INFO:colcon.colcon_core.shell:Creating prefix util module '/home/legacy/youtube_robot/install/_local_setup_util_sh.py'
[4.934s] INFO:colcon.colcon_core.shell:Creating prefix chain script '/home/legacy/youtube_robot/install/setup.sh'
[4.942s] INFO:colcon.colcon_core.shell:Creating prefix script '/home/legacy/youtube_robot/install/local_setup.bash'
[4.943s] INFO:colcon.colcon_core.shell:Creating prefix chain script '/home/legacy/youtube_robot/install/setup.bash'
[4.948s] INFO:colcon.colcon_core.shell:Creating prefix script '/home/legacy/youtube_robot/install/local_setup.zsh'
[4.949s] INFO:colcon.colcon_core.shell:Creating prefix chain script '/home/legacy/youtube_robot/install/setup.zsh'
