[1.939s] Invoking command in '/home/legacy/youtube_robot/src/publicador_python': AMENT_PREFIX_PATH=/home/legacy/youtube_robot/install/modelo_robot:${AMENT_PREFIX_PATH} PYTHONPATH=/home/legacy/youtube_robot/install/publicador_python/lib/python3.8/site-packages:/home/legacy/youtube_robot/install/modelo_robot/lib/python3.8/site-packages:${PYTHONPATH} /usr/bin/python3 setup.py egg_info --egg-base ../../build/publicador_python build --build-base /home/legacy/youtube_robot/build/publicador_python/build install --prefix /home/legacy/youtube_robot/install/publicador_python --record /home/legacy/youtube_robot/build/publicador_python/install.log --single-version-externally-managed
[2.245s] /home/legacy/.local/lib/python3.8/site-packages/setuptools/dist.py:772: UserWarning: Usage of dash-separated 'script-dir' will not be supported in future versions. Please use the underscore name 'script_dir' instead
[2.245s]   warnings.warn(
[2.246s] /home/legacy/.local/lib/python3.8/site-packages/setuptools/dist.py:772: UserWarning: Usage of dash-separated 'install-scripts' will not be supported in future versions. Please use the underscore name 'install_scripts' instead
[2.246s]   warnings.warn(
[2.934s] running egg_info
[3.002s] writing ../../build/publicador_python/publicador_python.egg-info/PKG-INFO
[3.054s] writing dependency_links to ../../build/publicador_python/publicador_python.egg-info/dependency_links.txt
[3.212s] writing entry points to ../../build/publicador_python/publicador_python.egg-info/entry_points.txt
[3.318s] writing requirements to ../../build/publicador_python/publicador_python.egg-info/requires.txt
[3.371s] writing top-level names to ../../build/publicador_python/publicador_python.egg-info/top_level.txt
[3.455s] reading manifest file '../../build/publicador_python/publicador_python.egg-info/SOURCES.txt'
[3.455s] writing manifest file '../../build/publicador_python/publicador_python.egg-info/SOURCES.txt'
[3.455s] running build
[3.456s] running build_py
[3.456s] running install
[3.456s] /home/legacy/.local/lib/python3.8/site-packages/setuptools/command/install.py:34: SetuptoolsDeprecationWarning: setup.py install is deprecated. Use build and pip and other standards-based tools.
[3.456s]   warnings.warn(
[3.461s] running install_lib
[3.538s] running install_data
[3.553s] running install_egg_info
[3.623s] removing '/home/legacy/youtube_robot/install/publicador_python/lib/python3.8/site-packages/publicador_python-0.0.0-py3.8.egg-info' (and everything under it)
[3.623s] Copying ../../build/publicador_python/publicador_python.egg-info to /home/legacy/youtube_robot/install/publicador_python/lib/python3.8/site-packages/publicador_python-0.0.0-py3.8.egg-info
[3.624s] running install_scripts
[3.748s] Installing publicador_cmd script to /home/legacy/youtube_robot/install/publicador_python/lib/publicador_python
[3.748s] Installing subscriber_odom script to /home/legacy/youtube_robot/install/publicador_python/lib/publicador_python
[3.749s] writing list of installed files to '/home/legacy/youtube_robot/build/publicador_python/install.log'
[3.785s] Invoked command in '/home/legacy/youtube_robot/src/publicador_python' returned '0': AMENT_PREFIX_PATH=/home/legacy/youtube_robot/install/modelo_robot:${AMENT_PREFIX_PATH} PYTHONPATH=/home/legacy/youtube_robot/install/publicador_python/lib/python3.8/site-packages:/home/legacy/youtube_robot/install/modelo_robot/lib/python3.8/site-packages:${PYTHONPATH} /usr/bin/python3 setup.py egg_info --egg-base ../../build/publicador_python build --build-base /home/legacy/youtube_robot/build/publicador_python/build install --prefix /home/legacy/youtube_robot/install/publicador_python --record /home/legacy/youtube_robot/build/publicador_python/install.log --single-version-externally-managed
