[1.797s] Invoking command in '/home/legacy/youtube_robot/src/publicador_python': AMENT_PREFIX_PATH=/home/legacy/youtube_robot/install/modelo_robot PYTHONPATH=/home/legacy/youtube_robot/install/publicador_python/lib/python3.8/site-packages:/home/legacy/youtube_robot/install/modelo_robot/lib/python3.8/site-packages /usr/bin/python3 setup.py egg_info --egg-base ../../build/publicador_python build --build-base /home/legacy/youtube_robot/build/publicador_python/build install --prefix /home/legacy/youtube_robot/install/publicador_python --record /home/legacy/youtube_robot/build/publicador_python/install.log --single-version-externally-managed
[2.052s] /home/legacy/.local/lib/python3.8/site-packages/setuptools/dist.py:772: UserWarning: Usage of dash-separated 'script-dir' will not be supported in future versions. Please use the underscore name 'script_dir' instead
[2.052s]   warnings.warn(
[2.052s] /home/legacy/.local/lib/python3.8/site-packages/setuptools/dist.py:772: UserWarning: Usage of dash-separated 'install-scripts' will not be supported in future versions. Please use the underscore name 'install_scripts' instead
[2.052s]   warnings.warn(
[2.667s] running egg_info
[2.726s] writing ../../build/publicador_python/publicador_python.egg-info/PKG-INFO
[2.775s] writing dependency_links to ../../build/publicador_python/publicador_python.egg-info/dependency_links.txt
[2.923s] writing entry points to ../../build/publicador_python/publicador_python.egg-info/entry_points.txt
[3.019s] writing requirements to ../../build/publicador_python/publicador_python.egg-info/requires.txt
[3.069s] writing top-level names to ../../build/publicador_python/publicador_python.egg-info/top_level.txt
[3.140s] reading manifest file '../../build/publicador_python/publicador_python.egg-info/SOURCES.txt'
[3.141s] writing manifest file '../../build/publicador_python/publicador_python.egg-info/SOURCES.txt'
[3.141s] running build
[3.142s] running build_py
[3.142s] running install
[3.142s] /home/legacy/.local/lib/python3.8/site-packages/setuptools/command/install.py:34: SetuptoolsDeprecationWarning: setup.py install is deprecated. Use build and pip and other standards-based tools.
[3.142s]   warnings.warn(
[3.147s] running install_lib
[3.207s] running install_data
[3.218s] running install_egg_info
[3.286s] removing '/home/legacy/youtube_robot/install/publicador_python/lib/python3.8/site-packages/publicador_python-0.0.0-py3.8.egg-info' (and everything under it)
[3.286s] Copying ../../build/publicador_python/publicador_python.egg-info to /home/legacy/youtube_robot/install/publicador_python/lib/python3.8/site-packages/publicador_python-0.0.0-py3.8.egg-info
[3.287s] running install_scripts
[3.389s] Installing publicador_cmd script to /home/legacy/youtube_robot/install/publicador_python/lib/publicador_python
[3.389s] Installing subscriber_odom script to /home/legacy/youtube_robot/install/publicador_python/lib/publicador_python
[3.390s] writing list of installed files to '/home/legacy/youtube_robot/build/publicador_python/install.log'
[3.423s] Invoked command in '/home/legacy/youtube_robot/src/publicador_python' returned '0': AMENT_PREFIX_PATH=/home/legacy/youtube_robot/install/modelo_robot PYTHONPATH=/home/legacy/youtube_robot/install/publicador_python/lib/python3.8/site-packages:/home/legacy/youtube_robot/install/modelo_robot/lib/python3.8/site-packages /usr/bin/python3 setup.py egg_info --egg-base ../../build/publicador_python build --build-base /home/legacy/youtube_robot/build/publicador_python/build install --prefix /home/legacy/youtube_robot/install/publicador_python --record /home/legacy/youtube_robot/build/publicador_python/install.log --single-version-externally-managed
