[1.901s] Invoking command in '/home/legacy/youtube_robot/src/publicador_python': AMENT_PREFIX_PATH=/home/legacy/youtube_robot/install/modelo_robot:${AMENT_PREFIX_PATH} PYTHONPATH=/home/legacy/youtube_robot/install/publicador_python/lib/python3.8/site-packages:/home/legacy/youtube_robot/install/modelo_robot/lib/python3.8/site-packages:${PYTHONPATH} /usr/bin/python3 setup.py egg_info --egg-base ../../build/publicador_python build --build-base /home/legacy/youtube_robot/build/publicador_python/build install --prefix /home/legacy/youtube_robot/install/publicador_python --record /home/legacy/youtube_robot/build/publicador_python/install.log --single-version-externally-managed
[2.186s] /home/legacy/.local/lib/python3.8/site-packages/setuptools/dist.py:772: UserWarning: Usage of dash-separated 'script-dir' will not be supported in future versions. Please use the underscore name 'script_dir' instead
[2.186s]   warnings.warn(
[2.187s] /home/legacy/.local/lib/python3.8/site-packages/setuptools/dist.py:772: UserWarning: Usage of dash-separated 'install-scripts' will not be supported in future versions. Please use the underscore name 'install_scripts' instead
[2.187s]   warnings.warn(
[2.824s] running egg_info
[2.887s] writing ../../build/publicador_python/publicador_python.egg-info/PKG-INFO
[2.935s] writing dependency_links to ../../build/publicador_python/publicador_python.egg-info/dependency_links.txt
[3.082s] writing entry points to ../../build/publicador_python/publicador_python.egg-info/entry_points.txt
[3.181s] writing requirements to ../../build/publicador_python/publicador_python.egg-info/requires.txt
[3.230s] writing top-level names to ../../build/publicador_python/publicador_python.egg-info/top_level.txt
[3.309s] reading manifest file '../../build/publicador_python/publicador_python.egg-info/SOURCES.txt'
[3.310s] writing manifest file '../../build/publicador_python/publicador_python.egg-info/SOURCES.txt'
[3.310s] running build
[3.310s] running build_py
[3.311s] running install
[3.311s] /home/legacy/.local/lib/python3.8/site-packages/setuptools/command/install.py:34: SetuptoolsDeprecationWarning: setup.py install is deprecated. Use build and pip and other standards-based tools.
[3.311s]   warnings.warn(
[3.316s] running install_lib
[3.387s] running install_data
[3.401s] running install_egg_info
[3.464s] removing '/home/legacy/youtube_robot/install/publicador_python/lib/python3.8/site-packages/publicador_python-0.0.0-py3.8.egg-info' (and everything under it)
[3.464s] Copying ../../build/publicador_python/publicador_python.egg-info to /home/legacy/youtube_robot/install/publicador_python/lib/python3.8/site-packages/publicador_python-0.0.0-py3.8.egg-info
[3.465s] running install_scripts
[3.580s] Installing publicador_cmd script to /home/legacy/youtube_robot/install/publicador_python/lib/publicador_python
[3.581s] Installing subscriber_odom script to /home/legacy/youtube_robot/install/publicador_python/lib/publicador_python
[3.581s] writing list of installed files to '/home/legacy/youtube_robot/build/publicador_python/install.log'
[3.615s] Invoked command in '/home/legacy/youtube_robot/src/publicador_python' returned '0': AMENT_PREFIX_PATH=/home/legacy/youtube_robot/install/modelo_robot:${AMENT_PREFIX_PATH} PYTHONPATH=/home/legacy/youtube_robot/install/publicador_python/lib/python3.8/site-packages:/home/legacy/youtube_robot/install/modelo_robot/lib/python3.8/site-packages:${PYTHONPATH} /usr/bin/python3 setup.py egg_info --egg-base ../../build/publicador_python build --build-base /home/legacy/youtube_robot/build/publicador_python/build install --prefix /home/legacy/youtube_robot/install/publicador_python --record /home/legacy/youtube_robot/build/publicador_python/install.log --single-version-externally-managed
