[0.658s] Invoking command in '/home/legacy/youtube_robot/src/modelo_robot': PYTHONPATH=/home/legacy/youtube_robot/install/modelo_robot/lib/python3.8/site-packages:${PYTHONPATH} /usr/bin/python3 setup.py egg_info --egg-base ../../build/modelo_robot build --build-base /home/legacy/youtube_robot/build/modelo_robot/build install --prefix /home/legacy/youtube_robot/install/modelo_robot --record /home/legacy/youtube_robot/build/modelo_robot/install.log --single-version-externally-managed
[0.879s] running egg_info
[0.879s] writing ../../build/modelo_robot/modelo_robot.egg-info/PKG-INFO
[0.880s] writing dependency_links to ../../build/modelo_robot/modelo_robot.egg-info/dependency_links.txt
[0.880s] writing entry points to ../../build/modelo_robot/modelo_robot.egg-info/entry_points.txt
[0.880s] writing requirements to ../../build/modelo_robot/modelo_robot.egg-info/requires.txt
[0.880s] writing top-level names to ../../build/modelo_robot/modelo_robot.egg-info/top_level.txt
[0.909s] reading manifest file '../../build/modelo_robot/modelo_robot.egg-info/SOURCES.txt'
[0.910s] writing manifest file '../../build/modelo_robot/modelo_robot.egg-info/SOURCES.txt'
[0.910s] running build
[0.910s] running build_py
[0.910s] running install
[0.911s] running install_lib
[0.912s] running install_data
[0.912s] copying urdf/Seguidor_linea_robot.urdf -> /home/legacy/youtube_robot/install/modelo_robot/share/modelo_robot/urdf
[0.913s] running install_egg_info
[0.914s] removing '/home/legacy/youtube_robot/install/modelo_robot/lib/python3.8/site-packages/modelo_robot-0.0.0-py3.8.egg-info' (and everything under it)
[0.914s] Copying ../../build/modelo_robot/modelo_robot.egg-info to /home/legacy/youtube_robot/install/modelo_robot/lib/python3.8/site-packages/modelo_robot-0.0.0-py3.8.egg-info
[0.915s] running install_scripts
[0.928s] writing list of installed files to '/home/legacy/youtube_robot/build/modelo_robot/install.log'
[0.946s] Invoked command in '/home/legacy/youtube_robot/src/modelo_robot' returned '0': PYTHONPATH=/home/legacy/youtube_robot/install/modelo_robot/lib/python3.8/site-packages:${PYTHONPATH} /usr/bin/python3 setup.py egg_info --egg-base ../../build/modelo_robot build --build-base /home/legacy/youtube_robot/build/modelo_robot/build install --prefix /home/legacy/youtube_robot/install/modelo_robot --record /home/legacy/youtube_robot/build/modelo_robot/install.log --single-version-externally-managed
