[0.546s] DEBUG:colcon:Command line arguments: ['/usr/bin/colcon', 'build']
[0.546s] DEBUG:colcon:Parsed command line arguments: Namespace(allow_overriding=[], ament_cmake_args=None, base_paths=['.'], build_base='build', catkin_cmake_args=None, catkin_skip_building_tests=False, cmake_args=None, cmake_clean_cache=False, cmake_clean_first=False, cmake_force_configure=False, cmake_target=None, cmake_target_skip_unavailable=False, continue_on_error=False, event_handlers=None, executor='parallel', ignore_user_meta=False, install_base='install', log_base=None, log_level=None, main=<bound method BuildVerb.main of <colcon_core.verb.build.BuildVerb object at 0x7f49ca322ac0>>, merge_install=False, metas=['./colcon.meta'], mixin=None, mixin_files=None, mixin_verb=('build',), packages_above=None, packages_above_and_dependencies=None, packages_above_depth=None, packages_end=None, packages_ignore=None, packages_ignore_regex=None, packages_select=None, packages_select_build_failed=False, packages_select_by_dep=None, packages_select_regex=None, packages_select_test_failures=False, packages_skip=None, packages_skip_build_finished=False, packages_skip_by_dep=None, packages_skip_regex=None, packages_skip_test_passed=False, packages_skip_up_to=None, packages_start=None, packages_up_to=None, packages_up_to_regex=None, parallel_workers=8, paths=None, symlink_install=False, test_result_base=None, verb_extension=<colcon_core.verb.build.BuildVerb object at 0x7f49ca322ac0>, verb_name='build', verb_parser=<colcon_mixin.mixin.mixin_argument.MixinArgumentDecorator object at 0x7f49ca1c6ac0>)
[0.628s] Level 1:colcon.colcon_core.package_discovery:discover_packages(colcon_meta) check parameters
[0.628s] Level 1:colcon.colcon_core.package_discovery:discover_packages(recursive) check parameters
[0.628s] Level 1:colcon.colcon_core.package_discovery:discover_packages(ignore) check parameters
[0.628s] Level 1:colcon.colcon_core.package_discovery:discover_packages(path) check parameters
[0.628s] Level 1:colcon.colcon_core.package_discovery:discover_packages(colcon_meta) discover
[0.628s] Level 1:colcon.colcon_core.package_discovery:discover_packages(recursive) discover
[0.628s] INFO:colcon.colcon_core.package_discovery:Crawling recursively for packages in '/home/legacy/youtube_robot'
[0.628s] Level 1:colcon.colcon_core.package_identification:_identify(.) by extensions ['ignore', 'ignore_ament_install']
[0.628s] Level 1:colcon.colcon_core.package_identification:_identify(.) by extension 'ignore'
[0.628s] Level 1:colcon.colcon_core.package_identification:_identify(.) by extension 'ignore_ament_install'
[0.628s] Level 1:colcon.colcon_core.package_identification:_identify(.) by extensions ['colcon_pkg']
[0.629s] Level 1:colcon.colcon_core.package_identification:_identify(.) by extension 'colcon_pkg'
[0.629s] Level 1:colcon.colcon_core.package_identification:_identify(.) by extensions ['colcon_meta']
[0.629s] Level 1:colcon.colcon_core.package_identification:_identify(.) by extension 'colcon_meta'
[0.629s] Level 1:colcon.colcon_core.package_identification:_identify(.) by extensions ['ros']
[0.629s] Level 1:colcon.colcon_core.package_identification:_identify(.) by extension 'ros'
[0.644s] Level 1:colcon.colcon_core.package_identification:_identify(.) by extensions ['cmake', 'python']
[0.644s] Level 1:colcon.colcon_core.package_identification:_identify(.) by extension 'cmake'
[0.645s] Level 1:colcon.colcon_core.package_identification:_identify(.) by extension 'python'
[0.645s] Level 1:colcon.colcon_core.package_identification:_identify(.) by extensions ['python_setup_py']
[0.645s] Level 1:colcon.colcon_core.package_identification:_identify(.) by extension 'python_setup_py'
[0.645s] Level 1:colcon.colcon_core.package_identification:_identify(build) by extensions ['ignore', 'ignore_ament_install']
[0.645s] Level 1:colcon.colcon_core.package_identification:_identify(build) by extension 'ignore'
[0.645s] Level 1:colcon.colcon_core.package_identification:_identify(build) ignored
[0.645s] Level 1:colcon.colcon_core.package_identification:_identify(install) by extensions ['ignore', 'ignore_ament_install']
[0.645s] Level 1:colcon.colcon_core.package_identification:_identify(install) by extension 'ignore'
[0.645s] Level 1:colcon.colcon_core.package_identification:_identify(install) ignored
[0.646s] Level 1:colcon.colcon_core.package_identification:_identify(log) by extensions ['ignore', 'ignore_ament_install']
[0.646s] Level 1:colcon.colcon_core.package_identification:_identify(log) by extension 'ignore'
[0.646s] Level 1:colcon.colcon_core.package_identification:_identify(log) ignored
[0.646s] Level 1:colcon.colcon_core.package_identification:_identify(src) by extensions ['ignore', 'ignore_ament_install']
[0.646s] Level 1:colcon.colcon_core.package_identification:_identify(src) by extension 'ignore'
[0.646s] Level 1:colcon.colcon_core.package_identification:_identify(src) by extension 'ignore_ament_install'
[0.646s] Level 1:colcon.colcon_core.package_identification:_identify(src) by extensions ['colcon_pkg']
[0.646s] Level 1:colcon.colcon_core.package_identification:_identify(src) by extension 'colcon_pkg'
[0.646s] Level 1:colcon.colcon_core.package_identification:_identify(src) by extensions ['colcon_meta']
[0.646s] Level 1:colcon.colcon_core.package_identification:_identify(src) by extension 'colcon_meta'
[0.646s] Level 1:colcon.colcon_core.package_identification:_identify(src) by extensions ['ros']
[0.646s] Level 1:colcon.colcon_core.package_identification:_identify(src) by extension 'ros'
[0.646s] Level 1:colcon.colcon_core.package_identification:_identify(src) by extensions ['cmake', 'python']
[0.646s] Level 1:colcon.colcon_core.package_identification:_identify(src) by extension 'cmake'
[0.647s] Level 1:colcon.colcon_core.package_identification:_identify(src) by extension 'python'
[0.647s] Level 1:colcon.colcon_core.package_identification:_identify(src) by extensions ['python_setup_py']
[0.647s] Level 1:colcon.colcon_core.package_identification:_identify(src) by extension 'python_setup_py'
[0.647s] Level 1:colcon.colcon_core.package_identification:_identify(src/mapper_pkg) by extensions ['ignore', 'ignore_ament_install']
[0.647s] Level 1:colcon.colcon_core.package_identification:_identify(src/mapper_pkg) by extension 'ignore'
[0.647s] Level 1:colcon.colcon_core.package_identification:_identify(src/mapper_pkg) by extension 'ignore_ament_install'
[0.647s] Level 1:colcon.colcon_core.package_identification:_identify(src/mapper_pkg) by extensions ['colcon_pkg']
[0.647s] Level 1:colcon.colcon_core.package_identification:_identify(src/mapper_pkg) by extension 'colcon_pkg'
[0.647s] Level 1:colcon.colcon_core.package_identification:_identify(src/mapper_pkg) by extensions ['colcon_meta']
[0.647s] Level 1:colcon.colcon_core.package_identification:_identify(src/mapper_pkg) by extension 'colcon_meta'
[0.647s] Level 1:colcon.colcon_core.package_identification:_identify(src/mapper_pkg) by extensions ['ros']
[0.647s] Level 1:colcon.colcon_core.package_identification:_identify(src/mapper_pkg) by extension 'ros'
[0.650s] DEBUG:colcon.colcon_core.package_identification:Package 'src/mapper_pkg' with type 'ros.ament_cmake' and name 'mapper_pkg'
[0.650s] Level 1:colcon.colcon_core.package_identification:_identify(src/modelo_robot) by extensions ['ignore', 'ignore_ament_install']
[0.650s] Level 1:colcon.colcon_core.package_identification:_identify(src/modelo_robot) by extension 'ignore'
[0.650s] Level 1:colcon.colcon_core.package_identification:_identify(src/modelo_robot) by extension 'ignore_ament_install'
[0.650s] Level 1:colcon.colcon_core.package_identification:_identify(src/modelo_robot) by extensions ['colcon_pkg']
[0.650s] Level 1:colcon.colcon_core.package_identification:_identify(src/modelo_robot) by extension 'colcon_pkg'
[0.650s] Level 1:colcon.colcon_core.package_identification:_identify(src/modelo_robot) by extensions ['colcon_meta']
[0.651s] Level 1:colcon.colcon_core.package_identification:_identify(src/modelo_robot) by extension 'colcon_meta'
[0.651s] Level 1:colcon.colcon_core.package_identification:_identify(src/modelo_robot) by extensions ['ros']
[0.651s] Level 1:colcon.colcon_core.package_identification:_identify(src/modelo_robot) by extension 'ros'
[0.651s] DEBUG:colcon.colcon_core.package_identification:Package 'src/modelo_robot' with type 'ros.ament_python' and name 'modelo_robot'
[0.651s] Level 1:colcon.colcon_core.package_identification:_identify(src/pub_sub_cpp) by extensions ['ignore', 'ignore_ament_install']
[0.651s] Level 1:colcon.colcon_core.package_identification:_identify(src/pub_sub_cpp) by extension 'ignore'
[0.652s] Level 1:colcon.colcon_core.package_identification:_identify(src/pub_sub_cpp) by extension 'ignore_ament_install'
[0.652s] Level 1:colcon.colcon_core.package_identification:_identify(src/pub_sub_cpp) by extensions ['colcon_pkg']
[0.652s] Level 1:colcon.colcon_core.package_identification:_identify(src/pub_sub_cpp) by extension 'colcon_pkg'
[0.652s] Level 1:colcon.colcon_core.package_identification:_identify(src/pub_sub_cpp) by extensions ['colcon_meta']
[0.652s] Level 1:colcon.colcon_core.package_identification:_identify(src/pub_sub_cpp) by extension 'colcon_meta'
[0.652s] Level 1:colcon.colcon_core.package_identification:_identify(src/pub_sub_cpp) by extensions ['ros']
[0.652s] Level 1:colcon.colcon_core.package_identification:_identify(src/pub_sub_cpp) by extension 'ros'
[0.652s] Level 1:colcon.colcon_core.package_identification:_identify(src/pub_sub_cpp) by extensions ['cmake', 'python']
[0.652s] Level 1:colcon.colcon_core.package_identification:_identify(src/pub_sub_cpp) by extension 'cmake'
[0.652s] Level 1:colcon.colcon_core.package_identification:_identify(src/pub_sub_cpp) by extension 'python'
[0.652s] Level 1:colcon.colcon_core.package_identification:_identify(src/pub_sub_cpp) by extensions ['python_setup_py']
[0.652s] Level 1:colcon.colcon_core.package_identification:_identify(src/pub_sub_cpp) by extension 'python_setup_py'
[0.652s] Level 1:colcon.colcon_core.package_identification:_identify(src/pub_sub_cpp/include) by extensions ['ignore', 'ignore_ament_install']
[0.653s] Level 1:colcon.colcon_core.package_identification:_identify(src/pub_sub_cpp/include) by extension 'ignore'
[0.653s] Level 1:colcon.colcon_core.package_identification:_identify(src/pub_sub_cpp/include) by extension 'ignore_ament_install'
[0.653s] Level 1:colcon.colcon_core.package_identification:_identify(src/pub_sub_cpp/include) by extensions ['colcon_pkg']
[0.653s] Level 1:colcon.colcon_core.package_identification:_identify(src/pub_sub_cpp/include) by extension 'colcon_pkg'
[0.653s] Level 1:colcon.colcon_core.package_identification:_identify(src/pub_sub_cpp/include) by extensions ['colcon_meta']
[0.653s] Level 1:colcon.colcon_core.package_identification:_identify(src/pub_sub_cpp/include) by extension 'colcon_meta'
[0.653s] Level 1:colcon.colcon_core.package_identification:_identify(src/pub_sub_cpp/include) by extensions ['ros']
[0.653s] Level 1:colcon.colcon_core.package_identification:_identify(src/pub_sub_cpp/include) by extension 'ros'
[0.653s] Level 1:colcon.colcon_core.package_identification:_identify(src/pub_sub_cpp/include) by extensions ['cmake', 'python']
[0.653s] Level 1:colcon.colcon_core.package_identification:_identify(src/pub_sub_cpp/include) by extension 'cmake'
[0.653s] Level 1:colcon.colcon_core.package_identification:_identify(src/pub_sub_cpp/include) by extension 'python'
[0.653s] Level 1:colcon.colcon_core.package_identification:_identify(src/pub_sub_cpp/include) by extensions ['python_setup_py']
[0.653s] Level 1:colcon.colcon_core.package_identification:_identify(src/pub_sub_cpp/include) by extension 'python_setup_py'
[0.654s] Level 1:colcon.colcon_core.package_identification:_identify(src/pub_sub_cpp/include/pub_sub_cpp) by extensions ['ignore', 'ignore_ament_install']
[0.654s] Level 1:colcon.colcon_core.package_identification:_identify(src/pub_sub_cpp/include/pub_sub_cpp) by extension 'ignore'
[0.654s] Level 1:colcon.colcon_core.package_identification:_identify(src/pub_sub_cpp/include/pub_sub_cpp) by extension 'ignore_ament_install'
[0.654s] Level 1:colcon.colcon_core.package_identification:_identify(src/pub_sub_cpp/include/pub_sub_cpp) by extensions ['colcon_pkg']
[0.654s] Level 1:colcon.colcon_core.package_identification:_identify(src/pub_sub_cpp/include/pub_sub_cpp) by extension 'colcon_pkg'
[0.654s] Level 1:colcon.colcon_core.package_identification:_identify(src/pub_sub_cpp/include/pub_sub_cpp) by extensions ['colcon_meta']
[0.654s] Level 1:colcon.colcon_core.package_identification:_identify(src/pub_sub_cpp/include/pub_sub_cpp) by extension 'colcon_meta'
[0.654s] Level 1:colcon.colcon_core.package_identification:_identify(src/pub_sub_cpp/include/pub_sub_cpp) by extensions ['ros']
[0.654s] Level 1:colcon.colcon_core.package_identification:_identify(src/pub_sub_cpp/include/pub_sub_cpp) by extension 'ros'
[0.654s] Level 1:colcon.colcon_core.package_identification:_identify(src/pub_sub_cpp/include/pub_sub_cpp) by extensions ['cmake', 'python']
[0.654s] Level 1:colcon.colcon_core.package_identification:_identify(src/pub_sub_cpp/include/pub_sub_cpp) by extension 'cmake'
[0.654s] Level 1:colcon.colcon_core.package_identification:_identify(src/pub_sub_cpp/include/pub_sub_cpp) by extension 'python'
[0.654s] Level 1:colcon.colcon_core.package_identification:_identify(src/pub_sub_cpp/include/pub_sub_cpp) by extensions ['python_setup_py']
[0.654s] Level 1:colcon.colcon_core.package_identification:_identify(src/pub_sub_cpp/include/pub_sub_cpp) by extension 'python_setup_py'
[0.654s] Level 1:colcon.colcon_core.package_discovery:discover_packages(recursive) using defaults
[0.655s] Level 1:colcon.colcon_core.package_discovery:discover_packages(ignore) discover
[0.655s] Level 1:colcon.colcon_core.package_discovery:discover_packages(ignore) using defaults
[0.655s] Level 1:colcon.colcon_core.package_discovery:discover_packages(path) discover
[0.655s] Level 1:colcon.colcon_core.package_discovery:discover_packages(path) using defaults
[0.686s] Level 1:colcon.colcon_core.package_discovery:discover_packages(prefix_path) check parameters
[0.686s] Level 1:colcon.colcon_core.package_discovery:discover_packages(prefix_path) discover
[0.692s] DEBUG:colcon.colcon_installed_package_information.package_discovery:Found 333 installed packages in /opt/ros/foxy
[0.694s] Level 1:colcon.colcon_core.package_discovery:discover_packages(prefix_path) using defaults
[0.789s] Level 5:colcon.colcon_core.verb:set package 'mapper_pkg' build argument 'cmake_args' from command line to 'None'
[0.789s] Level 5:colcon.colcon_core.verb:set package 'mapper_pkg' build argument 'cmake_target' from command line to 'None'
[0.789s] Level 5:colcon.colcon_core.verb:set package 'mapper_pkg' build argument 'cmake_target_skip_unavailable' from command line to 'False'
[0.789s] Level 5:colcon.colcon_core.verb:set package 'mapper_pkg' build argument 'cmake_clean_cache' from command line to 'False'
[0.789s] Level 5:colcon.colcon_core.verb:set package 'mapper_pkg' build argument 'cmake_clean_first' from command line to 'False'
[0.789s] Level 5:colcon.colcon_core.verb:set package 'mapper_pkg' build argument 'cmake_force_configure' from command line to 'False'
[0.789s] Level 5:colcon.colcon_core.verb:set package 'mapper_pkg' build argument 'ament_cmake_args' from command line to 'None'
[0.789s] Level 5:colcon.colcon_core.verb:set package 'mapper_pkg' build argument 'catkin_cmake_args' from command line to 'None'
[0.789s] Level 5:colcon.colcon_core.verb:set package 'mapper_pkg' build argument 'catkin_skip_building_tests' from command line to 'False'
[0.789s] DEBUG:colcon.colcon_core.verb:Building package 'mapper_pkg' with the following arguments: {'ament_cmake_args': None, 'build_base': '/home/legacy/youtube_robot/build/mapper_pkg', 'catkin_cmake_args': None, 'catkin_skip_building_tests': False, 'cmake_args': None, 'cmake_clean_cache': False, 'cmake_clean_first': False, 'cmake_force_configure': False, 'cmake_target': None, 'cmake_target_skip_unavailable': False, 'install_base': '/home/legacy/youtube_robot/install/mapper_pkg', 'merge_install': False, 'path': '/home/legacy/youtube_robot/src/mapper_pkg', 'symlink_install': False, 'test_result_base': None}
[0.791s] Level 5:colcon.colcon_core.verb:set package 'modelo_robot' build argument 'cmake_args' from command line to 'None'
[0.791s] Level 5:colcon.colcon_core.verb:set package 'modelo_robot' build argument 'cmake_target' from command line to 'None'
[0.791s] Level 5:colcon.colcon_core.verb:set package 'modelo_robot' build argument 'cmake_target_skip_unavailable' from command line to 'False'
[0.791s] Level 5:colcon.colcon_core.verb:set package 'modelo_robot' build argument 'cmake_clean_cache' from command line to 'False'
[0.791s] Level 5:colcon.colcon_core.verb:set package 'modelo_robot' build argument 'cmake_clean_first' from command line to 'False'
[0.791s] Level 5:colcon.colcon_core.verb:set package 'modelo_robot' build argument 'cmake_force_configure' from command line to 'False'
[0.791s] Level 5:colcon.colcon_core.verb:set package 'modelo_robot' build argument 'ament_cmake_args' from command line to 'None'
[0.791s] Level 5:colcon.colcon_core.verb:set package 'modelo_robot' build argument 'catkin_cmake_args' from command line to 'None'
[0.791s] Level 5:colcon.colcon_core.verb:set package 'modelo_robot' build argument 'catkin_skip_building_tests' from command line to 'False'
[0.791s] DEBUG:colcon.colcon_core.verb:Building package 'modelo_robot' with the following arguments: {'ament_cmake_args': None, 'build_base': '/home/legacy/youtube_robot/build/modelo_robot', 'catkin_cmake_args': None, 'catkin_skip_building_tests': False, 'cmake_args': None, 'cmake_clean_cache': False, 'cmake_clean_first': False, 'cmake_force_configure': False, 'cmake_target': None, 'cmake_target_skip_unavailable': False, 'install_base': '/home/legacy/youtube_robot/install/modelo_robot', 'merge_install': False, 'path': '/home/legacy/youtube_robot/src/modelo_robot', 'symlink_install': False, 'test_result_base': None}
[0.793s] INFO:colcon.colcon_core.executor:Executing jobs using 'parallel' executor
[0.802s] DEBUG:colcon.colcon_parallel_executor.executor.parallel:run_until_complete
[0.802s] INFO:colcon.colcon_ros.task.ament_cmake.build:Building ROS package in '/home/legacy/youtube_robot/src/mapper_pkg' with build type 'ament_cmake'
[0.802s] INFO:colcon.colcon_cmake.task.cmake.build:Building CMake package in '/home/legacy/youtube_robot/src/mapper_pkg'
[0.810s] INFO:colcon.colcon_core.plugin_system:Skipping extension 'colcon_core.shell.bat': Not used on non-Windows systems
[0.810s] INFO:colcon.colcon_core.shell:Skip shell extension 'powershell' for command environment: Not usable outside of PowerShell
[0.810s] DEBUG:colcon.colcon_core.shell:Skip shell extension 'dsv' for command environment
[0.818s] INFO:colcon.colcon_ros.task.ament_python.build:Building ROS package in '/home/legacy/youtube_robot/src/modelo_robot' with build type 'ament_python'
[0.819s] Level 1:colcon.colcon_core.shell:create_environment_hook('modelo_robot', 'ament_prefix_path')
[0.823s] INFO:colcon.colcon_core.shell:Creating environment hook '/home/legacy/youtube_robot/install/modelo_robot/share/modelo_robot/hook/ament_prefix_path.ps1'
[0.824s] INFO:colcon.colcon_core.shell:Creating environment descriptor '/home/legacy/youtube_robot/install/modelo_robot/share/modelo_robot/hook/ament_prefix_path.dsv'
[0.824s] INFO:colcon.colcon_core.shell:Creating environment hook '/home/legacy/youtube_robot/install/modelo_robot/share/modelo_robot/hook/ament_prefix_path.sh'
[0.828s] INFO:colcon.colcon_core.shell:Skip shell extension 'powershell' for command environment: Not usable outside of PowerShell
[0.828s] DEBUG:colcon.colcon_core.shell:Skip shell extension 'dsv' for command environment
[0.845s] DEBUG:colcon.colcon_core.event_handler.log_command:Invoking command in '/home/legacy/youtube_robot/build/mapper_pkg': CMAKE_PREFIX_PATH=/opt/ros/foxy /usr/bin/cmake --build /home/legacy/youtube_robot/build/mapper_pkg -- -j8 -l8
[2.010s] INFO:colcon.colcon_core.task.python.build:Building Python package in '/home/legacy/youtube_robot/src/modelo_robot'
[2.014s] INFO:colcon.colcon_core.shell:Skip shell extension 'powershell' for command environment: Not usable outside of PowerShell
[2.014s] DEBUG:colcon.colcon_core.shell:Skip shell extension 'dsv' for command environment
[2.026s] DEBUG:colcon.colcon_core.event_handler.log_command:Invoked command in '/home/legacy/youtube_robot/build/mapper_pkg' returned '0': CMAKE_PREFIX_PATH=/opt/ros/foxy /usr/bin/cmake --build /home/legacy/youtube_robot/build/mapper_pkg -- -j8 -l8
[2.066s] DEBUG:colcon.colcon_core.event_handler.log_command:Invoking command in '/home/legacy/youtube_robot/build/mapper_pkg': CMAKE_PREFIX_PATH=/opt/ros/foxy /usr/bin/cmake --install /home/legacy/youtube_robot/build/mapper_pkg
[2.088s] Level 1:colcon.colcon_core.environment:create_environment_scripts_only(mapper_pkg)
[2.097s] DEBUG:colcon.colcon_core.event_handler.log_command:Invoked command in '/home/legacy/youtube_robot/build/mapper_pkg' returned '0': CMAKE_PREFIX_PATH=/opt/ros/foxy /usr/bin/cmake --install /home/legacy/youtube_robot/build/mapper_pkg
[2.106s] Level 1:colcon.colcon_core.environment:checking '/home/legacy/youtube_robot/install/mapper_pkg' for CMake module files
[2.107s] Level 1:colcon.colcon_core.environment:checking '/home/legacy/youtube_robot/install/mapper_pkg' for CMake config files
[2.108s] Level 1:colcon.colcon_core.shell:create_environment_hook('mapper_pkg', 'cmake_prefix_path')
[2.114s] INFO:colcon.colcon_core.shell:Creating environment hook '/home/legacy/youtube_robot/install/mapper_pkg/share/mapper_pkg/hook/cmake_prefix_path.ps1'
[2.115s] INFO:colcon.colcon_core.shell:Creating environment descriptor '/home/legacy/youtube_robot/install/mapper_pkg/share/mapper_pkg/hook/cmake_prefix_path.dsv'
[2.116s] INFO:colcon.colcon_core.shell:Creating environment hook '/home/legacy/youtube_robot/install/mapper_pkg/share/mapper_pkg/hook/cmake_prefix_path.sh'
[2.117s] Level 1:colcon.colcon_core.environment:checking '/home/legacy/youtube_robot/install/mapper_pkg/bin'
[2.117s] Level 1:colcon.colcon_core.environment:checking '/home/legacy/youtube_robot/install/mapper_pkg/lib/pkgconfig/mapper_pkg.pc'
[2.117s] Level 1:colcon.colcon_core.environment:checking '/home/legacy/youtube_robot/install/mapper_pkg/lib/python3.8/site-packages'
[2.118s] Level 1:colcon.colcon_core.environment:checking '/home/legacy/youtube_robot/install/mapper_pkg/bin'
[2.124s] INFO:colcon.colcon_core.shell:Creating package script '/home/legacy/youtube_robot/install/mapper_pkg/share/mapper_pkg/package.ps1'
[2.125s] INFO:colcon.colcon_core.shell:Creating package descriptor '/home/legacy/youtube_robot/install/mapper_pkg/share/mapper_pkg/package.dsv'
[2.126s] INFO:colcon.colcon_core.shell:Creating package script '/home/legacy/youtube_robot/install/mapper_pkg/share/mapper_pkg/package.sh'
[2.127s] INFO:colcon.colcon_core.shell:Creating package script '/home/legacy/youtube_robot/install/mapper_pkg/share/mapper_pkg/package.bash'
[2.128s] INFO:colcon.colcon_core.shell:Creating package script '/home/legacy/youtube_robot/install/mapper_pkg/share/mapper_pkg/package.zsh'
[2.129s] Level 1:colcon.colcon_core.environment:create_file_with_runtime_dependencies(/home/legacy/youtube_robot/install/mapper_pkg/share/colcon-core/packages/mapper_pkg)
[2.161s] Level 1:colcon.colcon_core.environment:create_environment_scripts_only(mapper_pkg)
[2.170s] Level 1:colcon.colcon_core.environment:checking '/home/legacy/youtube_robot/install/mapper_pkg' for CMake module files
[2.171s] Level 1:colcon.colcon_core.environment:checking '/home/legacy/youtube_robot/install/mapper_pkg' for CMake config files
[2.172s] Level 1:colcon.colcon_core.shell:create_environment_hook('mapper_pkg', 'cmake_prefix_path')
[2.175s] INFO:colcon.colcon_core.shell:Creating environment hook '/home/legacy/youtube_robot/install/mapper_pkg/share/mapper_pkg/hook/cmake_prefix_path.ps1'
[2.176s] INFO:colcon.colcon_core.shell:Creating environment descriptor '/home/legacy/youtube_robot/install/mapper_pkg/share/mapper_pkg/hook/cmake_prefix_path.dsv'
[2.176s] INFO:colcon.colcon_core.shell:Creating environment hook '/home/legacy/youtube_robot/install/mapper_pkg/share/mapper_pkg/hook/cmake_prefix_path.sh'
[2.177s] Level 1:colcon.colcon_core.environment:checking '/home/legacy/youtube_robot/install/mapper_pkg/bin'
[2.177s] Level 1:colcon.colcon_core.environment:checking '/home/legacy/youtube_robot/install/mapper_pkg/lib/pkgconfig/mapper_pkg.pc'
[2.177s] Level 1:colcon.colcon_core.environment:checking '/home/legacy/youtube_robot/install/mapper_pkg/lib/python3.8/site-packages'
[2.178s] Level 1:colcon.colcon_core.environment:checking '/home/legacy/youtube_robot/install/mapper_pkg/bin'
[2.181s] INFO:colcon.colcon_core.shell:Creating package script '/home/legacy/youtube_robot/install/mapper_pkg/share/mapper_pkg/package.ps1'
[2.182s] INFO:colcon.colcon_core.shell:Creating package descriptor '/home/legacy/youtube_robot/install/mapper_pkg/share/mapper_pkg/package.dsv'
[2.183s] INFO:colcon.colcon_core.shell:Creating package script '/home/legacy/youtube_robot/install/mapper_pkg/share/mapper_pkg/package.sh'
[2.183s] INFO:colcon.colcon_core.shell:Creating package script '/home/legacy/youtube_robot/install/mapper_pkg/share/mapper_pkg/package.bash'
[2.184s] INFO:colcon.colcon_core.shell:Creating package script '/home/legacy/youtube_robot/install/mapper_pkg/share/mapper_pkg/package.zsh'
[2.184s] Level 1:colcon.colcon_core.environment:create_file_with_runtime_dependencies(/home/legacy/youtube_robot/install/mapper_pkg/share/colcon-core/packages/mapper_pkg)
[3.717s] DEBUG:colcon.colcon_core.event_handler.log_command:Invoking command in '/home/legacy/youtube_robot/src/modelo_robot': PYTHONPATH=/home/legacy/youtube_robot/install/modelo_robot/lib/python3.8/site-packages:${PYTHONPATH} /usr/bin/python3 setup.py egg_info --egg-base ../../build/modelo_robot build --build-base /home/legacy/youtube_robot/build/modelo_robot/build install --prefix /home/legacy/youtube_robot/install/modelo_robot --record /home/legacy/youtube_robot/build/modelo_robot/install.log --single-version-externally-managed
[6.078s] Level 1:colcon.colcon_core.environment:checking '/home/legacy/youtube_robot/install/modelo_robot' for CMake module files
[6.079s] DEBUG:colcon.colcon_core.event_handler.log_command:Invoked command in '/home/legacy/youtube_robot/src/modelo_robot' returned '0': PYTHONPATH=/home/legacy/youtube_robot/install/modelo_robot/lib/python3.8/site-packages:${PYTHONPATH} /usr/bin/python3 setup.py egg_info --egg-base ../../build/modelo_robot build --build-base /home/legacy/youtube_robot/build/modelo_robot/build install --prefix /home/legacy/youtube_robot/install/modelo_robot --record /home/legacy/youtube_robot/build/modelo_robot/install.log --single-version-externally-managed
[6.079s] Level 1:colcon.colcon_core.environment:checking '/home/legacy/youtube_robot/install/modelo_robot' for CMake config files
[6.080s] Level 1:colcon.colcon_core.environment:checking '/home/legacy/youtube_robot/install/modelo_robot/lib'
[6.080s] Level 1:colcon.colcon_core.environment:checking '/home/legacy/youtube_robot/install/modelo_robot/bin'
[6.080s] Level 1:colcon.colcon_core.environment:checking '/home/legacy/youtube_robot/install/modelo_robot/lib/pkgconfig/modelo_robot.pc'
[6.081s] Level 1:colcon.colcon_core.environment:checking '/home/legacy/youtube_robot/install/modelo_robot/lib/python3.8/site-packages'
[6.081s] Level 1:colcon.colcon_core.shell:create_environment_hook('modelo_robot', 'pythonpath')
[6.085s] INFO:colcon.colcon_core.shell:Creating environment hook '/home/legacy/youtube_robot/install/modelo_robot/share/modelo_robot/hook/pythonpath.ps1'
[6.086s] INFO:colcon.colcon_core.shell:Creating environment descriptor '/home/legacy/youtube_robot/install/modelo_robot/share/modelo_robot/hook/pythonpath.dsv'
[6.086s] INFO:colcon.colcon_core.shell:Creating environment hook '/home/legacy/youtube_robot/install/modelo_robot/share/modelo_robot/hook/pythonpath.sh'
[6.087s] Level 1:colcon.colcon_core.environment:checking '/home/legacy/youtube_robot/install/modelo_robot/bin'
[6.087s] Level 1:colcon.colcon_core.environment:create_environment_scripts_only(modelo_robot)
[6.090s] INFO:colcon.colcon_core.shell:Creating package script '/home/legacy/youtube_robot/install/modelo_robot/share/modelo_robot/package.ps1'
[6.091s] INFO:colcon.colcon_core.shell:Creating package descriptor '/home/legacy/youtube_robot/install/modelo_robot/share/modelo_robot/package.dsv'
[6.092s] INFO:colcon.colcon_core.shell:Creating package script '/home/legacy/youtube_robot/install/modelo_robot/share/modelo_robot/package.sh'
[6.092s] INFO:colcon.colcon_core.shell:Creating package script '/home/legacy/youtube_robot/install/modelo_robot/share/modelo_robot/package.bash'
[6.092s] INFO:colcon.colcon_core.shell:Creating package script '/home/legacy/youtube_robot/install/modelo_robot/share/modelo_robot/package.zsh'
[6.093s] Level 1:colcon.colcon_core.environment:create_file_with_runtime_dependencies(/home/legacy/youtube_robot/install/modelo_robot/share/colcon-core/packages/modelo_robot)
[6.093s] DEBUG:colcon.colcon_parallel_executor.executor.parallel:closing loop
[6.093s] DEBUG:colcon.colcon_parallel_executor.executor.parallel:loop closed
[6.093s] DEBUG:colcon.colcon_parallel_executor.executor.parallel:run_until_complete finished with '0'
[6.093s] DEBUG:colcon.colcon_core.event_reactor:joining thread
[6.103s] INFO:colcon.colcon_core.plugin_system:Skipping extension 'colcon_notification.desktop_notification.terminal_notifier': Not used on non-Darwin systems
[6.103s] INFO:colcon.colcon_core.plugin_system:Skipping extension 'colcon_notification.desktop_notification.win32': Not used on non-Windows systems
[6.103s] INFO:colcon.colcon_notification.desktop_notification:Sending desktop notification using 'notify2'
[6.120s] DEBUG:colcon.colcon_core.event_reactor:joined thread
[6.124s] INFO:colcon.colcon_core.shell:Creating prefix script '/home/legacy/youtube_robot/install/local_setup.ps1'
[6.125s] INFO:colcon.colcon_core.shell:Creating prefix util module '/home/legacy/youtube_robot/install/_local_setup_util_ps1.py'
[6.126s] INFO:colcon.colcon_core.shell:Creating prefix chain script '/home/legacy/youtube_robot/install/setup.ps1'
[6.127s] INFO:colcon.colcon_core.shell:Creating prefix script '/home/legacy/youtube_robot/install/local_setup.sh'
[6.128s] INFO:colcon.colcon_core.shell:Creating prefix util module '/home/legacy/youtube_robot/install/_local_setup_util_sh.py'
[6.129s] INFO:colcon.colcon_core.shell:Creating prefix chain script '/home/legacy/youtube_robot/install/setup.sh'
[6.131s] INFO:colcon.colcon_core.shell:Creating prefix script '/home/legacy/youtube_robot/install/local_setup.bash'
[6.131s] INFO:colcon.colcon_core.shell:Creating prefix chain script '/home/legacy/youtube_robot/install/setup.bash'
[6.134s] INFO:colcon.colcon_core.shell:Creating prefix script '/home/legacy/youtube_robot/install/local_setup.zsh'
[6.135s] INFO:colcon.colcon_core.shell:Creating prefix chain script '/home/legacy/youtube_robot/install/setup.zsh'
