[3.384s] Invoking command in '/home/legacy/youtube_robot/src/modelo_robot': PYTHONPATH=/home/legacy/youtube_robot/install/modelo_robot/lib/python3.8/site-packages:${PYTHONPATH} /usr/bin/python3 setup.py egg_info --egg-base ../../build/modelo_robot build --build-base /home/legacy/youtube_robot/build/modelo_robot/build install --prefix /home/legacy/youtube_robot/install/modelo_robot --record /home/legacy/youtube_robot/build/modelo_robot/install.log --single-version-externally-managed
[3.760s] /home/legacy/.local/lib/python3.8/site-packages/setuptools/dist.py:772: UserWarning: Usage of dash-separated 'script-dir' will not be supported in future versions. Please use the underscore name 'script_dir' instead
[3.760s]   warnings.warn(
[3.760s] /home/legacy/.local/lib/python3.8/site-packages/setuptools/dist.py:772: UserWarning: Usage of dash-separated 'install-scripts' will not be supported in future versions. Please use the underscore name 'install_scripts' instead
[3.760s]   warnings.warn(
[4.612s] running egg_info
[4.691s] writing ../../build/modelo_robot/modelo_robot.egg-info/PKG-INFO
[4.758s] writing dependency_links to ../../build/modelo_robot/modelo_robot.egg-info/dependency_links.txt
[5.083s] writing requirements to ../../build/modelo_robot/modelo_robot.egg-info/requires.txt
[5.150s] writing top-level names to ../../build/modelo_robot/modelo_robot.egg-info/top_level.txt
[5.255s] reading manifest file '../../build/modelo_robot/modelo_robot.egg-info/SOURCES.txt'
[5.256s] writing manifest file '../../build/modelo_robot/modelo_robot.egg-info/SOURCES.txt'
[5.256s] running build
[5.257s] running build_py
[5.257s] running install
[5.257s] /home/legacy/.local/lib/python3.8/site-packages/setuptools/command/install.py:34: SetuptoolsDeprecationWarning: setup.py install is deprecated. Use build and pip and other standards-based tools.
[5.257s]   warnings.warn(
[5.267s] running install_lib
[5.359s] running install_data
[5.373s] copying urdf/Seguidor_linea_robot.urdf -> /home/legacy/youtube_robot/install/modelo_robot/share/modelo_robot/urdf
[5.374s] running install_egg_info
[5.459s] removing '/home/legacy/youtube_robot/install/modelo_robot/lib/python3.8/site-packages/modelo_robot-0.0.0-py3.8.egg-info' (and everything under it)
[5.460s] Copying ../../build/modelo_robot/modelo_robot.egg-info to /home/legacy/youtube_robot/install/modelo_robot/lib/python3.8/site-packages/modelo_robot-0.0.0-py3.8.egg-info
[5.461s] running install_scripts
[5.613s] writing list of installed files to '/home/legacy/youtube_robot/build/modelo_robot/install.log'
[5.659s] Invoked command in '/home/legacy/youtube_robot/src/modelo_robot' returned '0': PYTHONPATH=/home/legacy/youtube_robot/install/modelo_robot/lib/python3.8/site-packages:${PYTHONPATH} /usr/bin/python3 setup.py egg_info --egg-base ../../build/modelo_robot build --build-base /home/legacy/youtube_robot/build/modelo_robot/build install --prefix /home/legacy/youtube_robot/install/modelo_robot --record /home/legacy/youtube_robot/build/modelo_robot/install.log --single-version-externally-managed
