[0.000000] (-) TimerEvent: {}
[0.000114] (modelo_robot) JobQueued: {'identifier': 'modelo_robot', 'dependencies': OrderedDict()}
[0.000182] (modelo_robot) JobStarted: {'identifier': 'modelo_robot'}
[0.099196] (-) TimerEvent: {}
[0.199566] (-) TimerEvent: {}
[0.299920] (-) TimerEvent: {}
[0.400305] (-) TimerEvent: {}
[0.500597] (-) TimerEvent: {}
[0.600867] (-) TimerEvent: {}
[0.701119] (-) TimerEvent: {}
[0.801411] (-) TimerEvent: {}
[0.854485] (modelo_robot) Command: {'cmd': ['/usr/bin/python3', 'setup.py', 'egg_info', '--egg-base', '../../build/modelo_robot', 'build', '--build-base', '/home/legacy/youtube_robot/build/modelo_robot/build', 'install', '--prefix', '/home/legacy/youtube_robot/install/modelo_robot', '--record', '/home/legacy/youtube_robot/build/modelo_robot/install.log', '--single-version-externally-managed'], 'cwd': '/home/legacy/youtube_robot/src/modelo_robot', 'env': {'USER': 'legacy', 'LC_TIME': 'es_CO.UTF-8', 'SSH_AGENT_PID': '2625', 'XDG_SESSION_TYPE': 'x11', 'SHLVL': '1', 'HOME': '/home/legacy', 'OLDPWD': '/home/legacy', 'DESKTOP_SESSION': 'ubuntu', 'GNOME_SHELL_SESSION_MODE': 'ubuntu', 'HOMEBREW_PREFIX': '/home/linuxbrew/.linuxbrew', 'GTK_MODULES': 'gail:atk-bridge', 'LC_MONETARY': 'es_CO.UTF-8', 'MANAGERPID': '2398', 'HOMEBREW_SHELLENV_PREFIX': '/home/linuxbrew/.linuxbrew', 'DBUS_SESSION_BUS_ADDRESS': 'unix:path=/run/user/1000/bus', 'COLORTERM': 'truecolor', 'LIBVIRT_DEFAULT_URI': 'qemu:///system', 'MANDATORY_PATH': '/usr/share/gconf/ubuntu.mandatory.path', 'IM_CONFIG_PHASE': '1', 'INFOPATH': '/home/linuxbrew/.linuxbrew/share/info:', 'LOGNAME': 'legacy', 'JOURNAL_STREAM': '8:67666', '_': '/usr/bin/colcon', 'XDG_SESSION_CLASS': 'user', 'DEFAULTS_PATH': '/usr/share/gconf/ubuntu.default.path', 'USERNAME': 'legacy', 'TERM': 'xterm-256color', 'GNOME_DESKTOP_SESSION_ID': 'this-is-deprecated', 'WINDOWPATH': '2', 'PATH': '/home/linuxbrew/.linuxbrew/bin:/home/linuxbrew/.linuxbrew/sbin:/home/legacy/.local/bin:/usr/local/sbin:/usr/local/bin:/usr/sbin:/usr/bin:/sbin:/bin:/usr/games:/usr/local/games:/snap/bin', 'SESSION_MANAGER': 'local/legacy-TUF-GAMING-FX504GM-FX80GM:@/tmp/.ICE-unix/2652,unix/legacy-TUF-GAMING-FX504GM-FX80GM:/tmp/.ICE-unix/2652', 'INVOCATION_ID': '5bb89a8b008d4ee2b2f54b1e02d2999e', 'HOMEBREW_CELLAR': '/home/linuxbrew/.linuxbrew/Cellar', 'PAPERSIZE': 'letter', 'XDG_MENU_PREFIX': 'gnome-', 'LC_ADDRESS': 'es_CO.UTF-8', 'GNOME_TERMINAL_SCREEN': '/org/gnome/Terminal/screen/1299ea55_352d_4871_9e54_325f884c46c9', 'XDG_RUNTIME_DIR': '/run/user/1000', 'DISPLAY': ':1', 'LANG': 'en_US.UTF-8', 'XDG_CURRENT_DESKTOP': 'ubuntu:GNOME', 'LC_TELEPHONE': 'es_CO.UTF-8', 'XMODIFIERS': '@im=ibus', 'XDG_SESSION_DESKTOP': 'ubuntu', 'XAUTHORITY': '/run/user/1000/gdm/Xauthority', 'GNOME_TERMINAL_SERVICE': ':1.224', 'SSH_AUTH_SOCK': '/run/user/1000/keyring/ssh', 'SHELL': '/bin/bash', 'LC_NAME': 'es_CO.UTF-8', 'QT_ACCESSIBILITY': '1', 'GDMSESSION': 'ubuntu', 'LC_MEASUREMENT': 'es_CO.UTF-8', 'GPG_AGENT_INFO': '/run/user/1000/gnupg/S.gpg-agent:0:1', 'LC_IDENTIFICATION': 'es_CO.UTF-8', 'QT_IM_MODULE': 'ibus', 'PWD': '/home/legacy/youtube_robot/build/modelo_robot', 'LC_ALL': 'en_US.UTF-8', 'XDG_CONFIG_DIRS': '/etc/xdg/xdg-ubuntu:/etc/xdg', 'XDG_DATA_DIRS': '/usr/share/ubuntu:/usr/local/share/:/usr/share/:/var/lib/snapd/desktop', 'HOMEBREW_REPOSITORY': '/home/linuxbrew/.linuxbrew/Homebrew', 'LC_NUMERIC': 'es_CO.UTF-8', 'LC_PAPER': 'es_CO.UTF-8', 'COLCON': '1', 'MANPATH': '/home/linuxbrew/.linuxbrew/share/man:', 'VTE_VERSION': '6003', 'PYTHONPATH': '/home/legacy/youtube_robot/install/modelo_robot/lib/python3.8/site-packages:'}, 'shell': False}
[0.901539] (-) TimerEvent: {}
[1.001871] (-) TimerEvent: {}
[1.096807] (modelo_robot) StdoutLine: {'line': b'running egg_info\n'}
[1.097396] (modelo_robot) StdoutLine: {'line': b'writing ../../build/modelo_robot/modelo_robot.egg-info/PKG-INFO\n'}
[1.097654] (modelo_robot) StdoutLine: {'line': b'writing dependency_links to ../../build/modelo_robot/modelo_robot.egg-info/dependency_links.txt\n'}
[1.097839] (modelo_robot) StdoutLine: {'line': b'writing entry points to ../../build/modelo_robot/modelo_robot.egg-info/entry_points.txt\n'}
[1.097993] (modelo_robot) StdoutLine: {'line': b'writing requirements to ../../build/modelo_robot/modelo_robot.egg-info/requires.txt\n'}
[1.098095] (modelo_robot) StdoutLine: {'line': b'writing top-level names to ../../build/modelo_robot/modelo_robot.egg-info/top_level.txt\n'}
[1.101950] (-) TimerEvent: {}
[1.136655] (modelo_robot) StdoutLine: {'line': b"reading manifest file '../../build/modelo_robot/modelo_robot.egg-info/SOURCES.txt'\n"}
[1.137779] (modelo_robot) StdoutLine: {'line': b"writing manifest file '../../build/modelo_robot/modelo_robot.egg-info/SOURCES.txt'\n"}
[1.137972] (modelo_robot) StdoutLine: {'line': b'running build\n'}
[1.138048] (modelo_robot) StdoutLine: {'line': b'running build_py\n'}
[1.138149] (modelo_robot) StdoutLine: {'line': b'running install\n'}
[1.138888] (modelo_robot) StdoutLine: {'line': b'running install_lib\n'}
[1.140197] (modelo_robot) StdoutLine: {'line': b'running install_data\n'}
[1.140989] (modelo_robot) StdoutLine: {'line': b'running install_egg_info\n'}
[1.142616] (modelo_robot) StdoutLine: {'line': b"removing '/home/legacy/youtube_robot/install/modelo_robot/lib/python3.8/site-packages/modelo_robot-0.0.0-py3.8.egg-info' (and everything under it)\n"}
[1.143506] (modelo_robot) StdoutLine: {'line': b'Copying ../../build/modelo_robot/modelo_robot.egg-info to /home/legacy/youtube_robot/install/modelo_robot/lib/python3.8/site-packages/modelo_robot-0.0.0-py3.8.egg-info\n'}
[1.144550] (modelo_robot) StdoutLine: {'line': b'running install_scripts\n'}
[1.162263] (modelo_robot) StdoutLine: {'line': b"writing list of installed files to '/home/legacy/youtube_robot/build/modelo_robot/install.log'\n"}
[1.186685] (modelo_robot) CommandEnded: {'returncode': 0}
[1.202518] (-) TimerEvent: {}
[1.205287] (modelo_robot) JobEnded: {'identifier': 'modelo_robot', 'rc': 0}
[1.206028] (-) EventReactorShutdown: {}
