[2.083s] Invoking command in '/home/legacy/youtube_robot/src/modelo_robot': PYTHONPATH=/home/legacy/youtube_robot/install/modelo_robot/lib/python3.8/site-packages:${PYTHONPATH} /usr/bin/python3 setup.py egg_info --egg-base ../../build/modelo_robot build --build-base /home/legacy/youtube_robot/build/modelo_robot/build install --prefix /home/legacy/youtube_robot/install/modelo_robot --record /home/legacy/youtube_robot/build/modelo_robot/install.log --single-version-externally-managed
[2.411s] /home/legacy/.local/lib/python3.8/site-packages/setuptools/dist.py:772: UserWarning: Usage of dash-separated 'script-dir' will not be supported in future versions. Please use the underscore name 'script_dir' instead
[2.411s]   warnings.warn(
[2.412s] /home/legacy/.local/lib/python3.8/site-packages/setuptools/dist.py:772: UserWarning: Usage of dash-separated 'install-scripts' will not be supported in future versions. Please use the underscore name 'install_scripts' instead
[2.412s]   warnings.warn(
[3.172s] running egg_info
[3.245s] writing ../../build/modelo_robot/modelo_robot.egg-info/PKG-INFO
[3.303s] writing dependency_links to ../../build/modelo_robot/modelo_robot.egg-info/dependency_links.txt
[3.590s] writing requirements to ../../build/modelo_robot/modelo_robot.egg-info/requires.txt
[3.649s] writing top-level names to ../../build/modelo_robot/modelo_robot.egg-info/top_level.txt
[3.740s] reading manifest file '../../build/modelo_robot/modelo_robot.egg-info/SOURCES.txt'
[3.741s] writing manifest file '../../build/modelo_robot/modelo_robot.egg-info/SOURCES.txt'
[3.741s] running build
[3.741s] running build_py
[3.741s] running install
[3.741s] /home/legacy/.local/lib/python3.8/site-packages/setuptools/command/install.py:34: SetuptoolsDeprecationWarning: setup.py install is deprecated. Use build and pip and other standards-based tools.
[3.741s]   warnings.warn(
[3.747s] running install_lib
[3.828s] running install_data
[3.845s] copying urdf/Seguidor_linea_robot.urdf -> /home/legacy/youtube_robot/install/modelo_robot/share/modelo_robot/urdf
[3.845s] running install_egg_info
[3.920s] removing '/home/legacy/youtube_robot/install/modelo_robot/lib/python3.8/site-packages/modelo_robot-0.0.0-py3.8.egg-info' (and everything under it)
[3.920s] Copying ../../build/modelo_robot/modelo_robot.egg-info to /home/legacy/youtube_robot/install/modelo_robot/lib/python3.8/site-packages/modelo_robot-0.0.0-py3.8.egg-info
[3.921s] running install_scripts
[4.058s] writing list of installed files to '/home/legacy/youtube_robot/build/modelo_robot/install.log'
[4.091s] Invoked command in '/home/legacy/youtube_robot/src/modelo_robot' returned '0': PYTHONPATH=/home/legacy/youtube_robot/install/modelo_robot/lib/python3.8/site-packages:${PYTHONPATH} /usr/bin/python3 setup.py egg_info --egg-base ../../build/modelo_robot build --build-base /home/legacy/youtube_robot/build/modelo_robot/build install --prefix /home/legacy/youtube_robot/install/modelo_robot --record /home/legacy/youtube_robot/build/modelo_robot/install.log --single-version-externally-managed
