[0.859s] Invoking command in '/home/legacy/youtube_robot/src/modelo_robot': PYTHONPATH=/home/legacy/youtube_robot/install/modelo_robot/lib/python3.8/site-packages: /usr/bin/python3 setup.py egg_info --egg-base ../../build/modelo_robot build --build-base /home/legacy/youtube_robot/build/modelo_robot/build install --prefix /home/legacy/youtube_robot/install/modelo_robot --record /home/legacy/youtube_robot/build/modelo_robot/install.log --single-version-externally-managed
[1.097s] running egg_info
[1.097s] writing ../../build/modelo_robot/modelo_robot.egg-info/PKG-INFO
[1.098s] writing dependency_links to ../../build/modelo_robot/modelo_robot.egg-info/dependency_links.txt
[1.098s] writing entry points to ../../build/modelo_robot/modelo_robot.egg-info/entry_points.txt
[1.098s] writing requirements to ../../build/modelo_robot/modelo_robot.egg-info/requires.txt
[1.098s] writing top-level names to ../../build/modelo_robot/modelo_robot.egg-info/top_level.txt
[1.137s] reading manifest file '../../build/modelo_robot/modelo_robot.egg-info/SOURCES.txt'
[1.138s] writing manifest file '../../build/modelo_robot/modelo_robot.egg-info/SOURCES.txt'
[1.138s] running build
[1.138s] running build_py
[1.138s] running install
[1.139s] running install_lib
[1.140s] running install_data
[1.141s] running install_egg_info
[1.143s] removing '/home/legacy/youtube_robot/install/modelo_robot/lib/python3.8/site-packages/modelo_robot-0.0.0-py3.8.egg-info' (and everything under it)
[1.143s] Copying ../../build/modelo_robot/modelo_robot.egg-info to /home/legacy/youtube_robot/install/modelo_robot/lib/python3.8/site-packages/modelo_robot-0.0.0-py3.8.egg-info
[1.144s] running install_scripts
[1.162s] writing list of installed files to '/home/legacy/youtube_robot/build/modelo_robot/install.log'
[1.187s] Invoked command in '/home/legacy/youtube_robot/src/modelo_robot' returned '0': PYTHONPATH=/home/legacy/youtube_robot/install/modelo_robot/lib/python3.8/site-packages: /usr/bin/python3 setup.py egg_info --egg-base ../../build/modelo_robot build --build-base /home/legacy/youtube_robot/build/modelo_robot/build install --prefix /home/legacy/youtube_robot/install/modelo_robot --record /home/legacy/youtube_robot/build/modelo_robot/install.log --single-version-externally-managed
