[2.491s] Invoking command in '/home/legacy/youtube_robot/src/publicador_python': AMENT_PREFIX_PATH=/home/legacy/youtube_robot/install/modelo_robot:${AMENT_PREFIX_PATH} PYTHONPATH=/home/legacy/youtube_robot/install/publicador_python/lib/python3.8/site-packages:/home/legacy/youtube_robot/install/modelo_robot/lib/python3.8/site-packages:${PYTHONPATH} /usr/bin/python3 setup.py egg_info --egg-base ../../build/publicador_python build --build-base /home/legacy/youtube_robot/build/publicador_python/build install --prefix /home/legacy/youtube_robot/install/publicador_python --record /home/legacy/youtube_robot/build/publicador_python/install.log --single-version-externally-managed
[2.902s] /home/legacy/.local/lib/python3.8/site-packages/setuptools/dist.py:772: UserWarning: Usage of dash-separated 'script-dir' will not be supported in future versions. Please use the underscore name 'script_dir' instead
[2.902s]   warnings.warn(
[2.902s] /home/legacy/.local/lib/python3.8/site-packages/setuptools/dist.py:772: UserWarning: Usage of dash-separated 'install-scripts' will not be supported in future versions. Please use the underscore name 'install_scripts' instead
[2.902s]   warnings.warn(
[3.742s] running egg_info
[3.820s] writing ../../build/publicador_python/publicador_python.egg-info/PKG-INFO
[3.880s] writing dependency_links to ../../build/publicador_python/publicador_python.egg-info/dependency_links.txt
[4.064s] writing entry points to ../../build/publicador_python/publicador_python.egg-info/entry_points.txt
[4.183s] writing requirements to ../../build/publicador_python/publicador_python.egg-info/requires.txt
[4.242s] writing top-level names to ../../build/publicador_python/publicador_python.egg-info/top_level.txt
[4.338s] reading manifest file '../../build/publicador_python/publicador_python.egg-info/SOURCES.txt'
[4.339s] writing manifest file '../../build/publicador_python/publicador_python.egg-info/SOURCES.txt'
[4.339s] running build
[4.339s] running build_py
[4.340s] running install
[4.340s] /home/legacy/.local/lib/python3.8/site-packages/setuptools/command/install.py:34: SetuptoolsDeprecationWarning: setup.py install is deprecated. Use build and pip and other standards-based tools.
[4.340s]   warnings.warn(
[4.345s] running install_lib
[4.432s] running install_data
[4.448s] running install_egg_info
[4.525s] removing '/home/legacy/youtube_robot/install/publicador_python/lib/python3.8/site-packages/publicador_python-0.0.0-py3.8.egg-info' (and everything under it)
[4.525s] Copying ../../build/publicador_python/publicador_python.egg-info to /home/legacy/youtube_robot/install/publicador_python/lib/python3.8/site-packages/publicador_python-0.0.0-py3.8.egg-info
[4.526s] running install_scripts
[4.664s] Installing publicador_cmd script to /home/legacy/youtube_robot/install/publicador_python/lib/publicador_python
[4.664s] Installing subscriber_odom script to /home/legacy/youtube_robot/install/publicador_python/lib/publicador_python
[4.665s] writing list of installed files to '/home/legacy/youtube_robot/build/publicador_python/install.log'
[4.705s] Invoked command in '/home/legacy/youtube_robot/src/publicador_python' returned '0': AMENT_PREFIX_PATH=/home/legacy/youtube_robot/install/modelo_robot:${AMENT_PREFIX_PATH} PYTHONPATH=/home/legacy/youtube_robot/install/publicador_python/lib/python3.8/site-packages:/home/legacy/youtube_robot/install/modelo_robot/lib/python3.8/site-packages:${PYTHONPATH} /usr/bin/python3 setup.py egg_info --egg-base ../../build/publicador_python build --build-base /home/legacy/youtube_robot/build/publicador_python/build install --prefix /home/legacy/youtube_robot/install/publicador_python --record /home/legacy/youtube_robot/build/publicador_python/install.log --single-version-externally-managed
