[0.869s] Invoking command in '/home/legacy/youtube_robot/src/modelo_robot': PYTHONPATH=/home/legacy/youtube_robot/install/modelo_robot/lib/python3.8/site-packages:${PYTHONPATH} /usr/bin/python3 setup.py egg_info --egg-base ../../build/modelo_robot build --build-base /home/legacy/youtube_robot/build/modelo_robot/build install --prefix /home/legacy/youtube_robot/install/modelo_robot --record /home/legacy/youtube_robot/build/modelo_robot/install.log --single-version-externally-managed
[1.117s] running egg_info
[1.117s] creating ../../build/modelo_robot/modelo_robot.egg-info
[1.118s] writing ../../build/modelo_robot/modelo_robot.egg-info/PKG-INFO
[1.118s] writing dependency_links to ../../build/modelo_robot/modelo_robot.egg-info/dependency_links.txt
[1.118s] writing entry points to ../../build/modelo_robot/modelo_robot.egg-info/entry_points.txt
[1.119s] writing requirements to ../../build/modelo_robot/modelo_robot.egg-info/requires.txt
[1.119s] writing top-level names to ../../build/modelo_robot/modelo_robot.egg-info/top_level.txt
[1.124s] writing manifest file '../../build/modelo_robot/modelo_robot.egg-info/SOURCES.txt'
[1.154s] reading manifest file '../../build/modelo_robot/modelo_robot.egg-info/SOURCES.txt'
[1.154s] writing manifest file '../../build/modelo_robot/modelo_robot.egg-info/SOURCES.txt'
[1.155s] running build
[1.155s] running build_py
[1.155s] creating /home/legacy/youtube_robot/build/modelo_robot/build
[1.155s] creating /home/legacy/youtube_robot/build/modelo_robot/build/lib
[1.155s] creating /home/legacy/youtube_robot/build/modelo_robot/build/lib/modelo_robot
[1.155s] copying modelo_robot/__init__.py -> /home/legacy/youtube_robot/build/modelo_robot/build/lib/modelo_robot
[1.155s] running install
[1.156s] running install_lib
[1.157s] creating /home/legacy/youtube_robot/install/modelo_robot/lib/python3.8/site-packages/modelo_robot
[1.157s] copying /home/legacy/youtube_robot/build/modelo_robot/build/lib/modelo_robot/__init__.py -> /home/legacy/youtube_robot/install/modelo_robot/lib/python3.8/site-packages/modelo_robot
[1.157s] byte-compiling /home/legacy/youtube_robot/install/modelo_robot/lib/python3.8/site-packages/modelo_robot/__init__.py to __init__.cpython-38.pyc
[1.161s] running install_data
[1.162s] creating /home/legacy/youtube_robot/install/modelo_robot/share/ament_index
[1.162s] creating /home/legacy/youtube_robot/install/modelo_robot/share/ament_index/resource_index
[1.162s] creating /home/legacy/youtube_robot/install/modelo_robot/share/ament_index/resource_index/packages
[1.162s] copying resource/modelo_robot -> /home/legacy/youtube_robot/install/modelo_robot/share/ament_index/resource_index/packages
[1.163s] copying package.xml -> /home/legacy/youtube_robot/install/modelo_robot/share/modelo_robot
[1.163s] creating /home/legacy/youtube_robot/install/modelo_robot/share/modelo_robot/urdf
[1.163s] copying urdf/Seguidor_linea_robot.urdf -> /home/legacy/youtube_robot/install/modelo_robot/share/modelo_robot/urdf
[1.163s] creating /home/legacy/youtube_robot/install/modelo_robot/share/modelo_robot/launch
[1.163s] copying launch/gazebo.launch.py -> /home/legacy/youtube_robot/install/modelo_robot/share/modelo_robot/launch
[1.164s] copying launch/display.launch.py -> /home/legacy/youtube_robot/install/modelo_robot/share/modelo_robot/launch
[1.164s] creating /home/legacy/youtube_robot/install/modelo_robot/share/modelo_robot/meshes
[1.164s] copying meshes/Rueda_derecha_link.STL -> /home/legacy/youtube_robot/install/modelo_robot/share/modelo_robot/meshes
[1.169s] copying meshes/Rueda_castor_link.STL -> /home/legacy/youtube_robot/install/modelo_robot/share/modelo_robot/meshes
[1.171s] copying meshes/Rueda_izquierda_link.STL -> /home/legacy/youtube_robot/install/modelo_robot/share/modelo_robot/meshes
[1.176s] copying meshes/base_link.STL -> /home/legacy/youtube_robot/install/modelo_robot/share/modelo_robot/meshes
[1.183s] copying meshes/Base_castor_link.STL -> /home/legacy/youtube_robot/install/modelo_robot/share/modelo_robot/meshes
[1.185s] creating /home/legacy/youtube_robot/install/modelo_robot/share/modelo_robot/worlds
[1.185s] copying worlds/world.world -> /home/legacy/youtube_robot/install/modelo_robot/share/modelo_robot/worlds
[1.186s] running install_egg_info
[1.187s] Copying ../../build/modelo_robot/modelo_robot.egg-info to /home/legacy/youtube_robot/install/modelo_robot/lib/python3.8/site-packages/modelo_robot-0.0.0-py3.8.egg-info
[1.188s] running install_scripts
[1.203s] writing list of installed files to '/home/legacy/youtube_robot/build/modelo_robot/install.log'
[1.220s] Invoked command in '/home/legacy/youtube_robot/src/modelo_robot' returned '0': PYTHONPATH=/home/legacy/youtube_robot/install/modelo_robot/lib/python3.8/site-packages:${PYTHONPATH} /usr/bin/python3 setup.py egg_info --egg-base ../../build/modelo_robot build --build-base /home/legacy/youtube_robot/build/modelo_robot/build install --prefix /home/legacy/youtube_robot/install/modelo_robot --record /home/legacy/youtube_robot/build/modelo_robot/install.log --single-version-externally-managed
