[0.581s] DEBUG:colcon:Command line arguments: ['/usr/bin/colcon', 'build']
[0.581s] DEBUG:colcon:Parsed command line arguments: Namespace(allow_overriding=[], ament_cmake_args=None, base_paths=['.'], build_base='build', catkin_cmake_args=None, catkin_skip_building_tests=False, cmake_args=None, cmake_clean_cache=False, cmake_clean_first=False, cmake_force_configure=False, cmake_target=None, cmake_target_skip_unavailable=False, continue_on_error=False, event_handlers=None, executor='parallel', ignore_user_meta=False, install_base='install', log_base=None, log_level=None, main=<bound method BuildVerb.main of <colcon_core.verb.build.BuildVerb object at 0x7fe709dab8e0>>, merge_install=False, metas=['./colcon.meta'], mixin=None, mixin_files=None, mixin_verb=('build',), packages_above=None, packages_above_and_dependencies=None, packages_above_depth=None, packages_end=None, packages_ignore=None, packages_ignore_regex=None, packages_select=None, packages_select_build_failed=False, packages_select_by_dep=None, packages_select_regex=None, packages_select_test_failures=False, packages_skip=None, packages_skip_build_finished=False, packages_skip_by_dep=None, packages_skip_regex=None, packages_skip_test_passed=False, packages_skip_up_to=None, packages_start=None, packages_up_to=None, packages_up_to_regex=None, parallel_workers=8, paths=None, symlink_install=False, test_result_base=None, verb_extension=<colcon_core.verb.build.BuildVerb object at 0x7fe709dab8e0>, verb_name='build', verb_parser=<colcon_mixin.mixin.mixin_argument.MixinArgumentDecorator object at 0x7fe709c53c10>)
[0.659s] Level 1:colcon.colcon_core.package_discovery:discover_packages(colcon_meta) check parameters
[0.659s] Level 1:colcon.colcon_core.package_discovery:discover_packages(recursive) check parameters
[0.659s] Level 1:colcon.colcon_core.package_discovery:discover_packages(ignore) check parameters
[0.659s] Level 1:colcon.colcon_core.package_discovery:discover_packages(path) check parameters
[0.659s] Level 1:colcon.colcon_core.package_discovery:discover_packages(colcon_meta) discover
[0.659s] Level 1:colcon.colcon_core.package_discovery:discover_packages(recursive) discover
[0.659s] INFO:colcon.colcon_core.package_discovery:Crawling recursively for packages in '/home/legacy/youtube_robot'
[0.659s] Level 1:colcon.colcon_core.package_identification:_identify(.) by extensions ['ignore', 'ignore_ament_install']
[0.660s] Level 1:colcon.colcon_core.package_identification:_identify(.) by extension 'ignore'
[0.660s] Level 1:colcon.colcon_core.package_identification:_identify(.) by extension 'ignore_ament_install'
[0.660s] Level 1:colcon.colcon_core.package_identification:_identify(.) by extensions ['colcon_pkg']
[0.660s] Level 1:colcon.colcon_core.package_identification:_identify(.) by extension 'colcon_pkg'
[0.660s] Level 1:colcon.colcon_core.package_identification:_identify(.) by extensions ['colcon_meta']
[0.660s] Level 1:colcon.colcon_core.package_identification:_identify(.) by extension 'colcon_meta'
[0.660s] Level 1:colcon.colcon_core.package_identification:_identify(.) by extensions ['ros']
[0.660s] Level 1:colcon.colcon_core.package_identification:_identify(.) by extension 'ros'
[0.676s] Level 1:colcon.colcon_core.package_identification:_identify(.) by extensions ['cmake', 'python']
[0.676s] Level 1:colcon.colcon_core.package_identification:_identify(.) by extension 'cmake'
[0.676s] Level 1:colcon.colcon_core.package_identification:_identify(.) by extension 'python'
[0.676s] Level 1:colcon.colcon_core.package_identification:_identify(.) by extensions ['python_setup_py']
[0.676s] Level 1:colcon.colcon_core.package_identification:_identify(.) by extension 'python_setup_py'
[0.676s] Level 1:colcon.colcon_core.package_identification:_identify(build) by extensions ['ignore', 'ignore_ament_install']
[0.676s] Level 1:colcon.colcon_core.package_identification:_identify(build) by extension 'ignore'
[0.676s] Level 1:colcon.colcon_core.package_identification:_identify(build) ignored
[0.677s] Level 1:colcon.colcon_core.package_identification:_identify(install) by extensions ['ignore', 'ignore_ament_install']
[0.677s] Level 1:colcon.colcon_core.package_identification:_identify(install) by extension 'ignore'
[0.677s] Level 1:colcon.colcon_core.package_identification:_identify(install) ignored
[0.677s] Level 1:colcon.colcon_core.package_identification:_identify(log) by extensions ['ignore', 'ignore_ament_install']
[0.677s] Level 1:colcon.colcon_core.package_identification:_identify(log) by extension 'ignore'
[0.677s] Level 1:colcon.colcon_core.package_identification:_identify(log) ignored
[0.677s] Level 1:colcon.colcon_core.package_identification:_identify(src) by extensions ['ignore', 'ignore_ament_install']
[0.677s] Level 1:colcon.colcon_core.package_identification:_identify(src) by extension 'ignore'
[0.678s] Level 1:colcon.colcon_core.package_identification:_identify(src) by extension 'ignore_ament_install'
[0.678s] Level 1:colcon.colcon_core.package_identification:_identify(src) by extensions ['colcon_pkg']
[0.678s] Level 1:colcon.colcon_core.package_identification:_identify(src) by extension 'colcon_pkg'
[0.678s] Level 1:colcon.colcon_core.package_identification:_identify(src) by extensions ['colcon_meta']
[0.678s] Level 1:colcon.colcon_core.package_identification:_identify(src) by extension 'colcon_meta'
[0.678s] Level 1:colcon.colcon_core.package_identification:_identify(src) by extensions ['ros']
[0.678s] Level 1:colcon.colcon_core.package_identification:_identify(src) by extension 'ros'
[0.678s] Level 1:colcon.colcon_core.package_identification:_identify(src) by extensions ['cmake', 'python']
[0.678s] Level 1:colcon.colcon_core.package_identification:_identify(src) by extension 'cmake'
[0.678s] Level 1:colcon.colcon_core.package_identification:_identify(src) by extension 'python'
[0.678s] Level 1:colcon.colcon_core.package_identification:_identify(src) by extensions ['python_setup_py']
[0.678s] Level 1:colcon.colcon_core.package_identification:_identify(src) by extension 'python_setup_py'
[0.678s] Level 1:colcon.colcon_core.package_identification:_identify(src/mapper_pkg) by extensions ['ignore', 'ignore_ament_install']
[0.678s] Level 1:colcon.colcon_core.package_identification:_identify(src/mapper_pkg) by extension 'ignore'
[0.678s] Level 1:colcon.colcon_core.package_identification:_identify(src/mapper_pkg) by extension 'ignore_ament_install'
[0.679s] Level 1:colcon.colcon_core.package_identification:_identify(src/mapper_pkg) by extensions ['colcon_pkg']
[0.679s] Level 1:colcon.colcon_core.package_identification:_identify(src/mapper_pkg) by extension 'colcon_pkg'
[0.679s] Level 1:colcon.colcon_core.package_identification:_identify(src/mapper_pkg) by extensions ['colcon_meta']
[0.679s] Level 1:colcon.colcon_core.package_identification:_identify(src/mapper_pkg) by extension 'colcon_meta'
[0.679s] Level 1:colcon.colcon_core.package_identification:_identify(src/mapper_pkg) by extensions ['ros']
[0.679s] Level 1:colcon.colcon_core.package_identification:_identify(src/mapper_pkg) by extension 'ros'
[0.681s] DEBUG:colcon.colcon_core.package_identification:Package 'src/mapper_pkg' with type 'ros.ament_cmake' and name 'mapper_pkg'
[0.682s] Level 1:colcon.colcon_core.package_identification:_identify(src/modelo_robot) by extensions ['ignore', 'ignore_ament_install']
[0.682s] Level 1:colcon.colcon_core.package_identification:_identify(src/modelo_robot) by extension 'ignore'
[0.682s] Level 1:colcon.colcon_core.package_identification:_identify(src/modelo_robot) by extension 'ignore_ament_install'
[0.682s] Level 1:colcon.colcon_core.package_identification:_identify(src/modelo_robot) by extensions ['colcon_pkg']
[0.682s] Level 1:colcon.colcon_core.package_identification:_identify(src/modelo_robot) by extension 'colcon_pkg'
[0.682s] Level 1:colcon.colcon_core.package_identification:_identify(src/modelo_robot) by extensions ['colcon_meta']
[0.682s] Level 1:colcon.colcon_core.package_identification:_identify(src/modelo_robot) by extension 'colcon_meta'
[0.682s] Level 1:colcon.colcon_core.package_identification:_identify(src/modelo_robot) by extensions ['ros']
[0.682s] Level 1:colcon.colcon_core.package_identification:_identify(src/modelo_robot) by extension 'ros'
[0.683s] DEBUG:colcon.colcon_core.package_identification:Package 'src/modelo_robot' with type 'ros.ament_python' and name 'modelo_robot'
[0.683s] Level 1:colcon.colcon_core.package_identification:_identify(src/pub_sub_cpp) by extensions ['ignore', 'ignore_ament_install']
[0.683s] Level 1:colcon.colcon_core.package_identification:_identify(src/pub_sub_cpp) by extension 'ignore'
[0.683s] Level 1:colcon.colcon_core.package_identification:_identify(src/pub_sub_cpp) by extension 'ignore_ament_install'
[0.683s] Level 1:colcon.colcon_core.package_identification:_identify(src/pub_sub_cpp) by extensions ['colcon_pkg']
[0.683s] Level 1:colcon.colcon_core.package_identification:_identify(src/pub_sub_cpp) by extension 'colcon_pkg'
[0.683s] Level 1:colcon.colcon_core.package_identification:_identify(src/pub_sub_cpp) by extensions ['colcon_meta']
[0.683s] Level 1:colcon.colcon_core.package_identification:_identify(src/pub_sub_cpp) by extension 'colcon_meta'
[0.683s] Level 1:colcon.colcon_core.package_identification:_identify(src/pub_sub_cpp) by extensions ['ros']
[0.683s] Level 1:colcon.colcon_core.package_identification:_identify(src/pub_sub_cpp) by extension 'ros'
[0.683s] Level 1:colcon.colcon_core.package_identification:_identify(src/pub_sub_cpp) by extensions ['cmake', 'python']
[0.683s] Level 1:colcon.colcon_core.package_identification:_identify(src/pub_sub_cpp) by extension 'cmake'
[0.683s] Level 1:colcon.colcon_core.package_identification:_identify(src/pub_sub_cpp) by extension 'python'
[0.684s] Level 1:colcon.colcon_core.package_identification:_identify(src/pub_sub_cpp) by extensions ['python_setup_py']
[0.684s] Level 1:colcon.colcon_core.package_identification:_identify(src/pub_sub_cpp) by extension 'python_setup_py'
[0.684s] Level 1:colcon.colcon_core.package_identification:_identify(src/pub_sub_cpp/include) by extensions ['ignore', 'ignore_ament_install']
[0.684s] Level 1:colcon.colcon_core.package_identification:_identify(src/pub_sub_cpp/include) by extension 'ignore'
[0.684s] Level 1:colcon.colcon_core.package_identification:_identify(src/pub_sub_cpp/include) by extension 'ignore_ament_install'
[0.684s] Level 1:colcon.colcon_core.package_identification:_identify(src/pub_sub_cpp/include) by extensions ['colcon_pkg']
[0.684s] Level 1:colcon.colcon_core.package_identification:_identify(src/pub_sub_cpp/include) by extension 'colcon_pkg'
[0.684s] Level 1:colcon.colcon_core.package_identification:_identify(src/pub_sub_cpp/include) by extensions ['colcon_meta']
[0.684s] Level 1:colcon.colcon_core.package_identification:_identify(src/pub_sub_cpp/include) by extension 'colcon_meta'
[0.684s] Level 1:colcon.colcon_core.package_identification:_identify(src/pub_sub_cpp/include) by extensions ['ros']
[0.684s] Level 1:colcon.colcon_core.package_identification:_identify(src/pub_sub_cpp/include) by extension 'ros'
[0.684s] Level 1:colcon.colcon_core.package_identification:_identify(src/pub_sub_cpp/include) by extensions ['cmake', 'python']
[0.684s] Level 1:colcon.colcon_core.package_identification:_identify(src/pub_sub_cpp/include) by extension 'cmake'
[0.684s] Level 1:colcon.colcon_core.package_identification:_identify(src/pub_sub_cpp/include) by extension 'python'
[0.684s] Level 1:colcon.colcon_core.package_identification:_identify(src/pub_sub_cpp/include) by extensions ['python_setup_py']
[0.684s] Level 1:colcon.colcon_core.package_identification:_identify(src/pub_sub_cpp/include) by extension 'python_setup_py'
[0.684s] Level 1:colcon.colcon_core.package_identification:_identify(src/pub_sub_cpp/include/pub_sub_cpp) by extensions ['ignore', 'ignore_ament_install']
[0.685s] Level 1:colcon.colcon_core.package_identification:_identify(src/pub_sub_cpp/include/pub_sub_cpp) by extension 'ignore'
[0.685s] Level 1:colcon.colcon_core.package_identification:_identify(src/pub_sub_cpp/include/pub_sub_cpp) by extension 'ignore_ament_install'
[0.685s] Level 1:colcon.colcon_core.package_identification:_identify(src/pub_sub_cpp/include/pub_sub_cpp) by extensions ['colcon_pkg']
[0.685s] Level 1:colcon.colcon_core.package_identification:_identify(src/pub_sub_cpp/include/pub_sub_cpp) by extension 'colcon_pkg'
[0.685s] Level 1:colcon.colcon_core.package_identification:_identify(src/pub_sub_cpp/include/pub_sub_cpp) by extensions ['colcon_meta']
[0.685s] Level 1:colcon.colcon_core.package_identification:_identify(src/pub_sub_cpp/include/pub_sub_cpp) by extension 'colcon_meta'
[0.685s] Level 1:colcon.colcon_core.package_identification:_identify(src/pub_sub_cpp/include/pub_sub_cpp) by extensions ['ros']
[0.685s] Level 1:colcon.colcon_core.package_identification:_identify(src/pub_sub_cpp/include/pub_sub_cpp) by extension 'ros'
[0.685s] Level 1:colcon.colcon_core.package_identification:_identify(src/pub_sub_cpp/include/pub_sub_cpp) by extensions ['cmake', 'python']
[0.685s] Level 1:colcon.colcon_core.package_identification:_identify(src/pub_sub_cpp/include/pub_sub_cpp) by extension 'cmake'
[0.685s] Level 1:colcon.colcon_core.package_identification:_identify(src/pub_sub_cpp/include/pub_sub_cpp) by extension 'python'
[0.685s] Level 1:colcon.colcon_core.package_identification:_identify(src/pub_sub_cpp/include/pub_sub_cpp) by extensions ['python_setup_py']
[0.685s] Level 1:colcon.colcon_core.package_identification:_identify(src/pub_sub_cpp/include/pub_sub_cpp) by extension 'python_setup_py'
[0.685s] Level 1:colcon.colcon_core.package_discovery:discover_packages(recursive) using defaults
[0.685s] Level 1:colcon.colcon_core.package_discovery:discover_packages(ignore) discover
[0.685s] Level 1:colcon.colcon_core.package_discovery:discover_packages(ignore) using defaults
[0.685s] Level 1:colcon.colcon_core.package_discovery:discover_packages(path) discover
[0.685s] Level 1:colcon.colcon_core.package_discovery:discover_packages(path) using defaults
[0.717s] Level 1:colcon.colcon_core.package_discovery:discover_packages(prefix_path) check parameters
[0.718s] Level 1:colcon.colcon_core.package_discovery:discover_packages(prefix_path) discover
[0.722s] DEBUG:colcon.colcon_installed_package_information.package_discovery:Found 2 installed packages in /home/legacy/youtube_robot/install
[0.725s] DEBUG:colcon.colcon_installed_package_information.package_discovery:Found 333 installed packages in /opt/ros/foxy
[0.727s] Level 1:colcon.colcon_core.package_discovery:discover_packages(prefix_path) using defaults
[0.818s] Level 5:colcon.colcon_core.verb:set package 'mapper_pkg' build argument 'cmake_args' from command line to 'None'
[0.818s] Level 5:colcon.colcon_core.verb:set package 'mapper_pkg' build argument 'cmake_target' from command line to 'None'
[0.818s] Level 5:colcon.colcon_core.verb:set package 'mapper_pkg' build argument 'cmake_target_skip_unavailable' from command line to 'False'
[0.818s] Level 5:colcon.colcon_core.verb:set package 'mapper_pkg' build argument 'cmake_clean_cache' from command line to 'False'
[0.818s] Level 5:colcon.colcon_core.verb:set package 'mapper_pkg' build argument 'cmake_clean_first' from command line to 'False'
[0.818s] Level 5:colcon.colcon_core.verb:set package 'mapper_pkg' build argument 'cmake_force_configure' from command line to 'False'
[0.818s] Level 5:colcon.colcon_core.verb:set package 'mapper_pkg' build argument 'ament_cmake_args' from command line to 'None'
[0.818s] Level 5:colcon.colcon_core.verb:set package 'mapper_pkg' build argument 'catkin_cmake_args' from command line to 'None'
[0.818s] Level 5:colcon.colcon_core.verb:set package 'mapper_pkg' build argument 'catkin_skip_building_tests' from command line to 'False'
[0.818s] DEBUG:colcon.colcon_core.verb:Building package 'mapper_pkg' with the following arguments: {'ament_cmake_args': None, 'build_base': '/home/legacy/youtube_robot/build/mapper_pkg', 'catkin_cmake_args': None, 'catkin_skip_building_tests': False, 'cmake_args': None, 'cmake_clean_cache': False, 'cmake_clean_first': False, 'cmake_force_configure': False, 'cmake_target': None, 'cmake_target_skip_unavailable': False, 'install_base': '/home/legacy/youtube_robot/install/mapper_pkg', 'merge_install': False, 'path': '/home/legacy/youtube_robot/src/mapper_pkg', 'symlink_install': False, 'test_result_base': None}
[0.821s] Level 5:colcon.colcon_core.verb:set package 'modelo_robot' build argument 'cmake_args' from command line to 'None'
[0.821s] Level 5:colcon.colcon_core.verb:set package 'modelo_robot' build argument 'cmake_target' from command line to 'None'
[0.821s] Level 5:colcon.colcon_core.verb:set package 'modelo_robot' build argument 'cmake_target_skip_unavailable' from command line to 'False'
[0.821s] Level 5:colcon.colcon_core.verb:set package 'modelo_robot' build argument 'cmake_clean_cache' from command line to 'False'
[0.821s] Level 5:colcon.colcon_core.verb:set package 'modelo_robot' build argument 'cmake_clean_first' from command line to 'False'
[0.821s] Level 5:colcon.colcon_core.verb:set package 'modelo_robot' build argument 'cmake_force_configure' from command line to 'False'
[0.821s] Level 5:colcon.colcon_core.verb:set package 'modelo_robot' build argument 'ament_cmake_args' from command line to 'None'
[0.821s] Level 5:colcon.colcon_core.verb:set package 'modelo_robot' build argument 'catkin_cmake_args' from command line to 'None'
[0.821s] Level 5:colcon.colcon_core.verb:set package 'modelo_robot' build argument 'catkin_skip_building_tests' from command line to 'False'
[0.821s] DEBUG:colcon.colcon_core.verb:Building package 'modelo_robot' with the following arguments: {'ament_cmake_args': None, 'build_base': '/home/legacy/youtube_robot/build/modelo_robot', 'catkin_cmake_args': None, 'catkin_skip_building_tests': False, 'cmake_args': None, 'cmake_clean_cache': False, 'cmake_clean_first': False, 'cmake_force_configure': False, 'cmake_target': None, 'cmake_target_skip_unavailable': False, 'install_base': '/home/legacy/youtube_robot/install/modelo_robot', 'merge_install': False, 'path': '/home/legacy/youtube_robot/src/modelo_robot', 'symlink_install': False, 'test_result_base': None}
[0.823s] INFO:colcon.colcon_core.executor:Executing jobs using 'parallel' executor
[0.832s] DEBUG:colcon.colcon_parallel_executor.executor.parallel:run_until_complete
[0.833s] INFO:colcon.colcon_ros.task.ament_cmake.build:Building ROS package in '/home/legacy/youtube_robot/src/mapper_pkg' with build type 'ament_cmake'
[0.833s] INFO:colcon.colcon_cmake.task.cmake.build:Building CMake package in '/home/legacy/youtube_robot/src/mapper_pkg'
[0.840s] INFO:colcon.colcon_core.plugin_system:Skipping extension 'colcon_core.shell.bat': Not used on non-Windows systems
[0.840s] INFO:colcon.colcon_core.shell:Skip shell extension 'powershell' for command environment: Not usable outside of PowerShell
[0.840s] DEBUG:colcon.colcon_core.shell:Skip shell extension 'dsv' for command environment
[0.850s] INFO:colcon.colcon_ros.task.ament_python.build:Building ROS package in '/home/legacy/youtube_robot/src/modelo_robot' with build type 'ament_python'
[0.851s] Level 1:colcon.colcon_core.shell:create_environment_hook('modelo_robot', 'ament_prefix_path')
[0.855s] INFO:colcon.colcon_core.shell:Creating environment hook '/home/legacy/youtube_robot/install/modelo_robot/share/modelo_robot/hook/ament_prefix_path.ps1'
[0.857s] INFO:colcon.colcon_core.shell:Creating environment descriptor '/home/legacy/youtube_robot/install/modelo_robot/share/modelo_robot/hook/ament_prefix_path.dsv'
[0.857s] INFO:colcon.colcon_core.shell:Creating environment hook '/home/legacy/youtube_robot/install/modelo_robot/share/modelo_robot/hook/ament_prefix_path.sh'
[0.861s] INFO:colcon.colcon_core.shell:Skip shell extension 'powershell' for command environment: Not usable outside of PowerShell
[0.861s] DEBUG:colcon.colcon_core.shell:Skip shell extension 'dsv' for command environment
[0.878s] DEBUG:colcon.colcon_core.event_handler.log_command:Invoking command in '/home/legacy/youtube_robot/build/mapper_pkg': CMAKE_PREFIX_PATH=${CMAKE_PREFIX_PATH}:/home/legacy/youtube_robot/install/modelo_robot:/opt/ros/foxy /usr/bin/cmake --build /home/legacy/youtube_robot/build/mapper_pkg -- -j8 -l8
[1.960s] INFO:colcon.colcon_core.task.python.build:Building Python package in '/home/legacy/youtube_robot/src/modelo_robot'
[1.963s] INFO:colcon.colcon_core.shell:Skip shell extension 'powershell' for command environment: Not usable outside of PowerShell
[1.964s] DEBUG:colcon.colcon_core.shell:Skip shell extension 'dsv' for command environment
[1.977s] DEBUG:colcon.colcon_core.event_handler.log_command:Invoked command in '/home/legacy/youtube_robot/build/mapper_pkg' returned '0': CMAKE_PREFIX_PATH=${CMAKE_PREFIX_PATH}:/home/legacy/youtube_robot/install/modelo_robot:/opt/ros/foxy /usr/bin/cmake --build /home/legacy/youtube_robot/build/mapper_pkg -- -j8 -l8
[2.024s] DEBUG:colcon.colcon_core.event_handler.log_command:Invoking command in '/home/legacy/youtube_robot/build/mapper_pkg': CMAKE_PREFIX_PATH=${CMAKE_PREFIX_PATH}:/home/legacy/youtube_robot/install/modelo_robot:/opt/ros/foxy /usr/bin/cmake --install /home/legacy/youtube_robot/build/mapper_pkg
[2.039s] Level 1:colcon.colcon_core.environment:create_environment_scripts_only(mapper_pkg)
[2.049s] DEBUG:colcon.colcon_core.event_handler.log_command:Invoked command in '/home/legacy/youtube_robot/build/mapper_pkg' returned '0': CMAKE_PREFIX_PATH=${CMAKE_PREFIX_PATH}:/home/legacy/youtube_robot/install/modelo_robot:/opt/ros/foxy /usr/bin/cmake --install /home/legacy/youtube_robot/build/mapper_pkg
[2.052s] Level 1:colcon.colcon_core.environment:checking '/home/legacy/youtube_robot/install/mapper_pkg' for CMake module files
[2.053s] Level 1:colcon.colcon_core.environment:checking '/home/legacy/youtube_robot/install/mapper_pkg' for CMake config files
[2.053s] Level 1:colcon.colcon_core.shell:create_environment_hook('mapper_pkg', 'cmake_prefix_path')
[2.057s] INFO:colcon.colcon_core.shell:Creating environment hook '/home/legacy/youtube_robot/install/mapper_pkg/share/mapper_pkg/hook/cmake_prefix_path.ps1'
[2.058s] INFO:colcon.colcon_core.shell:Creating environment descriptor '/home/legacy/youtube_robot/install/mapper_pkg/share/mapper_pkg/hook/cmake_prefix_path.dsv'
[2.058s] INFO:colcon.colcon_core.shell:Creating environment hook '/home/legacy/youtube_robot/install/mapper_pkg/share/mapper_pkg/hook/cmake_prefix_path.sh'
[2.059s] Level 1:colcon.colcon_core.environment:checking '/home/legacy/youtube_robot/install/mapper_pkg/bin'
[2.059s] Level 1:colcon.colcon_core.environment:checking '/home/legacy/youtube_robot/install/mapper_pkg/lib/pkgconfig/mapper_pkg.pc'
[2.059s] Level 1:colcon.colcon_core.environment:checking '/home/legacy/youtube_robot/install/mapper_pkg/lib/python3.8/site-packages'
[2.059s] Level 1:colcon.colcon_core.environment:checking '/home/legacy/youtube_robot/install/mapper_pkg/bin'
[2.064s] INFO:colcon.colcon_core.shell:Creating package script '/home/legacy/youtube_robot/install/mapper_pkg/share/mapper_pkg/package.ps1'
[2.066s] INFO:colcon.colcon_core.shell:Creating package descriptor '/home/legacy/youtube_robot/install/mapper_pkg/share/mapper_pkg/package.dsv'
[2.066s] INFO:colcon.colcon_core.shell:Creating package script '/home/legacy/youtube_robot/install/mapper_pkg/share/mapper_pkg/package.sh'
[2.067s] INFO:colcon.colcon_core.shell:Creating package script '/home/legacy/youtube_robot/install/mapper_pkg/share/mapper_pkg/package.bash'
[2.068s] INFO:colcon.colcon_core.shell:Creating package script '/home/legacy/youtube_robot/install/mapper_pkg/share/mapper_pkg/package.zsh'
[2.069s] Level 1:colcon.colcon_core.environment:create_file_with_runtime_dependencies(/home/legacy/youtube_robot/install/mapper_pkg/share/colcon-core/packages/mapper_pkg)
[2.105s] Level 1:colcon.colcon_core.environment:create_environment_scripts_only(mapper_pkg)
[2.113s] Level 1:colcon.colcon_core.environment:checking '/home/legacy/youtube_robot/install/mapper_pkg' for CMake module files
[2.114s] Level 1:colcon.colcon_core.environment:checking '/home/legacy/youtube_robot/install/mapper_pkg' for CMake config files
[2.115s] Level 1:colcon.colcon_core.shell:create_environment_hook('mapper_pkg', 'cmake_prefix_path')
[2.121s] INFO:colcon.colcon_core.shell:Creating environment hook '/home/legacy/youtube_robot/install/mapper_pkg/share/mapper_pkg/hook/cmake_prefix_path.ps1'
[2.121s] INFO:colcon.colcon_core.shell:Creating environment descriptor '/home/legacy/youtube_robot/install/mapper_pkg/share/mapper_pkg/hook/cmake_prefix_path.dsv'
[2.122s] INFO:colcon.colcon_core.shell:Creating environment hook '/home/legacy/youtube_robot/install/mapper_pkg/share/mapper_pkg/hook/cmake_prefix_path.sh'
[2.123s] Level 1:colcon.colcon_core.environment:checking '/home/legacy/youtube_robot/install/mapper_pkg/bin'
[2.123s] Level 1:colcon.colcon_core.environment:checking '/home/legacy/youtube_robot/install/mapper_pkg/lib/pkgconfig/mapper_pkg.pc'
[2.123s] Level 1:colcon.colcon_core.environment:checking '/home/legacy/youtube_robot/install/mapper_pkg/lib/python3.8/site-packages'
[2.123s] Level 1:colcon.colcon_core.environment:checking '/home/legacy/youtube_robot/install/mapper_pkg/bin'
[2.130s] INFO:colcon.colcon_core.shell:Creating package script '/home/legacy/youtube_robot/install/mapper_pkg/share/mapper_pkg/package.ps1'
[2.131s] INFO:colcon.colcon_core.shell:Creating package descriptor '/home/legacy/youtube_robot/install/mapper_pkg/share/mapper_pkg/package.dsv'
[2.132s] INFO:colcon.colcon_core.shell:Creating package script '/home/legacy/youtube_robot/install/mapper_pkg/share/mapper_pkg/package.sh'
[2.133s] INFO:colcon.colcon_core.shell:Creating package script '/home/legacy/youtube_robot/install/mapper_pkg/share/mapper_pkg/package.bash'
[2.133s] INFO:colcon.colcon_core.shell:Creating package script '/home/legacy/youtube_robot/install/mapper_pkg/share/mapper_pkg/package.zsh'
[2.134s] Level 1:colcon.colcon_core.environment:create_file_with_runtime_dependencies(/home/legacy/youtube_robot/install/mapper_pkg/share/colcon-core/packages/mapper_pkg)
[3.588s] DEBUG:colcon.colcon_core.event_handler.log_command:Invoking command in '/home/legacy/youtube_robot/src/modelo_robot': PYTHONPATH=/home/legacy/youtube_robot/install/modelo_robot/lib/python3.8/site-packages:${PYTHONPATH} /usr/bin/python3 setup.py egg_info --egg-base ../../build/modelo_robot build --build-base /home/legacy/youtube_robot/build/modelo_robot/build install --prefix /home/legacy/youtube_robot/install/modelo_robot --record /home/legacy/youtube_robot/build/modelo_robot/install.log --single-version-externally-managed
[5.991s] Level 1:colcon.colcon_core.environment:checking '/home/legacy/youtube_robot/install/modelo_robot' for CMake module files
[5.991s] DEBUG:colcon.colcon_core.event_handler.log_command:Invoked command in '/home/legacy/youtube_robot/src/modelo_robot' returned '0': PYTHONPATH=/home/legacy/youtube_robot/install/modelo_robot/lib/python3.8/site-packages:${PYTHONPATH} /usr/bin/python3 setup.py egg_info --egg-base ../../build/modelo_robot build --build-base /home/legacy/youtube_robot/build/modelo_robot/build install --prefix /home/legacy/youtube_robot/install/modelo_robot --record /home/legacy/youtube_robot/build/modelo_robot/install.log --single-version-externally-managed
[5.992s] Level 1:colcon.colcon_core.environment:checking '/home/legacy/youtube_robot/install/modelo_robot' for CMake config files
[5.993s] Level 1:colcon.colcon_core.environment:checking '/home/legacy/youtube_robot/install/modelo_robot/lib'
[5.993s] Level 1:colcon.colcon_core.environment:checking '/home/legacy/youtube_robot/install/modelo_robot/bin'
[5.993s] Level 1:colcon.colcon_core.environment:checking '/home/legacy/youtube_robot/install/modelo_robot/lib/pkgconfig/modelo_robot.pc'
[5.994s] Level 1:colcon.colcon_core.environment:checking '/home/legacy/youtube_robot/install/modelo_robot/lib/python3.8/site-packages'
[5.994s] Level 1:colcon.colcon_core.shell:create_environment_hook('modelo_robot', 'pythonpath')
[5.998s] INFO:colcon.colcon_core.shell:Creating environment hook '/home/legacy/youtube_robot/install/modelo_robot/share/modelo_robot/hook/pythonpath.ps1'
[5.999s] INFO:colcon.colcon_core.shell:Creating environment descriptor '/home/legacy/youtube_robot/install/modelo_robot/share/modelo_robot/hook/pythonpath.dsv'
[5.999s] INFO:colcon.colcon_core.shell:Creating environment hook '/home/legacy/youtube_robot/install/modelo_robot/share/modelo_robot/hook/pythonpath.sh'
[6.000s] Level 1:colcon.colcon_core.environment:checking '/home/legacy/youtube_robot/install/modelo_robot/bin'
[6.000s] Level 1:colcon.colcon_core.environment:create_environment_scripts_only(modelo_robot)
[6.003s] INFO:colcon.colcon_core.shell:Creating package script '/home/legacy/youtube_robot/install/modelo_robot/share/modelo_robot/package.ps1'
[6.004s] INFO:colcon.colcon_core.shell:Creating package descriptor '/home/legacy/youtube_robot/install/modelo_robot/share/modelo_robot/package.dsv'
[6.004s] INFO:colcon.colcon_core.shell:Creating package script '/home/legacy/youtube_robot/install/modelo_robot/share/modelo_robot/package.sh'
[6.005s] INFO:colcon.colcon_core.shell:Creating package script '/home/legacy/youtube_robot/install/modelo_robot/share/modelo_robot/package.bash'
[6.005s] INFO:colcon.colcon_core.shell:Creating package script '/home/legacy/youtube_robot/install/modelo_robot/share/modelo_robot/package.zsh'
[6.006s] Level 1:colcon.colcon_core.environment:create_file_with_runtime_dependencies(/home/legacy/youtube_robot/install/modelo_robot/share/colcon-core/packages/modelo_robot)
[6.006s] DEBUG:colcon.colcon_parallel_executor.executor.parallel:closing loop
[6.006s] DEBUG:colcon.colcon_parallel_executor.executor.parallel:loop closed
[6.007s] DEBUG:colcon.colcon_parallel_executor.executor.parallel:run_until_complete finished with '0'
[6.007s] DEBUG:colcon.colcon_core.event_reactor:joining thread
[6.015s] INFO:colcon.colcon_core.plugin_system:Skipping extension 'colcon_notification.desktop_notification.terminal_notifier': Not used on non-Darwin systems
[6.015s] INFO:colcon.colcon_core.plugin_system:Skipping extension 'colcon_notification.desktop_notification.win32': Not used on non-Windows systems
[6.015s] INFO:colcon.colcon_notification.desktop_notification:Sending desktop notification using 'notify2'
[6.031s] DEBUG:colcon.colcon_core.event_reactor:joined thread
[6.035s] INFO:colcon.colcon_core.shell:Creating prefix script '/home/legacy/youtube_robot/install/local_setup.ps1'
[6.036s] INFO:colcon.colcon_core.shell:Creating prefix util module '/home/legacy/youtube_robot/install/_local_setup_util_ps1.py'
[6.037s] INFO:colcon.colcon_core.shell:Creating prefix chain script '/home/legacy/youtube_robot/install/setup.ps1'
[6.039s] INFO:colcon.colcon_core.shell:Creating prefix script '/home/legacy/youtube_robot/install/local_setup.sh'
[6.040s] INFO:colcon.colcon_core.shell:Creating prefix util module '/home/legacy/youtube_robot/install/_local_setup_util_sh.py'
[6.041s] INFO:colcon.colcon_core.shell:Creating prefix chain script '/home/legacy/youtube_robot/install/setup.sh'
[6.043s] INFO:colcon.colcon_core.shell:Creating prefix script '/home/legacy/youtube_robot/install/local_setup.bash'
[6.044s] INFO:colcon.colcon_core.shell:Creating prefix chain script '/home/legacy/youtube_robot/install/setup.bash'
[6.046s] INFO:colcon.colcon_core.shell:Creating prefix script '/home/legacy/youtube_robot/install/local_setup.zsh'
[6.046s] INFO:colcon.colcon_core.shell:Creating prefix chain script '/home/legacy/youtube_robot/install/setup.zsh'
