[2.710s] Invoking command in '/home/legacy/youtube_robot/src/publicador_python': AMENT_PREFIX_PATH=/home/legacy/youtube_robot/install/modelo_robot:${AMENT_PREFIX_PATH} PYTHONPATH=/home/legacy/youtube_robot/install/publicador_python/lib/python3.8/site-packages:/home/legacy/youtube_robot/install/modelo_robot/lib/python3.8/site-packages:${PYTHONPATH} /usr/bin/python3 setup.py egg_info --egg-base ../../build/publicador_python build --build-base /home/legacy/youtube_robot/build/publicador_python/build install --prefix /home/legacy/youtube_robot/install/publicador_python --record /home/legacy/youtube_robot/build/publicador_python/install.log --single-version-externally-managed
[3.061s] /home/legacy/.local/lib/python3.8/site-packages/setuptools/dist.py:772: UserWarning: Usage of dash-separated 'script-dir' will not be supported in future versions. Please use the underscore name 'script_dir' instead
[3.061s]   warnings.warn(
[3.061s] /home/legacy/.local/lib/python3.8/site-packages/setuptools/dist.py:772: UserWarning: Usage of dash-separated 'install-scripts' will not be supported in future versions. Please use the underscore name 'install_scripts' instead
[3.061s]   warnings.warn(
[3.779s] running egg_info
[3.851s] writing ../../build/publicador_python/publicador_python.egg-info/PKG-INFO
[3.903s] writing dependency_links to ../../build/publicador_python/publicador_python.egg-info/dependency_links.txt
[4.072s] writing entry points to ../../build/publicador_python/publicador_python.egg-info/entry_points.txt
[4.180s] writing requirements to ../../build/publicador_python/publicador_python.egg-info/requires.txt
[4.235s] writing top-level names to ../../build/publicador_python/publicador_python.egg-info/top_level.txt
[4.321s] reading manifest file '../../build/publicador_python/publicador_python.egg-info/SOURCES.txt'
[4.322s] writing manifest file '../../build/publicador_python/publicador_python.egg-info/SOURCES.txt'
[4.323s] running build
[4.323s] running build_py
[4.323s] running install
[4.323s] /home/legacy/.local/lib/python3.8/site-packages/setuptools/command/install.py:34: SetuptoolsDeprecationWarning: setup.py install is deprecated. Use build and pip and other standards-based tools.
[4.323s]   warnings.warn(
[4.329s] running install_lib
[4.407s] running install_data
[4.423s] running install_egg_info
[4.493s] removing '/home/legacy/youtube_robot/install/publicador_python/lib/python3.8/site-packages/publicador_python-0.0.0-py3.8.egg-info' (and everything under it)
[4.493s] Copying ../../build/publicador_python/publicador_python.egg-info to /home/legacy/youtube_robot/install/publicador_python/lib/python3.8/site-packages/publicador_python-0.0.0-py3.8.egg-info
[4.494s] running install_scripts
[4.623s] Installing publicador_cmd script to /home/legacy/youtube_robot/install/publicador_python/lib/publicador_python
[4.623s] Installing subscriber_odom script to /home/legacy/youtube_robot/install/publicador_python/lib/publicador_python
[4.623s] writing list of installed files to '/home/legacy/youtube_robot/build/publicador_python/install.log'
