[0.435s] DEBUG:colcon:Command line arguments: ['/usr/bin/colcon', 'build']
[0.435s] DEBUG:colcon:Parsed command line arguments: Namespace(allow_overriding=[], ament_cmake_args=None, base_paths=['.'], build_base='build', catkin_cmake_args=None, catkin_skip_building_tests=False, cmake_args=None, cmake_clean_cache=False, cmake_clean_first=False, cmake_force_configure=False, cmake_target=None, cmake_target_skip_unavailable=False, continue_on_error=False, event_handlers=None, executor='parallel', ignore_user_meta=False, install_base='install', log_base=None, log_level=None, main=<bound method BuildVerb.main of <colcon_core.verb.build.BuildVerb object at 0x7f1e83c93af0>>, merge_install=False, metas=['./colcon.meta'], mixin=None, mixin_files=None, mixin_verb=('build',), packages_above=None, packages_above_and_dependencies=None, packages_above_depth=None, packages_end=None, packages_ignore=None, packages_ignore_regex=None, packages_select=None, packages_select_build_failed=False, packages_select_by_dep=None, packages_select_regex=None, packages_select_test_failures=False, packages_skip=None, packages_skip_build_finished=False, packages_skip_by_dep=None, packages_skip_regex=None, packages_skip_test_passed=False, packages_skip_up_to=None, packages_start=None, packages_up_to=None, packages_up_to_regex=None, parallel_workers=8, paths=None, symlink_install=False, test_result_base=None, verb_extension=<colcon_core.verb.build.BuildVerb object at 0x7f1e83c93af0>, verb_name='build', verb_parser=<colcon_mixin.mixin.mixin_argument.MixinArgumentDecorator object at 0x7f1e83b38af0>)
[0.492s] Level 1:colcon.colcon_core.package_discovery:discover_packages(colcon_meta) check parameters
[0.492s] Level 1:colcon.colcon_core.package_discovery:discover_packages(recursive) check parameters
[0.492s] Level 1:colcon.colcon_core.package_discovery:discover_packages(ignore) check parameters
[0.492s] Level 1:colcon.colcon_core.package_discovery:discover_packages(path) check parameters
[0.492s] Level 1:colcon.colcon_core.package_discovery:discover_packages(colcon_meta) discover
[0.492s] Level 1:colcon.colcon_core.package_discovery:discover_packages(recursive) discover
[0.492s] INFO:colcon.colcon_core.package_discovery:Crawling recursively for packages in '/home/legacy/youtube_robot'
[0.492s] Level 1:colcon.colcon_core.package_identification:_identify(.) by extensions ['ignore', 'ignore_ament_install']
[0.492s] Level 1:colcon.colcon_core.package_identification:_identify(.) by extension 'ignore'
[0.492s] Level 1:colcon.colcon_core.package_identification:_identify(.) by extension 'ignore_ament_install'
[0.492s] Level 1:colcon.colcon_core.package_identification:_identify(.) by extensions ['colcon_pkg']
[0.493s] Level 1:colcon.colcon_core.package_identification:_identify(.) by extension 'colcon_pkg'
[0.493s] Level 1:colcon.colcon_core.package_identification:_identify(.) by extensions ['colcon_meta']
[0.493s] Level 1:colcon.colcon_core.package_identification:_identify(.) by extension 'colcon_meta'
[0.493s] Level 1:colcon.colcon_core.package_identification:_identify(.) by extensions ['ros']
[0.493s] Level 1:colcon.colcon_core.package_identification:_identify(.) by extension 'ros'
[0.504s] Level 1:colcon.colcon_core.package_identification:_identify(.) by extensions ['cmake', 'python']
[0.505s] Level 1:colcon.colcon_core.package_identification:_identify(.) by extension 'cmake'
[0.505s] Level 1:colcon.colcon_core.package_identification:_identify(.) by extension 'python'
[0.505s] Level 1:colcon.colcon_core.package_identification:_identify(.) by extensions ['python_setup_py']
[0.505s] Level 1:colcon.colcon_core.package_identification:_identify(.) by extension 'python_setup_py'
[0.505s] Level 1:colcon.colcon_core.package_identification:_identify(build) by extensions ['ignore', 'ignore_ament_install']
[0.505s] Level 1:colcon.colcon_core.package_identification:_identify(build) by extension 'ignore'
[0.505s] Level 1:colcon.colcon_core.package_identification:_identify(build) ignored
[0.505s] Level 1:colcon.colcon_core.package_identification:_identify(install) by extensions ['ignore', 'ignore_ament_install']
[0.505s] Level 1:colcon.colcon_core.package_identification:_identify(install) by extension 'ignore'
[0.505s] Level 1:colcon.colcon_core.package_identification:_identify(install) ignored
[0.505s] Level 1:colcon.colcon_core.package_identification:_identify(log) by extensions ['ignore', 'ignore_ament_install']
[0.505s] Level 1:colcon.colcon_core.package_identification:_identify(log) by extension 'ignore'
[0.505s] Level 1:colcon.colcon_core.package_identification:_identify(log) ignored
[0.505s] Level 1:colcon.colcon_core.package_identification:_identify(src) by extensions ['ignore', 'ignore_ament_install']
[0.506s] Level 1:colcon.colcon_core.package_identification:_identify(src) by extension 'ignore'
[0.506s] Level 1:colcon.colcon_core.package_identification:_identify(src) by extension 'ignore_ament_install'
[0.506s] Level 1:colcon.colcon_core.package_identification:_identify(src) by extensions ['colcon_pkg']
[0.506s] Level 1:colcon.colcon_core.package_identification:_identify(src) by extension 'colcon_pkg'
[0.506s] Level 1:colcon.colcon_core.package_identification:_identify(src) by extensions ['colcon_meta']
[0.506s] Level 1:colcon.colcon_core.package_identification:_identify(src) by extension 'colcon_meta'
[0.506s] Level 1:colcon.colcon_core.package_identification:_identify(src) by extensions ['ros']
[0.506s] Level 1:colcon.colcon_core.package_identification:_identify(src) by extension 'ros'
[0.506s] Level 1:colcon.colcon_core.package_identification:_identify(src) by extensions ['cmake', 'python']
[0.506s] Level 1:colcon.colcon_core.package_identification:_identify(src) by extension 'cmake'
[0.506s] Level 1:colcon.colcon_core.package_identification:_identify(src) by extension 'python'
[0.506s] Level 1:colcon.colcon_core.package_identification:_identify(src) by extensions ['python_setup_py']
[0.506s] Level 1:colcon.colcon_core.package_identification:_identify(src) by extension 'python_setup_py'
[0.506s] Level 1:colcon.colcon_core.package_identification:_identify(src/modelo_robot) by extensions ['ignore', 'ignore_ament_install']
[0.506s] Level 1:colcon.colcon_core.package_identification:_identify(src/modelo_robot) by extension 'ignore'
[0.506s] Level 1:colcon.colcon_core.package_identification:_identify(src/modelo_robot) by extension 'ignore_ament_install'
[0.506s] Level 1:colcon.colcon_core.package_identification:_identify(src/modelo_robot) by extensions ['colcon_pkg']
[0.506s] Level 1:colcon.colcon_core.package_identification:_identify(src/modelo_robot) by extension 'colcon_pkg'
[0.506s] Level 1:colcon.colcon_core.package_identification:_identify(src/modelo_robot) by extensions ['colcon_meta']
[0.506s] Level 1:colcon.colcon_core.package_identification:_identify(src/modelo_robot) by extension 'colcon_meta'
[0.506s] Level 1:colcon.colcon_core.package_identification:_identify(src/modelo_robot) by extensions ['ros']
[0.506s] Level 1:colcon.colcon_core.package_identification:_identify(src/modelo_robot) by extension 'ros'
[0.508s] DEBUG:colcon.colcon_core.package_identification:Package 'src/modelo_robot' with type 'ros.ament_python' and name 'modelo_robot'
[0.508s] Level 1:colcon.colcon_core.package_identification:_identify(src/pub_sub_cpp) by extensions ['ignore', 'ignore_ament_install']
[0.508s] Level 1:colcon.colcon_core.package_identification:_identify(src/pub_sub_cpp) by extension 'ignore'
[0.509s] Level 1:colcon.colcon_core.package_identification:_identify(src/pub_sub_cpp) by extension 'ignore_ament_install'
[0.509s] Level 1:colcon.colcon_core.package_identification:_identify(src/pub_sub_cpp) by extensions ['colcon_pkg']
[0.509s] Level 1:colcon.colcon_core.package_identification:_identify(src/pub_sub_cpp) by extension 'colcon_pkg'
[0.509s] Level 1:colcon.colcon_core.package_identification:_identify(src/pub_sub_cpp) by extensions ['colcon_meta']
[0.509s] Level 1:colcon.colcon_core.package_identification:_identify(src/pub_sub_cpp) by extension 'colcon_meta'
[0.509s] Level 1:colcon.colcon_core.package_identification:_identify(src/pub_sub_cpp) by extensions ['ros']
[0.509s] Level 1:colcon.colcon_core.package_identification:_identify(src/pub_sub_cpp) by extension 'ros'
[0.509s] DEBUG:colcon.colcon_core.package_identification:Package 'src/pub_sub_cpp' with type 'ros.ament_cmake' and name 'pub_sub_cpp'
[0.509s] Level 1:colcon.colcon_core.package_identification:_identify(src/publicador_python) by extensions ['ignore', 'ignore_ament_install']
[0.509s] Level 1:colcon.colcon_core.package_identification:_identify(src/publicador_python) by extension 'ignore'
[0.509s] Level 1:colcon.colcon_core.package_identification:_identify(src/publicador_python) by extension 'ignore_ament_install'
[0.509s] Level 1:colcon.colcon_core.package_identification:_identify(src/publicador_python) by extensions ['colcon_pkg']
[0.509s] Level 1:colcon.colcon_core.package_identification:_identify(src/publicador_python) by extension 'colcon_pkg'
[0.510s] Level 1:colcon.colcon_core.package_identification:_identify(src/publicador_python) by extensions ['colcon_meta']
[0.510s] Level 1:colcon.colcon_core.package_identification:_identify(src/publicador_python) by extension 'colcon_meta'
[0.510s] Level 1:colcon.colcon_core.package_identification:_identify(src/publicador_python) by extensions ['ros']
[0.510s] Level 1:colcon.colcon_core.package_identification:_identify(src/publicador_python) by extension 'ros'
[0.510s] DEBUG:colcon.colcon_core.package_identification:Package 'src/publicador_python' with type 'ros.ament_python' and name 'publicador_python'
[0.510s] Level 1:colcon.colcon_core.package_discovery:discover_packages(recursive) using defaults
[0.510s] Level 1:colcon.colcon_core.package_discovery:discover_packages(ignore) discover
[0.510s] Level 1:colcon.colcon_core.package_discovery:discover_packages(ignore) using defaults
[0.510s] Level 1:colcon.colcon_core.package_discovery:discover_packages(path) discover
[0.510s] Level 1:colcon.colcon_core.package_discovery:discover_packages(path) using defaults
[0.533s] Level 1:colcon.colcon_core.package_discovery:discover_packages(prefix_path) check parameters
[0.533s] Level 1:colcon.colcon_core.package_discovery:discover_packages(prefix_path) discover
[0.538s] DEBUG:colcon.colcon_installed_package_information.package_discovery:Found 333 installed packages in /opt/ros/foxy
[0.539s] Level 1:colcon.colcon_core.package_discovery:discover_packages(prefix_path) using defaults
[0.616s] Level 5:colcon.colcon_core.verb:set package 'modelo_robot' build argument 'cmake_args' from command line to 'None'
[0.616s] Level 5:colcon.colcon_core.verb:set package 'modelo_robot' build argument 'cmake_target' from command line to 'None'
[0.616s] Level 5:colcon.colcon_core.verb:set package 'modelo_robot' build argument 'cmake_target_skip_unavailable' from command line to 'False'
[0.616s] Level 5:colcon.colcon_core.verb:set package 'modelo_robot' build argument 'cmake_clean_cache' from command line to 'False'
[0.616s] Level 5:colcon.colcon_core.verb:set package 'modelo_robot' build argument 'cmake_clean_first' from command line to 'False'
[0.616s] Level 5:colcon.colcon_core.verb:set package 'modelo_robot' build argument 'cmake_force_configure' from command line to 'False'
[0.616s] Level 5:colcon.colcon_core.verb:set package 'modelo_robot' build argument 'ament_cmake_args' from command line to 'None'
[0.616s] Level 5:colcon.colcon_core.verb:set package 'modelo_robot' build argument 'catkin_cmake_args' from command line to 'None'
[0.616s] Level 5:colcon.colcon_core.verb:set package 'modelo_robot' build argument 'catkin_skip_building_tests' from command line to 'False'
[0.616s] DEBUG:colcon.colcon_core.verb:Building package 'modelo_robot' with the following arguments: {'ament_cmake_args': None, 'build_base': '/home/legacy/youtube_robot/build/modelo_robot', 'catkin_cmake_args': None, 'catkin_skip_building_tests': False, 'cmake_args': None, 'cmake_clean_cache': False, 'cmake_clean_first': False, 'cmake_force_configure': False, 'cmake_target': None, 'cmake_target_skip_unavailable': False, 'install_base': '/home/legacy/youtube_robot/install/modelo_robot', 'merge_install': False, 'path': '/home/legacy/youtube_robot/src/modelo_robot', 'symlink_install': False, 'test_result_base': None}
[0.618s] Level 5:colcon.colcon_core.verb:set package 'pub_sub_cpp' build argument 'cmake_args' from command line to 'None'
[0.618s] Level 5:colcon.colcon_core.verb:set package 'pub_sub_cpp' build argument 'cmake_target' from command line to 'None'
[0.618s] Level 5:colcon.colcon_core.verb:set package 'pub_sub_cpp' build argument 'cmake_target_skip_unavailable' from command line to 'False'
[0.618s] Level 5:colcon.colcon_core.verb:set package 'pub_sub_cpp' build argument 'cmake_clean_cache' from command line to 'False'
[0.618s] Level 5:colcon.colcon_core.verb:set package 'pub_sub_cpp' build argument 'cmake_clean_first' from command line to 'False'
[0.618s] Level 5:colcon.colcon_core.verb:set package 'pub_sub_cpp' build argument 'cmake_force_configure' from command line to 'False'
[0.618s] Level 5:colcon.colcon_core.verb:set package 'pub_sub_cpp' build argument 'ament_cmake_args' from command line to 'None'
[0.618s] Level 5:colcon.colcon_core.verb:set package 'pub_sub_cpp' build argument 'catkin_cmake_args' from command line to 'None'
[0.618s] Level 5:colcon.colcon_core.verb:set package 'pub_sub_cpp' build argument 'catkin_skip_building_tests' from command line to 'False'
[0.618s] DEBUG:colcon.colcon_core.verb:Building package 'pub_sub_cpp' with the following arguments: {'ament_cmake_args': None, 'build_base': '/home/legacy/youtube_robot/build/pub_sub_cpp', 'catkin_cmake_args': None, 'catkin_skip_building_tests': False, 'cmake_args': None, 'cmake_clean_cache': False, 'cmake_clean_first': False, 'cmake_force_configure': False, 'cmake_target': None, 'cmake_target_skip_unavailable': False, 'install_base': '/home/legacy/youtube_robot/install/pub_sub_cpp', 'merge_install': False, 'path': '/home/legacy/youtube_robot/src/pub_sub_cpp', 'symlink_install': False, 'test_result_base': None}
[0.619s] Level 5:colcon.colcon_core.verb:set package 'publicador_python' build argument 'cmake_args' from command line to 'None'
[0.619s] Level 5:colcon.colcon_core.verb:set package 'publicador_python' build argument 'cmake_target' from command line to 'None'
[0.619s] Level 5:colcon.colcon_core.verb:set package 'publicador_python' build argument 'cmake_target_skip_unavailable' from command line to 'False'
[0.619s] Level 5:colcon.colcon_core.verb:set package 'publicador_python' build argument 'cmake_clean_cache' from command line to 'False'
[0.619s] Level 5:colcon.colcon_core.verb:set package 'publicador_python' build argument 'cmake_clean_first' from command line to 'False'
[0.619s] Level 5:colcon.colcon_core.verb:set package 'publicador_python' build argument 'cmake_force_configure' from command line to 'False'
[0.619s] Level 5:colcon.colcon_core.verb:set package 'publicador_python' build argument 'ament_cmake_args' from command line to 'None'
[0.619s] Level 5:colcon.colcon_core.verb:set package 'publicador_python' build argument 'catkin_cmake_args' from command line to 'None'
[0.619s] Level 5:colcon.colcon_core.verb:set package 'publicador_python' build argument 'catkin_skip_building_tests' from command line to 'False'
[0.619s] DEBUG:colcon.colcon_core.verb:Building package 'publicador_python' with the following arguments: {'ament_cmake_args': None, 'build_base': '/home/legacy/youtube_robot/build/publicador_python', 'catkin_cmake_args': None, 'catkin_skip_building_tests': False, 'cmake_args': None, 'cmake_clean_cache': False, 'cmake_clean_first': False, 'cmake_force_configure': False, 'cmake_target': None, 'cmake_target_skip_unavailable': False, 'install_base': '/home/legacy/youtube_robot/install/publicador_python', 'merge_install': False, 'path': '/home/legacy/youtube_robot/src/publicador_python', 'symlink_install': False, 'test_result_base': None}
[0.621s] INFO:colcon.colcon_core.executor:Executing jobs using 'parallel' executor
[0.628s] DEBUG:colcon.colcon_parallel_executor.executor.parallel:run_until_complete
[0.628s] INFO:colcon.colcon_ros.task.ament_python.build:Building ROS package in '/home/legacy/youtube_robot/src/modelo_robot' with build type 'ament_python'
[0.628s] Level 1:colcon.colcon_core.shell:create_environment_hook('modelo_robot', 'ament_prefix_path')
[0.633s] INFO:colcon.colcon_core.plugin_system:Skipping extension 'colcon_core.shell.bat': Not used on non-Windows systems
[0.634s] INFO:colcon.colcon_core.shell:Creating environment hook '/home/legacy/youtube_robot/install/modelo_robot/share/modelo_robot/hook/ament_prefix_path.ps1'
[0.634s] INFO:colcon.colcon_core.shell:Creating environment descriptor '/home/legacy/youtube_robot/install/modelo_robot/share/modelo_robot/hook/ament_prefix_path.dsv'
[0.634s] INFO:colcon.colcon_core.shell:Creating environment hook '/home/legacy/youtube_robot/install/modelo_robot/share/modelo_robot/hook/ament_prefix_path.sh'
[0.637s] INFO:colcon.colcon_core.shell:Skip shell extension 'powershell' for command environment: Not usable outside of PowerShell
[0.637s] DEBUG:colcon.colcon_core.shell:Skip shell extension 'dsv' for command environment
[0.643s] INFO:colcon.colcon_ros.task.ament_cmake.build:Building ROS package in '/home/legacy/youtube_robot/src/pub_sub_cpp' with build type 'ament_cmake'
[0.643s] INFO:colcon.colcon_cmake.task.cmake.build:Building CMake package in '/home/legacy/youtube_robot/src/pub_sub_cpp'
[0.646s] INFO:colcon.colcon_core.shell:Skip shell extension 'powershell' for command environment: Not usable outside of PowerShell
[0.646s] DEBUG:colcon.colcon_core.shell:Skip shell extension 'dsv' for command environment
[1.399s] INFO:colcon.colcon_core.task.python.build:Building Python package in '/home/legacy/youtube_robot/src/modelo_robot'
[1.402s] INFO:colcon.colcon_core.shell:Skip shell extension 'powershell' for command environment: Not usable outside of PowerShell
[1.403s] DEBUG:colcon.colcon_core.shell:Skip shell extension 'dsv' for command environment
[1.411s] DEBUG:colcon.colcon_core.event_handler.log_command:Invoking command in '/home/legacy/youtube_robot/build/pub_sub_cpp': CMAKE_PREFIX_PATH=/opt/ros/foxy /usr/bin/cmake --build /home/legacy/youtube_robot/build/pub_sub_cpp -- -j8 -l8
[1.488s] DEBUG:colcon.colcon_core.event_handler.log_command:Invoked command in '/home/legacy/youtube_robot/build/pub_sub_cpp' returned '0': CMAKE_PREFIX_PATH=/opt/ros/foxy /usr/bin/cmake --build /home/legacy/youtube_robot/build/pub_sub_cpp -- -j8 -l8
[1.524s] DEBUG:colcon.colcon_core.event_handler.log_command:Invoking command in '/home/legacy/youtube_robot/build/pub_sub_cpp': CMAKE_PREFIX_PATH=/opt/ros/foxy /usr/bin/cmake --install /home/legacy/youtube_robot/build/pub_sub_cpp
[1.536s] Level 1:colcon.colcon_core.environment:create_environment_scripts_only(pub_sub_cpp)
[1.541s] DEBUG:colcon.colcon_core.event_handler.log_command:Invoked command in '/home/legacy/youtube_robot/build/pub_sub_cpp' returned '0': CMAKE_PREFIX_PATH=/opt/ros/foxy /usr/bin/cmake --install /home/legacy/youtube_robot/build/pub_sub_cpp
[1.546s] Level 1:colcon.colcon_core.environment:checking '/home/legacy/youtube_robot/install/pub_sub_cpp' for CMake module files
[1.547s] Level 1:colcon.colcon_core.environment:checking '/home/legacy/youtube_robot/install/pub_sub_cpp' for CMake config files
[1.547s] Level 1:colcon.colcon_core.shell:create_environment_hook('pub_sub_cpp', 'cmake_prefix_path')
[1.550s] INFO:colcon.colcon_core.shell:Creating environment hook '/home/legacy/youtube_robot/install/pub_sub_cpp/share/pub_sub_cpp/hook/cmake_prefix_path.ps1'
[1.550s] INFO:colcon.colcon_core.shell:Creating environment descriptor '/home/legacy/youtube_robot/install/pub_sub_cpp/share/pub_sub_cpp/hook/cmake_prefix_path.dsv'
[1.551s] INFO:colcon.colcon_core.shell:Creating environment hook '/home/legacy/youtube_robot/install/pub_sub_cpp/share/pub_sub_cpp/hook/cmake_prefix_path.sh'
[1.551s] Level 1:colcon.colcon_core.environment:checking '/home/legacy/youtube_robot/install/pub_sub_cpp/lib'
[1.552s] Level 1:colcon.colcon_core.environment:checking '/home/legacy/youtube_robot/install/pub_sub_cpp/bin'
[1.552s] Level 1:colcon.colcon_core.environment:checking '/home/legacy/youtube_robot/install/pub_sub_cpp/lib/pkgconfig/pub_sub_cpp.pc'
[1.552s] Level 1:colcon.colcon_core.environment:checking '/home/legacy/youtube_robot/install/pub_sub_cpp/lib/python3.8/site-packages'
[1.552s] Level 1:colcon.colcon_core.environment:checking '/home/legacy/youtube_robot/install/pub_sub_cpp/bin'
[1.555s] INFO:colcon.colcon_core.shell:Creating package script '/home/legacy/youtube_robot/install/pub_sub_cpp/share/pub_sub_cpp/package.ps1'
[1.556s] INFO:colcon.colcon_core.shell:Creating package descriptor '/home/legacy/youtube_robot/install/pub_sub_cpp/share/pub_sub_cpp/package.dsv'
[1.556s] INFO:colcon.colcon_core.shell:Creating package script '/home/legacy/youtube_robot/install/pub_sub_cpp/share/pub_sub_cpp/package.sh'
[1.557s] INFO:colcon.colcon_core.shell:Creating package script '/home/legacy/youtube_robot/install/pub_sub_cpp/share/pub_sub_cpp/package.bash'
[1.558s] INFO:colcon.colcon_core.shell:Creating package script '/home/legacy/youtube_robot/install/pub_sub_cpp/share/pub_sub_cpp/package.zsh'
[1.559s] Level 1:colcon.colcon_core.environment:create_file_with_runtime_dependencies(/home/legacy/youtube_robot/install/pub_sub_cpp/share/colcon-core/packages/pub_sub_cpp)
[1.586s] Level 1:colcon.colcon_core.environment:create_environment_scripts_only(pub_sub_cpp)
[1.590s] Level 1:colcon.colcon_core.environment:checking '/home/legacy/youtube_robot/install/pub_sub_cpp' for CMake module files
[1.590s] Level 1:colcon.colcon_core.environment:checking '/home/legacy/youtube_robot/install/pub_sub_cpp' for CMake config files
[1.591s] Level 1:colcon.colcon_core.shell:create_environment_hook('pub_sub_cpp', 'cmake_prefix_path')
[1.594s] INFO:colcon.colcon_core.shell:Creating environment hook '/home/legacy/youtube_robot/install/pub_sub_cpp/share/pub_sub_cpp/hook/cmake_prefix_path.ps1'
[1.594s] INFO:colcon.colcon_core.shell:Creating environment descriptor '/home/legacy/youtube_robot/install/pub_sub_cpp/share/pub_sub_cpp/hook/cmake_prefix_path.dsv'
[1.594s] INFO:colcon.colcon_core.shell:Creating environment hook '/home/legacy/youtube_robot/install/pub_sub_cpp/share/pub_sub_cpp/hook/cmake_prefix_path.sh'
[1.595s] Level 1:colcon.colcon_core.environment:checking '/home/legacy/youtube_robot/install/pub_sub_cpp/lib'
[1.595s] Level 1:colcon.colcon_core.environment:checking '/home/legacy/youtube_robot/install/pub_sub_cpp/bin'
[1.595s] Level 1:colcon.colcon_core.environment:checking '/home/legacy/youtube_robot/install/pub_sub_cpp/lib/pkgconfig/pub_sub_cpp.pc'
[1.595s] Level 1:colcon.colcon_core.environment:checking '/home/legacy/youtube_robot/install/pub_sub_cpp/lib/python3.8/site-packages'
[1.596s] Level 1:colcon.colcon_core.environment:checking '/home/legacy/youtube_robot/install/pub_sub_cpp/bin'
[1.599s] INFO:colcon.colcon_core.shell:Creating package script '/home/legacy/youtube_robot/install/pub_sub_cpp/share/pub_sub_cpp/package.ps1'
[1.600s] INFO:colcon.colcon_core.shell:Creating package descriptor '/home/legacy/youtube_robot/install/pub_sub_cpp/share/pub_sub_cpp/package.dsv'
[1.600s] INFO:colcon.colcon_core.shell:Creating package script '/home/legacy/youtube_robot/install/pub_sub_cpp/share/pub_sub_cpp/package.sh'
[1.601s] INFO:colcon.colcon_core.shell:Creating package script '/home/legacy/youtube_robot/install/pub_sub_cpp/share/pub_sub_cpp/package.bash'
[1.601s] INFO:colcon.colcon_core.shell:Creating package script '/home/legacy/youtube_robot/install/pub_sub_cpp/share/pub_sub_cpp/package.zsh'
[1.602s] Level 1:colcon.colcon_core.environment:create_file_with_runtime_dependencies(/home/legacy/youtube_robot/install/pub_sub_cpp/share/colcon-core/packages/pub_sub_cpp)
[2.492s] DEBUG:colcon.colcon_core.event_handler.log_command:Invoking command in '/home/legacy/youtube_robot/src/modelo_robot': PYTHONPATH=/home/legacy/youtube_robot/install/modelo_robot/lib/python3.8/site-packages:${PYTHONPATH} /usr/bin/python3 setup.py egg_info --egg-base ../../build/modelo_robot build --build-base /home/legacy/youtube_robot/build/modelo_robot/build install --prefix /home/legacy/youtube_robot/install/modelo_robot --record /home/legacy/youtube_robot/build/modelo_robot/install.log --single-version-externally-managed
[4.204s] Level 1:colcon.colcon_core.environment:checking '/home/legacy/youtube_robot/install/modelo_robot' for CMake module files
[4.205s] DEBUG:colcon.colcon_core.event_handler.log_command:Invoked command in '/home/legacy/youtube_robot/src/modelo_robot' returned '0': PYTHONPATH=/home/legacy/youtube_robot/install/modelo_robot/lib/python3.8/site-packages:${PYTHONPATH} /usr/bin/python3 setup.py egg_info --egg-base ../../build/modelo_robot build --build-base /home/legacy/youtube_robot/build/modelo_robot/build install --prefix /home/legacy/youtube_robot/install/modelo_robot --record /home/legacy/youtube_robot/build/modelo_robot/install.log --single-version-externally-managed
[4.205s] Level 1:colcon.colcon_core.environment:checking '/home/legacy/youtube_robot/install/modelo_robot' for CMake config files
[4.206s] Level 1:colcon.colcon_core.environment:checking '/home/legacy/youtube_robot/install/modelo_robot/lib'
[4.206s] Level 1:colcon.colcon_core.environment:checking '/home/legacy/youtube_robot/install/modelo_robot/bin'
[4.206s] Level 1:colcon.colcon_core.environment:checking '/home/legacy/youtube_robot/install/modelo_robot/lib/pkgconfig/modelo_robot.pc'
[4.206s] Level 1:colcon.colcon_core.environment:checking '/home/legacy/youtube_robot/install/modelo_robot/lib/python3.8/site-packages'
[4.206s] Level 1:colcon.colcon_core.shell:create_environment_hook('modelo_robot', 'pythonpath')
[4.209s] INFO:colcon.colcon_core.shell:Creating environment hook '/home/legacy/youtube_robot/install/modelo_robot/share/modelo_robot/hook/pythonpath.ps1'
[4.209s] INFO:colcon.colcon_core.shell:Creating environment descriptor '/home/legacy/youtube_robot/install/modelo_robot/share/modelo_robot/hook/pythonpath.dsv'
[4.210s] INFO:colcon.colcon_core.shell:Creating environment hook '/home/legacy/youtube_robot/install/modelo_robot/share/modelo_robot/hook/pythonpath.sh'
[4.210s] Level 1:colcon.colcon_core.environment:checking '/home/legacy/youtube_robot/install/modelo_robot/bin'
[4.210s] Level 1:colcon.colcon_core.environment:create_environment_scripts_only(modelo_robot)
[4.213s] INFO:colcon.colcon_core.shell:Creating package script '/home/legacy/youtube_robot/install/modelo_robot/share/modelo_robot/package.ps1'
[4.213s] INFO:colcon.colcon_core.shell:Creating package descriptor '/home/legacy/youtube_robot/install/modelo_robot/share/modelo_robot/package.dsv'
[4.213s] INFO:colcon.colcon_core.shell:Creating package script '/home/legacy/youtube_robot/install/modelo_robot/share/modelo_robot/package.sh'
[4.214s] INFO:colcon.colcon_core.shell:Creating package script '/home/legacy/youtube_robot/install/modelo_robot/share/modelo_robot/package.bash'
[4.214s] INFO:colcon.colcon_core.shell:Creating package script '/home/legacy/youtube_robot/install/modelo_robot/share/modelo_robot/package.zsh'
[4.214s] Level 1:colcon.colcon_core.environment:create_file_with_runtime_dependencies(/home/legacy/youtube_robot/install/modelo_robot/share/colcon-core/packages/modelo_robot)
[4.215s] INFO:colcon.colcon_ros.task.ament_python.build:Building ROS package in '/home/legacy/youtube_robot/src/publicador_python' with build type 'ament_python'
[4.215s] Level 1:colcon.colcon_core.shell:create_environment_hook('publicador_python', 'ament_prefix_path')
[4.217s] INFO:colcon.colcon_core.shell:Creating environment hook '/home/legacy/youtube_robot/install/publicador_python/share/publicador_python/hook/ament_prefix_path.ps1'
[4.218s] INFO:colcon.colcon_core.shell:Creating environment descriptor '/home/legacy/youtube_robot/install/publicador_python/share/publicador_python/hook/ament_prefix_path.dsv'
[4.218s] INFO:colcon.colcon_core.shell:Creating environment hook '/home/legacy/youtube_robot/install/publicador_python/share/publicador_python/hook/ament_prefix_path.sh'
[4.221s] INFO:colcon.colcon_core.shell:Skip shell extension 'powershell' for command environment: Not usable outside of PowerShell
[4.221s] DEBUG:colcon.colcon_core.shell:Skip shell extension 'dsv' for command environment
[5.071s] INFO:colcon.colcon_core.task.python.build:Building Python package in '/home/legacy/youtube_robot/src/publicador_python'
[5.074s] INFO:colcon.colcon_core.shell:Skip shell extension 'powershell' for command environment: Not usable outside of PowerShell
[5.074s] DEBUG:colcon.colcon_core.shell:Skip shell extension 'dsv' for command environment
[6.119s] DEBUG:colcon.colcon_core.event_handler.log_command:Invoking command in '/home/legacy/youtube_robot/src/publicador_python': AMENT_PREFIX_PATH=/home/legacy/youtube_robot/install/modelo_robot:${AMENT_PREFIX_PATH} PYTHONPATH=/home/legacy/youtube_robot/install/publicador_python/lib/python3.8/site-packages:/home/legacy/youtube_robot/install/modelo_robot/lib/python3.8/site-packages:${PYTHONPATH} /usr/bin/python3 setup.py egg_info --egg-base ../../build/publicador_python build --build-base /home/legacy/youtube_robot/build/publicador_python/build install --prefix /home/legacy/youtube_robot/install/publicador_python --record /home/legacy/youtube_robot/build/publicador_python/install.log --single-version-externally-managed
[7.832s] Level 1:colcon.colcon_core.environment:checking '/home/legacy/youtube_robot/install/publicador_python' for CMake module files
[7.833s] DEBUG:colcon.colcon_core.event_handler.log_command:Invoked command in '/home/legacy/youtube_robot/src/publicador_python' returned '0': AMENT_PREFIX_PATH=/home/legacy/youtube_robot/install/modelo_robot:${AMENT_PREFIX_PATH} PYTHONPATH=/home/legacy/youtube_robot/install/publicador_python/lib/python3.8/site-packages:/home/legacy/youtube_robot/install/modelo_robot/lib/python3.8/site-packages:${PYTHONPATH} /usr/bin/python3 setup.py egg_info --egg-base ../../build/publicador_python build --build-base /home/legacy/youtube_robot/build/publicador_python/build install --prefix /home/legacy/youtube_robot/install/publicador_python --record /home/legacy/youtube_robot/build/publicador_python/install.log --single-version-externally-managed
[7.833s] Level 1:colcon.colcon_core.environment:checking '/home/legacy/youtube_robot/install/publicador_python' for CMake config files
[7.833s] Level 1:colcon.colcon_core.environment:checking '/home/legacy/youtube_robot/install/publicador_python/lib'
[7.833s] Level 1:colcon.colcon_core.environment:checking '/home/legacy/youtube_robot/install/publicador_python/bin'
[7.833s] Level 1:colcon.colcon_core.environment:checking '/home/legacy/youtube_robot/install/publicador_python/lib/pkgconfig/publicador_python.pc'
[7.834s] Level 1:colcon.colcon_core.environment:checking '/home/legacy/youtube_robot/install/publicador_python/lib/python3.8/site-packages'
[7.834s] Level 1:colcon.colcon_core.shell:create_environment_hook('publicador_python', 'pythonpath')
[7.836s] INFO:colcon.colcon_core.shell:Creating environment hook '/home/legacy/youtube_robot/install/publicador_python/share/publicador_python/hook/pythonpath.ps1'
[7.837s] INFO:colcon.colcon_core.shell:Creating environment descriptor '/home/legacy/youtube_robot/install/publicador_python/share/publicador_python/hook/pythonpath.dsv'
[7.837s] INFO:colcon.colcon_core.shell:Creating environment hook '/home/legacy/youtube_robot/install/publicador_python/share/publicador_python/hook/pythonpath.sh'
[7.837s] Level 1:colcon.colcon_core.environment:checking '/home/legacy/youtube_robot/install/publicador_python/bin'
[7.837s] Level 1:colcon.colcon_core.environment:create_environment_scripts_only(publicador_python)
[7.840s] INFO:colcon.colcon_core.shell:Creating package script '/home/legacy/youtube_robot/install/publicador_python/share/publicador_python/package.ps1'
[7.841s] INFO:colcon.colcon_core.shell:Creating package descriptor '/home/legacy/youtube_robot/install/publicador_python/share/publicador_python/package.dsv'
[7.841s] INFO:colcon.colcon_core.shell:Creating package script '/home/legacy/youtube_robot/install/publicador_python/share/publicador_python/package.sh'
[7.841s] INFO:colcon.colcon_core.shell:Creating package script '/home/legacy/youtube_robot/install/publicador_python/share/publicador_python/package.bash'
[7.842s] INFO:colcon.colcon_core.shell:Creating package script '/home/legacy/youtube_robot/install/publicador_python/share/publicador_python/package.zsh'
[7.842s] Level 1:colcon.colcon_core.environment:create_file_with_runtime_dependencies(/home/legacy/youtube_robot/install/publicador_python/share/colcon-core/packages/publicador_python)
[7.842s] DEBUG:colcon.colcon_parallel_executor.executor.parallel:closing loop
[7.842s] DEBUG:colcon.colcon_parallel_executor.executor.parallel:loop closed
[7.842s] DEBUG:colcon.colcon_parallel_executor.executor.parallel:run_until_complete finished with '0'
[7.842s] DEBUG:colcon.colcon_core.event_reactor:joining thread
[7.850s] INFO:colcon.colcon_core.plugin_system:Skipping extension 'colcon_notification.desktop_notification.terminal_notifier': Not used on non-Darwin systems
[7.850s] INFO:colcon.colcon_core.plugin_system:Skipping extension 'colcon_notification.desktop_notification.win32': Not used on non-Windows systems
[7.850s] INFO:colcon.colcon_notification.desktop_notification:Sending desktop notification using 'notify2'
[7.863s] DEBUG:colcon.colcon_core.event_reactor:joined thread
[7.866s] INFO:colcon.colcon_core.shell:Creating prefix script '/home/legacy/youtube_robot/install/local_setup.ps1'
[7.867s] INFO:colcon.colcon_core.shell:Creating prefix util module '/home/legacy/youtube_robot/install/_local_setup_util_ps1.py'
[7.868s] INFO:colcon.colcon_core.shell:Creating prefix chain script '/home/legacy/youtube_robot/install/setup.ps1'
[7.870s] INFO:colcon.colcon_core.shell:Creating prefix script '/home/legacy/youtube_robot/install/local_setup.sh'
[7.870s] INFO:colcon.colcon_core.shell:Creating prefix util module '/home/legacy/youtube_robot/install/_local_setup_util_sh.py'
[7.871s] INFO:colcon.colcon_core.shell:Creating prefix chain script '/home/legacy/youtube_robot/install/setup.sh'
[7.873s] INFO:colcon.colcon_core.shell:Creating prefix script '/home/legacy/youtube_robot/install/local_setup.bash'
[7.873s] INFO:colcon.colcon_core.shell:Creating prefix chain script '/home/legacy/youtube_robot/install/setup.bash'
[7.875s] INFO:colcon.colcon_core.shell:Creating prefix script '/home/legacy/youtube_robot/install/local_setup.zsh'
[7.875s] INFO:colcon.colcon_core.shell:Creating prefix chain script '/home/legacy/youtube_robot/install/setup.zsh'
