running egg_info
writing ../../build/publicador_python/publicador_python.egg-info/PKG-INFO
writing dependency_links to ../../build/publicador_python/publicador_python.egg-info/dependency_links.txt
writing entry points to ../../build/publicador_python/publicador_python.egg-info/entry_points.txt
writing requirements to ../../build/publicador_python/publicador_python.egg-info/requires.txt
writing top-level names to ../../build/publicador_python/publicador_python.egg-info/top_level.txt
reading manifest file '../../build/publicador_python/publicador_python.egg-info/SOURCES.txt'
writing manifest file '../../build/publicador_python/publicador_python.egg-info/SOURCES.txt'
running build
running build_py
copying publicador_python/subscriber_odom.py -> /home/legacy/youtube_robot/build/publicador_python/build/lib/publicador_python
running install
running install_lib
copying /home/legacy/youtube_robot/build/publicador_python/build/lib/publicador_python/subscriber_odom.py -> /home/legacy/youtube_robot/install/publicador_python/lib/python3.8/site-packages/publicador_python
byte-compiling /home/legacy/youtube_robot/install/publicador_python/lib/python3.8/site-packages/publicador_python/subscriber_odom.py to subscriber_odom.cpython-38.pyc
running install_data
running install_egg_info
removing '/home/legacy/youtube_robot/install/publicador_python/lib/python3.8/site-packages/publicador_python-0.0.0-py3.8.egg-info' (and everything under it)
Copying ../../build/publicador_python/publicador_python.egg-info to /home/legacy/youtube_robot/install/publicador_python/lib/python3.8/site-packages/publicador_python-0.0.0-py3.8.egg-info
running install_scripts
Installing publicador_cmd script to /home/legacy/youtube_robot/install/publicador_python/lib/publicador_python
Installing subscriber_odom script to /home/legacy/youtube_robot/install/publicador_python/lib/publicador_python
writing list of installed files to '/home/legacy/youtube_robot/build/publicador_python/install.log'
