-- The C compiler identification is GNU 9.4.0
-- The CXX compiler identification is GNU 9.4.0
-- Check for working C compiler: /usr/bin/cc
-- Check for working C compiler: /usr/bin/cc -- works
-- Detecting C compiler ABI info
-- Detecting C compiler ABI info - done
-- Detecting C compile features
-- Detecting C compile features - done
-- Check for working CXX compiler: /usr/bin/c++
-- Check for working CXX compiler: /usr/bin/c++ -- works
-- Detecting CXX compiler ABI info
-- Detecting CXX compiler ABI info - done
-- Detecting CXX compile features
-- Detecting CXX compile features - done
-- Found rclcpp: 2.4.1 (/opt/ros/foxy/share/rclcpp/cmake)
-- Found PythonInterp: /usr/bin/python3 (found suitable version "3.8.10", minimum required is "3") 
-- Using PYTHON_EXECUTABLE: /usr/bin/python3
-- Using all available rosidl_typesupport_c: rosidl_typesupport_fastrtps_c;rosidl_typesupport_introspection_c
-- Found rosidl_adapter: 1.2.1 (/opt/ros/foxy/share/rosidl_adapter/cmake)
-- Found OpenSSL: /home/linuxbrew/.linuxbrew/Cellar/openssl@1.1/1.1.1k/lib/libcrypto.so (found version "1.1.1k")  
-- Found FastRTPS: /opt/ros/foxy/include  
-- Using all available rosidl_typesupport_cpp: rosidl_typesupport_fastrtps_cpp;rosidl_typesupport_introspection_cpp
-- Found rmw_implementation_cmake: 1.0.3 (/opt/ros/foxy/share/rmw_implementation_cmake/cmake)
-- Using RMW implementation 'rmw_fastrtps_cpp' as default
-- Looking for pthread.h
-- Looking for pthread.h - found
-- Performing Test CMAKE_HAVE_LIBC_PTHREAD
-- Performing Test CMAKE_HAVE_LIBC_PTHREAD - Failed
-- Looking for pthread_create in pthreads
-- Looking for pthread_create in pthreads - not found
-- Looking for pthread_create in pthread
-- Looking for pthread_create in pthread - found
-- Found Threads: TRUE  
-- Found geometry_msgs: 2.0.5 (/opt/ros/foxy/share/geometry_msgs/cmake)
-- Found ament_lint_auto: 0.9.6 (/opt/ros/foxy/share/ament_lint_auto/cmake)
-- Added test 'copyright' to check source files copyright and LICENSE
-- Added test 'cppcheck' to perform static code analysis on C / C++ code
-- Configured cppcheck include dirs: 
-- Configured cppcheck exclude dirs and/or files: 
-- Added test 'cpplint' to check C / C++ code against the Google style
-- Configured cpplint exclude dirs and/or files: 
-- Added test 'lint_cmake' to check CMake code style
-- Added test 'uncrustify' to check C / C++ code style
-- Configured uncrustify additional arguments: 
-- Added test 'xmllint' to check XML markup files
-- Configuring done
-- Generating done
-- Build files have been written to: /home/legacy/youtube_robot/build/pub_sub_cpp
[35m[1mScanning dependencies of target publicador_movimiento[0m
[ 50%] [32mBuilding CXX object CMakeFiles/publicador_movimiento.dir/src/pub_sub.cpp.o[0m
[100%] [32m[1mLinking CXX executable publicador_movimiento[0m
/home/linuxbrew/.linuxbrew/bin/ld: CMakeFiles/publicador_movimiento.dir/src/pub_sub.cpp.o: in function `rclcpp::create_subscription_factory<nav_msgs::msg::Odometry_<std::allocator<void> >, std::_Bind<void (PublicadorMovimiento::*(PublicadorMovimiento*, std::_Placeholder<1>))(std::shared_ptr<nav_msgs::msg::Odometry_<std::allocator<void> > >) const>, std::allocator<void>, nav_msgs::msg::Odometry_<std::allocator<void> >, rclcpp::Subscription<nav_msgs::msg::Odometry_<std::allocator<void> >, std::allocator<void>, rclcpp::message_memory_strategy::MessageMemoryStrategy<nav_msgs::msg::Odometry_<std::allocator<void> >, std::allocator<void> > >, rclcpp::message_memory_strategy::MessageMemoryStrategy<nav_msgs::msg::Odometry_<std::allocator<void> >, std::allocator<void> > >(std::_Bind<void (PublicadorMovimiento::*(PublicadorMovimiento*, std::_Placeholder<1>))(std::shared_ptr<nav_msgs::msg::Odometry_<std::allocator<void> > >) const>&&, rclcpp::SubscriptionOptionsWithAllocator<std::allocator<void> > const&, rclcpp::message_memory_strategy::MessageMemoryStrategy<nav_msgs::msg::Odometry_<std::allocator<void> >, std::allocator<void> >::SharedPtr, std::shared_ptr<rclcpp::topic_statistics::SubscriptionTopicStatistics<nav_msgs::msg::Odometry_<std::allocator<void> > > >)::{lambda(rclcpp::node_interfaces::NodeBaseInterface*, std::__cxx11::basic_string<char, std::char_traits<char>, std::allocator<char> > const&, rclcpp::QoS const&)#1}::operator()(rclcpp::node_interfaces::NodeBaseInterface*, std::__cxx11::basic_string<char, std::char_traits<char>, std::allocator<char> > const&, rclcpp::QoS const&) const':
pub_sub.cpp:(.text._ZZN6rclcpp27create_subscription_factoryIN8nav_msgs3msg9Odometry_ISaIvEEESt5_BindIFM20PublicadorMovimientoKFvSt10shared_ptrIS5_EEPS7_St12_PlaceholderILi1EEEES4_S5_NS_12SubscriptionIS5_S4_NS_23message_memory_strategy21MessageMemoryStrategyIS5_S4_EEEESK_EENS_19SubscriptionFactoryEOT0_RKNS_32SubscriptionOptionsWithAllocatorIT1_EENT4_9SharedPtrES8_INS_16topic_statistics27SubscriptionTopicStatisticsIT2_EEEENKUlPNS_15node_interfaces17NodeBaseInterfaceERKNSt7__cxx1112basic_stringIcSt11char_traitsIcESaIcEEERKNS_3QoSEE_clES13_S1B_S1E_[_ZZN6rclcpp27create_subscription_factoryIN8nav_msgs3msg9Odometry_ISaIvEEESt5_BindIFM20PublicadorMovimientoKFvSt10shared_ptrIS5_EEPS7_St12_PlaceholderILi1EEEES4_S5_NS_12SubscriptionIS5_S4_NS_23message_memory_strategy21MessageMemoryStrategyIS5_S4_EEEESK_EENS_19SubscriptionFactoryEOT0_RKNS_32SubscriptionOptionsWithAllocatorIT1_EENT4_9SharedPtrES8_INS_16topic_statistics27SubscriptionTopicStatisticsIT2_EEEENKUlPNS_15node_interfaces17NodeBaseInterfaceERKNSt7__cxx1112basic_stringIcSt11char_traitsIcESaIcEEERKNS_3QoSEE_clES13_S1B_S1E_]+0x5c): undefined reference to `rosidl_message_type_support_t const* rosidl_typesupport_cpp::get_message_type_support_handle<nav_msgs::msg::Odometry_<std::allocator<void> > >()'
collect2: error: ld returned 1 exit status
make[2]: *** [CMakeFiles/publicador_movimiento.dir/build.make:136: publicador_movimiento] Error 1
make[1]: *** [CMakeFiles/Makefile2:78: CMakeFiles/publicador_movimiento.dir/all] Error 2
make: *** [Makefile:141: all] Error 2
